/puzzlum-win32.exe/startup ( 1 deep )
/puzzlum-win32.exe/startup/prflblnk ( 2 deep )
/puzzlum-win32.exe/startup/prflset ( 2 deep )
/puzzlum-win32.exe/startup/prflblnk ( 2 deep )
/puzzlum-win32.exe/startup/prflset ( 2 deep )
/puzzlum-win32.exe/startup/prflblnk ( 2 deep )
/puzzlum-win32.exe/startup/prflset ( 2 deep )
/puzzlum-win32.exe/startup/prflblnk ( 2 deep )
/puzzlum-win32.exe/startup/prflset ( 2 deep )
/puzzlum-win32.exe/startup/prflblnk ( 2 deep )
/puzzlum-win32.exe/startup/prflset ( 2 deep )
/puzzlum-win32.exe/startup/prflblnk ( 2 deep )
/puzzlum-win32.exe/startup/prflset ( 2 deep )
/puzzlum-win32.exe/startup/prflblnk ( 2 deep )
/puzzlum-win32.exe/startup/prflset ( 2 deep )
/puzzlum-win32.exe/startup/prflblnk ( 2 deep )
/puzzlum-win32.exe/startup/prflset ( 2 deep )
/puzzlum-win32.exe/startup/prflblnk ( 2 deep )
/puzzlum-win32.exe/startup/prflset ( 2 deep )
/puzzlum-win32.exe/startup/prflblnk ( 2 deep )
/puzzlum-win32.exe/startup/prflset ( 2 deep )
/puzzlum-win32.exe/startup/prflblnk ( 2 deep )
/puzzlum-win32.exe/startup/prflset ( 2 deep )
/puzzlum-win32.exe/startup/prflblnk ( 2 deep )
/puzzlum-win32.exe/startup/prflset ( 2 deep )
/puzzlum-win32.exe/startup/prflblnk ( 2 deep )
/puzzlum-win32.exe/startup/prflset ( 2 deep )
/puzzlum-win32.exe/startup/prflblnk ( 2 deep )
/puzzlum-win32.exe/startup/prflset ( 2 deep )
/puzzlum-win32.exe/startup/prflblnk ( 2 deep )
/puzzlum-win32.exe/startup/prflset ( 2 deep )
/puzzlum-win32.exe/startup/prflblnk ( 2 deep )
/puzzlum-win32.exe/startup/prflset ( 2 deep )
/puzzlum-win32.exe/startup/prflblnk ( 2 deep )
/puzzlum-win32.exe/startup/prflset ( 2 deep )
/puzzlum-win32.exe/startup/prflblnk ( 2 deep )
/puzzlum-win32.exe/startup/prflset ( 2 deep )
/puzzlum-win32.exe/startup/prflblnk ( 2 deep )
/puzzlum-win32.exe/startup/prflset ( 2 deep )
/puzzlum-win32.exe/startup/prflblnk ( 2 deep )
/puzzlum-win32.exe/startup/prflset ( 2 deep )
/puzzlum-win32.exe/startup/prflblnk ( 2 deep )
/puzzlum-win32.exe/startup/prflset ( 2 deep )
/puzzlum-win32.exe/startup/prflblnk ( 2 deep )
/puzzlum-win32.exe/startup/prflset ( 2 deep )
/puzzlum-win32.exe/startup/prflblnk ( 2 deep )
/puzzlum-win32.exe/startup/prflset ( 2 deep )
/puzzlum-win32.exe/startup/prflblnk ( 2 deep )
/puzzlum-win32.exe/startup/prflset ( 2 deep )
/puzzlum-win32.exe/startup/prflblnk ( 2 deep )
/puzzlum-win32.exe/startup/prflset ( 2 deep )
/puzzlum-win32.exe/startup/prflblnk ( 2 deep )
/puzzlum-win32.exe/startup/prflset ( 2 deep )
/puzzlum-win32.exe/startup/prflblnk ( 2 deep )
/puzzlum-win32.exe/startup/prflset ( 2 deep )
/puzzlum-win32.exe/startup/prflblnk ( 2 deep )
/puzzlum-win32.exe/startup/prflset ( 2 deep )
/puzzlum-win32.exe/startup/prflblnk ( 2 deep )
/puzzlum-win32.exe/startup/prflset ( 2 deep )
/puzzlum-win32.exe/startup/prflblnk ( 2 deep )
/puzzlum-win32.exe/startup/prflset ( 2 deep )
/puzzlum-win32.exe/startup/prflblnk ( 2 deep )
/puzzlum-win32.exe/startup/prflset ( 2 deep )
/puzzlum-win32.exe/startup/prflblnk ( 2 deep )
/puzzlum-win32.exe/startup/prflset ( 2 deep )
/puzzlum-win32.exe/startup/prflblnk ( 2 deep )
/puzzlum-win32.exe/startup/prflset ( 2 deep )
/puzzlum-win32.exe/startup/prflblnk ( 2 deep )
/puzzlum-win32.exe/startup/prflset ( 2 deep )
/puzzlum-win32.exe/startup/prflblnk ( 2 deep )
/puzzlum-win32.exe/startup/prflset ( 2 deep )
/puzzlum-win32.exe/startup/prflblnk ( 2 deep )
/puzzlum-win32.exe/startup/prflset ( 2 deep )
/puzzlum-win32.exe/startup/prflblnk ( 2 deep )
/puzzlum-win32.exe/startup/prflset ( 2 deep )
/puzzlum-win32.exe/startup/prflblnk ( 2 deep )
/puzzlum-win32.exe/startup/prflset ( 2 deep )
/puzzlum-win32.exe/startup/prflblnk ( 2 deep )
/puzzlum-win32.exe/startup/prflset ( 2 deep )
/puzzlum-win32.exe/startup/prflblnk ( 2 deep )
/puzzlum-win32.exe/startup/prflset ( 2 deep )
/puzzlum-win32.exe/startup/prflblnk ( 2 deep )
/puzzlum-win32.exe/startup/prflset ( 2 deep )
/puzzlum-win32.exe/startup/prflblnk ( 2 deep )
/puzzlum-win32.exe/startup/prflset ( 2 deep )
/puzzlum-win32.exe/startup/prflblnk ( 2 deep )
/puzzlum-win32.exe/startup/prflset ( 2 deep )
/puzzlum-win32.exe/startup/prflblnk ( 2 deep )
/puzzlum-win32.exe/startup/prflset ( 2 deep )
/puzzlum-win32.exe/startup/prflblnk ( 2 deep )
/puzzlum-win32.exe/startup/prflset ( 2 deep )
/puzzlum-win32.exe/startup/prflblnk ( 2 deep )
/puzzlum-win32.exe/startup/prflset ( 2 deep )
/puzzlum-win32.exe/startup/prflblnk ( 2 deep )
/puzzlum-win32.exe/startup/prflset ( 2 deep )
/puzzlum-win32.exe/startup/prflblnk ( 2 deep )
/puzzlum-win32.exe/startup/prflset ( 2 deep )
/puzzlum-win32.exe/startup/prflblnk ( 2 deep )
/puzzlum-win32.exe/startup/prflset ( 2 deep )
/puzzlum-win32.exe/startup/prflblnk ( 2 deep )
/puzzlum-win32.exe/startup/prflset ( 2 deep )
/puzzlum-win32.exe/startup/prflblnk ( 2 deep )
/puzzlum-win32.exe/startup/prflset ( 2 deep )
/puzzlum-win32.exe/startup/prflblnk ( 2 deep )
/puzzlum-win32.exe/startup/prflset ( 2 deep )
/puzzlum-win32.exe/startup/prflblnk ( 2 deep )
/puzzlum-win32.exe/startup/prflset ( 2 deep )
/puzzlum-win32.exe/startup/prflblnk ( 2 deep )
/puzzlum-win32.exe/startup/prflset ( 2 deep )
/puzzlum-win32.exe/startup/prflblnk ( 2 deep )
/puzzlum-win32.exe/startup/prflset ( 2 deep )
/puzzlum-win32.exe/startup/prflblnk ( 2 deep )
/puzzlum-win32.exe/startup/prflset ( 2 deep )
/puzzlum-win32.exe/startup/prflblnk ( 2 deep )
/puzzlum-win32.exe/startup/prflset ( 2 deep )
/puzzlum-win32.exe/startup/prflblnk ( 2 deep )
/puzzlum-win32.exe/startup/prflset ( 2 deep )
/puzzlum-win32.exe/startup/prflblnk ( 2 deep )
/puzzlum-win32.exe/startup/prflset ( 2 deep )
/puzzlum-win32.exe/startup/prflblnk ( 2 deep )
/puzzlum-win32.exe/startup/prflset ( 2 deep )
/puzzlum-win32.exe/startup/prflblnk ( 2 deep )
/puzzlum-win32.exe/startup/prflset ( 2 deep )
/puzzlum-win32.exe/startup/prflblnk ( 2 deep )
/puzzlum-win32.exe/startup/prflset ( 2 deep )
/puzzlum-win32.exe/startup/prflblnk ( 2 deep )
/puzzlum-win32.exe/startup/prflset ( 2 deep )
/puzzlum-win32.exe/startup/prflblnk ( 2 deep )
/puzzlum-win32.exe/startup/prflset ( 2 deep )
/puzzlum-win32.exe/startup/prflblnk ( 2 deep )
/puzzlum-win32.exe/startup/prflset ( 2 deep )
/puzzlum-win32.exe/startup/prflblnk ( 2 deep )
/puzzlum-win32.exe/startup/prflset ( 2 deep )
/puzzlum-win32.exe/startup/prflblnk ( 2 deep )
/puzzlum-win32.exe/startup/prflset ( 2 deep )
/puzzlum-win32.exe/startup/prflblnk ( 2 deep )
/puzzlum-win32.exe/startup/prflset ( 2 deep )
/puzzlum-win32.exe/startup/prflblnk ( 2 deep )
/puzzlum-win32.exe/startup/prflset ( 2 deep )
/puzzlum-win32.exe/startup/prflblnk ( 2 deep )
/puzzlum-win32.exe/startup/prflset ( 2 deep )
/puzzlum-win32.exe/startup/prflblnk ( 2 deep )
/puzzlum-win32.exe/startup/prflset ( 2 deep )
/puzzlum-win32.exe/startup/prflblnk ( 2 deep )
/puzzlum-win32.exe/startup/prflset ( 2 deep )
/puzzlum-win32.exe/startup/prflblnk ( 2 deep )
/puzzlum-win32.exe/startup/prflset ( 2 deep )
/puzzlum-win32.exe/startup/prflblnk ( 2 deep )
/puzzlum-win32.exe/startup/prflset ( 2 deep )
/puzzlum-win32.exe/startup/prflblnk ( 2 deep )
/puzzlum-win32.exe/startup/prflset ( 2 deep )
/puzzlum-win32.exe/startup/prflblnk ( 2 deep )
/puzzlum-win32.exe/startup/prflset ( 2 deep )
/puzzlum-win32.exe/startup/prflblnk ( 2 deep )
/puzzlum-win32.exe/startup/prflset ( 2 deep )
/puzzlum-win32.exe/startup/prflblnk ( 2 deep )
/puzzlum-win32.exe/startup/prflset ( 2 deep )
/puzzlum-win32.exe/startup/prflblnk ( 2 deep )
/puzzlum-win32.exe/startup/prflset ( 2 deep )
/puzzlum-win32.exe/startup/prflblnk ( 2 deep )
/puzzlum-win32.exe/startup/prflset ( 2 deep )
/puzzlum-win32.exe/startup/prflblnk ( 2 deep )
/puzzlum-win32.exe/startup/prflset ( 2 deep )
/puzzlum-win32.exe/startup/prflblnk ( 2 deep )
/puzzlum-win32.exe/startup/prflset ( 2 deep )
/puzzlum-win32.exe/startup/prflblnk ( 2 deep )
/puzzlum-win32.exe/startup/prflset ( 2 deep )
/puzzlum-win32.exe/startup/prflblnk ( 2 deep )
/puzzlum-win32.exe/startup/prflset ( 2 deep )
/puzzlum-win32.exe/startup/prflblnk ( 2 deep )
/puzzlum-win32.exe/startup/prflset ( 2 deep )
/puzzlum-win32.exe/startup/prflblnk ( 2 deep )
/puzzlum-win32.exe/startup/prflset ( 2 deep )
/puzzlum-win32.exe/startup/prflblnk ( 2 deep )
/puzzlum-win32.exe/startup/prflset ( 2 deep )
/puzzlum-win32.exe/startup/prflblnk ( 2 deep )
/puzzlum-win32.exe/startup/prflset ( 2 deep )
/puzzlum-win32.exe/startup/prflblnk ( 2 deep )
/puzzlum-win32.exe/startup/prflset ( 2 deep )
/puzzlum-win32.exe/startup/prflblnk ( 2 deep )
/puzzlum-win32.exe/startup/prflset ( 2 deep )
/puzzlum-win32.exe/startup/prflblnk ( 2 deep )
/puzzlum-win32.exe/startup/prflset ( 2 deep )
/puzzlum-win32.exe/startup/prflblnk ( 2 deep )
/puzzlum-win32.exe/startup/prflset ( 2 deep )
/puzzlum-win32.exe/startup/prflblnk ( 2 deep )
/puzzlum-win32.exe/startup/prflset ( 2 deep )
/puzzlum-win32.exe/startup/prflblnk ( 2 deep )
/puzzlum-win32.exe/startup/prflset ( 2 deep )
/puzzlum-win32.exe/startup/prflblnk ( 2 deep )
/puzzlum-win32.exe/startup/prflset ( 2 deep )
/puzzlum-win32.exe/startup/prflblnk ( 2 deep )
/puzzlum-win32.exe/startup/prflset ( 2 deep )
/puzzlum-win32.exe/startup/prflblnk ( 2 deep )
/puzzlum-win32.exe/startup/prflset ( 2 deep )
/puzzlum-win32.exe/startup/prflblnk ( 2 deep )
/puzzlum-win32.exe/startup/prflset ( 2 deep )
/puzzlum-win32.exe/startup/prflblnk ( 2 deep )
/puzzlum-win32.exe/startup/prflset ( 2 deep )
/puzzlum-win32.exe/startup/prflblnk ( 2 deep )
/puzzlum-win32.exe/startup/prflset ( 2 deep )
/puzzlum-win32.exe/startup/prflblnk ( 2 deep )
/puzzlum-win32.exe/startup/prflset ( 2 deep )
/puzzlum-win32.exe/startup/prflblnk ( 2 deep )
/puzzlum-win32.exe/startup/prflset ( 2 deep )
/puzzlum-win32.exe/startup/prflblnk ( 2 deep )
/puzzlum-win32.exe/startup/prflset ( 2 deep )
/puzzlum-win32.exe/startup/prflblnk ( 2 deep )
/puzzlum-win32.exe/startup/prflset ( 2 deep )
/puzzlum-win32.exe/startup/prflblnk ( 2 deep )
/puzzlum-win32.exe/startup/prflset ( 2 deep )
/puzzlum-win32.exe/startup/prflblnk ( 2 deep )
/puzzlum-win32.exe/startup/prflset ( 2 deep )
/puzzlum-win32.exe/startup/prflblnk ( 2 deep )
/puzzlum-win32.exe/startup/prflset ( 2 deep )
/puzzlum-win32.exe/startup/prflblnk ( 2 deep )
/puzzlum-win32.exe/startup/prflset ( 2 deep )
/puzzlum-win32.exe/startup/prflblnk ( 2 deep )
/puzzlum-win32.exe/startup/prflset ( 2 deep )
/puzzlum-win32.exe/startup/prflblnk ( 2 deep )
/puzzlum-win32.exe/startup/prflset ( 2 deep )
/puzzlum-win32.exe/startup/prflblnk ( 2 deep )
/puzzlum-win32.exe/startup/prflset ( 2 deep )
/puzzlum-win32.exe/startup/prflblnk ( 2 deep )
/puzzlum-win32.exe/startup/prflset ( 2 deep )
/puzzlum-win32.exe/startup/prflblnk ( 2 deep )
/puzzlum-win32.exe/startup/prflset ( 2 deep )
/puzzlum-win32.exe/startup/prflblnk ( 2 deep )
/puzzlum-win32.exe/startup/prflset ( 2 deep )
/puzzlum-win32.exe/startup/prflblnk ( 2 deep )
/puzzlum-win32.exe/startup/prflset ( 2 deep )
/puzzlum-win32.exe/startup/prflblnk ( 2 deep )
/puzzlum-win32.exe/startup/prflset ( 2 deep )
/puzzlum-win32.exe/startup/prflblnk ( 2 deep )
/puzzlum-win32.exe/startup/prflset ( 2 deep )
/puzzlum-win32.exe/startup/prflblnk ( 2 deep )
/puzzlum-win32.exe/startup/prflset ( 2 deep )
/puzzlum-win32.exe/startup/prflblnk ( 2 deep )
/puzzlum-win32.exe/startup/prflset ( 2 deep )
/puzzlum-win32.exe/startup/prflblnk ( 2 deep )
/puzzlum-win32.exe/startup/prflset ( 2 deep )
/puzzlum-win32.exe/startup/prflblnk ( 2 deep )
/puzzlum-win32.exe/startup/prflset ( 2 deep )
/puzzlum-win32.exe/startup/prflblnk ( 2 deep )
/puzzlum-win32.exe/startup/prflset ( 2 deep )
/puzzlum-win32.exe/startup/prflblnk ( 2 deep )
/puzzlum-win32.exe/startup/prflset ( 2 deep )
/puzzlum-win32.exe/startup/prflblnk ( 2 deep )
/puzzlum-win32.exe/startup/prflset ( 2 deep )
/puzzlum-win32.exe/startup/prflblnk ( 2 deep )
/puzzlum-win32.exe/startup/prflset ( 2 deep )
/puzzlum-win32.exe/startup/prflblnk ( 2 deep )
/puzzlum-win32.exe/startup/prflset ( 2 deep )
/puzzlum-win32.exe/startup/prflblnk ( 2 deep )
/puzzlum-win32.exe/startup/prflset ( 2 deep )
/puzzlum-win32.exe/startup/prflblnk ( 2 deep )
/puzzlum-win32.exe/startup/prflset ( 2 deep )
/puzzlum-win32.exe/startup/prflblnk ( 2 deep )
/puzzlum-win32.exe/startup/prflset ( 2 deep )
/puzzlum-win32.exe/startup/prflblnk ( 2 deep )
/puzzlum-win32.exe/startup/prflset ( 2 deep )
/puzzlum-win32.exe/startup/prflblnk ( 2 deep )
/puzzlum-win32.exe/startup/prflset ( 2 deep )
/puzzlum-win32.exe/startup/prflblnk ( 2 deep )
/puzzlum-win32.exe/startup/prflset ( 2 deep )
/puzzlum-win32.exe/startup/prflblnk ( 2 deep )
/puzzlum-win32.exe/startup/prflset ( 2 deep )
/puzzlum-win32.exe/startup/prflblnk ( 2 deep )
/puzzlum-win32.exe/startup/prflset ( 2 deep )
/puzzlum-win32.exe/startup/prflblnk ( 2 deep )
/puzzlum-win32.exe/startup/prflset ( 2 deep )
/puzzlum-win32.exe/startup/prflblnk ( 2 deep )
/puzzlum-win32.exe/startup/prflset ( 2 deep )
/puzzlum-win32.exe/startup/prflblnk ( 2 deep )
/puzzlum-win32.exe/startup/prflset ( 2 deep )
/puzzlum-win32.exe/startup/prflblnk ( 2 deep )
/puzzlum-win32.exe/startup/prflset ( 2 deep )
/puzzlum-win32.exe/startup/prflblnk ( 2 deep )
/puzzlum-win32.exe/startup/prflset ( 2 deep )
/puzzlum-win32.exe/startup/prflblnk ( 2 deep )
/puzzlum-win32.exe/startup/prflset ( 2 deep )
/puzzlum-win32.exe/startup/prflblnk ( 2 deep )
/puzzlum-win32.exe/startup/prflset ( 2 deep )
/puzzlum-win32.exe/startup/prflblnk ( 2 deep )
/puzzlum-win32.exe/startup/prflset ( 2 deep )
/puzzlum-win32.exe/startup/prflblnk ( 2 deep )
/puzzlum-win32.exe/startup/prflset ( 2 deep )
/puzzlum-win32.exe/startup/prflblnk ( 2 deep )
/puzzlum-win32.exe/startup/prflset ( 2 deep )
/puzzlum-win32.exe/startup/prflblnk ( 2 deep )
/puzzlum-win32.exe/startup/prflset ( 2 deep )
/puzzlum-win32.exe/startup/prflblnk ( 2 deep )
/puzzlum-win32.exe/startup/prflset ( 2 deep )
/puzzlum-win32.exe/startup/prflblnk ( 2 deep )
/puzzlum-win32.exe/startup/prflset ( 2 deep )
/puzzlum-win32.exe/startup/prflblnk ( 2 deep )
/puzzlum-win32.exe/startup/prflset ( 2 deep )
/puzzlum-win32.exe/startup/prflblnk ( 2 deep )
/puzzlum-win32.exe/startup/prflset ( 2 deep )
/puzzlum-win32.exe/startup/prflblnk ( 2 deep )
/puzzlum-win32.exe/startup/prflset ( 2 deep )
/puzzlum-win32.exe/startup/prflblnk ( 2 deep )
/puzzlum-win32.exe/startup/prflset ( 2 deep )
/puzzlum-win32.exe/startup/prflblnk ( 2 deep )
/puzzlum-win32.exe/startup/prflset ( 2 deep )
/puzzlum-win32.exe/startup/prflblnk ( 2 deep )
/puzzlum-win32.exe/startup/prflset ( 2 deep )
/puzzlum-win32.exe/startup/prflblnk ( 2 deep )
/puzzlum-win32.exe/startup/prflset ( 2 deep )
/puzzlum-win32.exe/startup/prflblnk ( 2 deep )
/puzzlum-win32.exe/startup/prflset ( 2 deep )
/puzzlum-win32.exe/startup/prflblnk ( 2 deep )
/puzzlum-win32.exe/startup/prflset ( 2 deep )
/puzzlum-win32.exe/startup/prflblnk ( 2 deep )
/puzzlum-win32.exe/startup/prflset ( 2 deep )
/puzzlum-win32.exe/startup/prflblnk ( 2 deep )
/puzzlum-win32.exe/startup/prflset ( 2 deep )
/puzzlum-win32.exe/startup/prflblnk ( 2 deep )
/puzzlum-win32.exe/startup/prflset ( 2 deep )
/puzzlum-win32.exe/startup/prflblnk ( 2 deep )
/puzzlum-win32.exe/startup/prflset ( 2 deep )
/puzzlum-win32.exe/startup/prflblnk ( 2 deep )
/puzzlum-win32.exe/startup/prflset ( 2 deep )
/puzzlum-win32.exe/startup/prflblnk ( 2 deep )
/puzzlum-win32.exe/startup/prflset ( 2 deep )
/puzzlum-win32.exe/startup/prflblnk ( 2 deep )
/puzzlum-win32.exe/startup/prflset ( 2 deep )
/puzzlum-win32.exe/startup/prflblnk ( 2 deep )
/puzzlum-win32.exe/startup/prflset ( 2 deep )
/puzzlum-win32.exe/startup/prflblnk ( 2 deep )
/puzzlum-win32.exe/startup/prflset ( 2 deep )
/puzzlum-win32.exe/startup/prflblnk ( 2 deep )
/puzzlum-win32.exe/startup/prflset ( 2 deep )
/puzzlum-win32.exe/startup/prflblnk ( 2 deep )
/puzzlum-win32.exe/startup/prflset ( 2 deep )
/puzzlum-win32.exe/startup/prflblnk ( 2 deep )
/puzzlum-win32.exe/startup/prflset ( 2 deep )
/puzzlum-win32.exe/startup/prflblnk ( 2 deep )
/puzzlum-win32.exe/startup/prflset ( 2 deep )
/puzzlum-win32.exe/startup/prflblnk ( 2 deep )
/puzzlum-win32.exe/startup/prflset ( 2 deep )
/puzzlum-win32.exe/startup/prflblnk ( 2 deep )
/puzzlum-win32.exe/startup/prflset ( 2 deep )
/puzzlum-win32.exe/startup/prflblnk ( 2 deep )
/puzzlum-win32.exe/startup/prflset ( 2 deep )
/puzzlum-win32.exe/startup/prflblnk ( 2 deep )
/puzzlum-win32.exe/startup/prflset ( 2 deep )
/puzzlum-win32.exe/startup/prflblnk ( 2 deep )
/puzzlum-win32.exe/startup/prflset ( 2 deep )
/puzzlum-win32.exe/startup/prflblnk ( 2 deep )
/puzzlum-win32.exe/startup/prflset ( 2 deep )
/puzzlum-win32.exe/startup/prflblnk ( 2 deep )
/puzzlum-win32.exe/startup/prflset ( 2 deep )
/puzzlum-win32.exe/startup/prflblnk ( 2 deep )
/puzzlum-win32.exe/startup/prflset ( 2 deep )
/puzzlum-win32.exe/startup/prflblnk ( 2 deep )
/puzzlum-win32.exe/startup/prflset ( 2 deep )
/puzzlum-win32.exe/startup/prflblnk ( 2 deep )
/puzzlum-win32.exe/startup/prflset ( 2 deep )
/puzzlum-win32.exe/startup/prflblnk ( 2 deep )
/puzzlum-win32.exe/startup/prflset ( 2 deep )
/puzzlum-win32.exe/startup/prflblnk ( 2 deep )
/puzzlum-win32.exe/startup/prflset ( 2 deep )
/puzzlum-win32.exe/startup/prflblnk ( 2 deep )
/puzzlum-win32.exe/startup/prflset ( 2 deep )
/puzzlum-win32.exe/startup/prflblnk ( 2 deep )
/puzzlum-win32.exe/startup/prflset ( 2 deep )
/puzzlum-win32.exe/startup/prflblnk ( 2 deep )
/puzzlum-win32.exe/startup/prflset ( 2 deep )
/puzzlum-win32.exe/startup/prflblnk ( 2 deep )
/puzzlum-win32.exe/startup/prflset ( 2 deep )
/puzzlum-win32.exe/startup/prflblnk ( 2 deep )
/puzzlum-win32.exe/startup/prflset ( 2 deep )
/puzzlum-win32.exe/startup/prflblnk ( 2 deep )
/puzzlum-win32.exe/startup/prflset ( 2 deep )
/puzzlum-win32.exe/startup/prflblnk ( 2 deep )
/puzzlum-win32.exe/startup/prflset ( 2 deep )
/puzzlum-win32.exe/startup/prflblnk ( 2 deep )
/puzzlum-win32.exe/startup/prflset ( 2 deep )
/puzzlum-win32.exe/startup/prflblnk ( 2 deep )
/puzzlum-win32.exe/startup/prflset ( 2 deep )
/puzzlum-win32.exe/startup/prflblnk ( 2 deep )
/puzzlum-win32.exe/startup/prflset ( 2 deep )
/puzzlum-win32.exe/startup/prflblnk ( 2 deep )
/puzzlum-win32.exe/startup/prflset ( 2 deep )
/puzzlum-win32.exe/startup/prflblnk ( 2 deep )
/puzzlum-win32.exe/startup/prflset ( 2 deep )
/puzzlum-win32.exe/startup/prflblnk ( 2 deep )
/puzzlum-win32.exe/startup/prflset ( 2 deep )
/puzzlum-win32.exe/startup/prflblnk ( 2 deep )
/puzzlum-win32.exe/startup/prflset ( 2 deep )
/puzzlum-win32.exe/startup/prflblnk ( 2 deep )
/puzzlum-win32.exe/startup/prflset ( 2 deep )
/puzzlum-win32.exe/startup/prflblnk ( 2 deep )
/puzzlum-win32.exe/startup/prflset ( 2 deep )
/puzzlum-win32.exe/startup/prflblnk ( 2 deep )
/puzzlum-win32.exe/startup/prflset ( 2 deep )
/puzzlum-win32.exe/startup/prflblnk ( 2 deep )
/puzzlum-win32.exe/startup/prflset ( 2 deep )
/puzzlum-win32.exe/startup/prflblnk ( 2 deep )
/puzzlum-win32.exe/startup/prflset ( 2 deep )
/puzzlum-win32.exe/startup/prflblnk ( 2 deep )
/puzzlum-win32.exe/startup/prflset ( 2 deep )
/puzzlum-win32.exe/startup/prflblnk ( 2 deep )
/puzzlum-win32.exe/startup/prflset ( 2 deep )
/puzzlum-win32.exe/startup/prflblnk ( 2 deep )
/puzzlum-win32.exe/startup/prflset ( 2 deep )
/puzzlum-win32.exe/startup/prflblnk ( 2 deep )
/puzzlum-win32.exe/startup/prflset ( 2 deep )
/puzzlum-win32.exe/startup/prflblnk ( 2 deep )
/puzzlum-win32.exe/startup/prflset ( 2 deep )
/puzzlum-win32.exe/startup/prflblnk ( 2 deep )
/puzzlum-win32.exe/startup/prflset ( 2 deep )
/puzzlum-win32.exe/startup/prflblnk ( 2 deep )
/puzzlum-win32.exe/startup/prflset ( 2 deep )
/puzzlum-win32.exe/startup/prflblnk ( 2 deep )
/puzzlum-win32.exe/startup/prflset ( 2 deep )
/puzzlum-win32.exe/startup/prflblnk ( 2 deep )
/puzzlum-win32.exe/startup/prflset ( 2 deep )
/puzzlum-win32.exe/startup/prflblnk ( 2 deep )
/puzzlum-win32.exe/startup/prflset ( 2 deep )
/puzzlum-win32.exe/startup/prflblnk ( 2 deep )
/puzzlum-win32.exe/startup/prflset ( 2 deep )
/puzzlum-win32.exe/startup/prflblnk ( 2 deep )
/puzzlum-win32.exe/startup/prflset ( 2 deep )
/puzzlum-win32.exe/startup/prflblnk ( 2 deep )
/puzzlum-win32.exe/startup/prflset ( 2 deep )
/puzzlum-win32.exe/startup/prflblnk ( 2 deep )
/puzzlum-win32.exe/startup/prflset ( 2 deep )
/puzzlum-win32.exe/startup/prflblnk ( 2 deep )
/puzzlum-win32.exe/startup/prflset ( 2 deep )
/puzzlum-win32.exe/startup/prflblnk ( 2 deep )
/puzzlum-win32.exe/startup/prflset ( 2 deep )
/puzzlum-win32.exe/startup/prflblnk ( 2 deep )
/puzzlum-win32.exe/startup/prflset ( 2 deep )
/puzzlum-win32.exe/startup/prflblnk ( 2 deep )
/puzzlum-win32.exe/startup/prflset ( 2 deep )
/puzzlum-win32.exe/startup/prflblnk ( 2 deep )
/puzzlum-win32.exe/startup/prflset ( 2 deep )
/puzzlum-win32.exe/startup/prflblnk ( 2 deep )
/puzzlum-win32.exe/startup/prflset ( 2 deep )
/puzzlum-win32.exe/startup/prflblnk ( 2 deep )
/puzzlum-win32.exe/startup/prflset ( 2 deep )
/puzzlum-win32.exe/startup/prflblnk ( 2 deep )
/puzzlum-win32.exe/startup/prflset ( 2 deep )
/puzzlum-win32.exe/startup/prflblnk ( 2 deep )
/puzzlum-win32.exe/startup/prflset ( 2 deep )
/puzzlum-win32.exe/startup/prflblnk ( 2 deep )
/puzzlum-win32.exe/startup/prflset ( 2 deep )
/puzzlum-win32.exe/startup/prflblnk ( 2 deep )
/puzzlum-win32.exe/startup/prflset ( 2 deep )
/puzzlum-win32.exe/startup/prflblnk ( 2 deep )
/puzzlum-win32.exe/startup/prflset ( 2 deep )
/puzzlum-win32.exe/startup/prflblnk ( 2 deep )
/puzzlum-win32.exe/startup/prflset ( 2 deep )
/puzzlum-win32.exe/startup/prflblnk ( 2 deep )
/puzzlum-win32.exe/startup/prflset ( 2 deep )
/puzzlum-win32.exe/startup/prflblnk ( 2 deep )
/puzzlum-win32.exe/startup/prflset ( 2 deep )
/puzzlum-win32.exe/startup/prflblnk ( 2 deep )
/puzzlum-win32.exe/startup/prflset ( 2 deep )
/puzzlum-win32.exe/startup/prflblnk ( 2 deep )
/puzzlum-win32.exe/startup/prflset ( 2 deep )
/puzzlum-win32.exe/startup/prflblnk ( 2 deep )
/puzzlum-win32.exe/startup/prflset ( 2 deep )
/puzzlum-win32.exe/startup/prflblnk ( 2 deep )
/puzzlum-win32.exe/startup/prflset ( 2 deep )
/puzzlum-win32.exe/startup/prflblnk ( 2 deep )
/puzzlum-win32.exe/startup/prflset ( 2 deep )
/puzzlum-win32.exe/startup/prflblnk ( 2 deep )
/puzzlum-win32.exe/startup/prflset ( 2 deep )
/puzzlum-win32.exe/startup/prflblnk ( 2 deep )
/puzzlum-win32.exe/startup/prflset ( 2 deep )
/puzzlum-win32.exe/startup/prflblnk ( 2 deep )
/puzzlum-win32.exe/startup/prflset ( 2 deep )
/puzzlum-win32.exe/startup/prflblnk ( 2 deep )
/puzzlum-win32.exe/startup/prflset ( 2 deep )
/puzzlum-win32.exe/startup/prflblnk ( 2 deep )
/puzzlum-win32.exe/startup/prflset ( 2 deep )
/puzzlum-win32.exe/startup/prflblnk ( 2 deep )
/puzzlum-win32.exe/startup/prflset ( 2 deep )
/puzzlum-win32.exe/startup/prflblnk ( 2 deep )
/puzzlum-win32.exe/startup/prflset ( 2 deep )
/puzzlum-win32.exe/startup/prflblnk ( 2 deep )
/puzzlum-win32.exe/startup/prflset ( 2 deep )
/puzzlum-win32.exe/startup/prflblnk ( 2 deep )
/puzzlum-win32.exe/startup/prflset ( 2 deep )
/puzzlum-win32.exe/startup/prflblnk ( 2 deep )
/puzzlum-win32.exe/startup/prflset ( 2 deep )
/puzzlum-win32.exe/startup/prflblnk ( 2 deep )
/puzzlum-win32.exe/startup/prflset ( 2 deep )
/puzzlum-win32.exe/startup/prflblnk ( 2 deep )
/puzzlum-win32.exe/startup/prflset ( 2 deep )
/puzzlum-win32.exe/startup/prflblnk ( 2 deep )
/puzzlum-win32.exe/startup/prflset ( 2 deep )
/puzzlum-win32.exe/startup/prflblnk ( 2 deep )
/puzzlum-win32.exe/startup/prflset ( 2 deep )
/puzzlum-win32.exe/startup/prflblnk ( 2 deep )
/puzzlum-win32.exe/startup/prflset ( 2 deep )
/puzzlum-win32.exe/startup/prflblnk ( 2 deep )
/puzzlum-win32.exe/startup/prflset ( 2 deep )
/puzzlum-win32.exe/startup/prflblnk ( 2 deep )
/puzzlum-win32.exe/startup/prflset ( 2 deep )
/puzzlum-win32.exe/startup/prflblnk ( 2 deep )
/puzzlum-win32.exe/startup/prflset ( 2 deep )
/puzzlum-win32.exe/startup/prflblnk ( 2 deep )
/puzzlum-win32.exe/startup/prflset ( 2 deep )
/puzzlum-win32.exe/startup/prflblnk ( 2 deep )
/puzzlum-win32.exe/startup/prflset ( 2 deep )
/puzzlum-win32.exe/startup/prflblnk ( 2 deep )
/puzzlum-win32.exe/startup/prflset ( 2 deep )
/puzzlum-win32.exe/startup/prflblnk ( 2 deep )
/puzzlum-win32.exe/startup/prflset ( 2 deep )
/puzzlum-win32.exe/command ( 1 deep )
/puzzlum-win32.exe/command/portal ( 2 deep )
/puzzlum-win32.exe/command/portal/tempget ( 3 deep )
/puzzlum-win32.exe/command/portal/tempget ( 3 deep )
/puzzlum-win32.exe/command/portal/tempget ( 3 deep )
/puzzlum-win32.exe/command/portal/tempget ( 3 deep )
/puzzlum-win32.exe/command/portal/tempget ( 3 deep )
/puzzlum-win32.exe/command/portal/tempget ( 3 deep )
/puzzlum-win32.exe/command/portal/tempget ( 3 deep )
/puzzlum-win32.exe/command/portal/tempget ( 3 deep )
/puzzlum-win32.exe/command/portal/tempget ( 3 deep )
/puzzlum-win32.exe/command/portal/tempget ( 3 deep )
/puzzlum-win32.exe/command/portal/tempget ( 3 deep )
/puzzlum-win32.exe/command/portal/tempget ( 3 deep )
/puzzlum-win32.exe/command/portal/tempget ( 3 deep )
/puzzlum-win32.exe/command/portal/tempget ( 3 deep )
/puzzlum-win32.exe/command/portal/tempget ( 3 deep )
/puzzlum-win32.exe/command/portal/tempget ( 3 deep )
/puzzlum-win32.exe/command/portal/tempget ( 3 deep )
/puzzlum-win32.exe/command/portal/tempget ( 3 deep )
/puzzlum-win32.exe/command/portal/tempget ( 3 deep )
/puzzlum-win32.exe/command/portal/tempget ( 3 deep )
/puzzlum-win32.exe/command/portal/tempget ( 3 deep )
/puzzlum-win32.exe/command/portal/tempget ( 3 deep )
/puzzlum-win32.exe/command/portal/tempget ( 3 deep )
/puzzlum-win32.exe/command/portal/tempget ( 3 deep )
/puzzlum-win32.exe/command/portal/tempget ( 3 deep )
/puzzlum-win32.exe/command/portal/tempget ( 3 deep )
/puzzlum-win32.exe/command/portal/tempget ( 3 deep )
/puzzlum-win32.exe/command/portal/tempget ( 3 deep )
/puzzlum-win32.exe/command/portal/tempget ( 3 deep )
/puzzlum-win32.exe/command/portal/tempget ( 3 deep )
/puzzlum-win32.exe/command/portal/tempget ( 3 deep )
/puzzlum-win32.exe/command/portal/tempget ( 3 deep )
/puzzlum-win32.exe/command/portal/tempget ( 3 deep )
/puzzlum-win32.exe/command/portal/tempget ( 3 deep )
/puzzlum-win32.exe/command/portal/tempget ( 3 deep )
/puzzlum-win32.exe/command/portal/tempget ( 3 deep )
/puzzlum-win32.exe/command/portal/tempget ( 3 deep )
/puzzlum-win32.exe/command/portal/tempget ( 3 deep )
/puzzlum-win32.exe/command/portal/tempget ( 3 deep )
/puzzlum-win32.exe/command/portal/tempget ( 3 deep )
/puzzlum-win32.exe/command/portal/tempget ( 3 deep )
/puzzlum-win32.exe/command/portal/tempget ( 3 deep )
/puzzlum-win32.exe/command/portal/tempget ( 3 deep )
/puzzlum-win32.exe/command/portal/tempget ( 3 deep )
/puzzlum-win32.exe/command/portal/tempget ( 3 deep )
/puzzlum-win32.exe/command/portal/tempget ( 3 deep )
/puzzlum-win32.exe/command/portal/tempget ( 3 deep )
/puzzlum-win32.exe/command/portal/tempget ( 3 deep )
/puzzlum-win32.exe/command/portal/tempget ( 3 deep )
/puzzlum-win32.exe/command/portal/tempget ( 3 deep )
/puzzlum-win32.exe/command/portal/tempget ( 3 deep )
/puzzlum-win32.exe/command/portal/tempget ( 3 deep )
/puzzlum-win32.exe/command/portal/tempget ( 3 deep )
/puzzlum-win32.exe/command/portal/tempget ( 3 deep )
/puzzlum-win32.exe/command/portal/tempget ( 3 deep )
/puzzlum-win32.exe/command/portal/tempget ( 3 deep )
/puzzlum-win32.exe/command/portal/tempget ( 3 deep )
/puzzlum-win32.exe/command/portal/tempget ( 3 deep )
/puzzlum-win32.exe/command/portal/tempget ( 3 deep )
/puzzlum-win32.exe/command/portal/tempget ( 3 deep )
/puzzlum-win32.exe/command/portal/tempget ( 3 deep )
/puzzlum-win32.exe/command/portal/tempget ( 3 deep )
/puzzlum-win32.exe/command/portal/tempget ( 3 deep )
/puzzlum-win32.exe/command/portal/tempget ( 3 deep )
/puzzlum-win32.exe/command/portal/tempget ( 3 deep )
/puzzlum-win32.exe/command/portal/tempget ( 3 deep )
/puzzlum-win32.exe/command/portal/tempget ( 3 deep )
/puzzlum-win32.exe/command/portal/tempget ( 3 deep )
/puzzlum-win32.exe/command/portal/tempget ( 3 deep )
/puzzlum-win32.exe/command/portal/tempget ( 3 deep )
/puzzlum-win32.exe/command/portal/tempget ( 3 deep )
/puzzlum-win32.exe/command/portal/tempget ( 3 deep )
/puzzlum-win32.exe/command/portal/tempget ( 3 deep )
/puzzlum-win32.exe/command/portal/tempget ( 3 deep )
/puzzlum-win32.exe/command/portal/tempget ( 3 deep )
/puzzlum-win32.exe/command/portal/tempget ( 3 deep )
/puzzlum-win32.exe/command/portal/tempget ( 3 deep )
/puzzlum-win32.exe/command/portal/tempget ( 3 deep )
/puzzlum-win32.exe/command/portal/tempget ( 3 deep )
/puzzlum-win32.exe/command/portal/tempget ( 3 deep )
/puzzlum-win32.exe/command/portal/tempget ( 3 deep )
/puzzlum-win32.exe/command/portal/tempget ( 3 deep )
/puzzlum-win32.exe/command/portal/tempget ( 3 deep )
/puzzlum-win32.exe/command/portal/tempget ( 3 deep )
/puzzlum-win32.exe/command/portal/tempget ( 3 deep )
/puzzlum-win32.exe/command/portal/tempget ( 3 deep )
/puzzlum-win32.exe/command/portal/tempget ( 3 deep )
/puzzlum-win32.exe/command/portal/tempget ( 3 deep )
/puzzlum-win32.exe/command/portal/tempget ( 3 deep )
/puzzlum-win32.exe/command/portal/tempget ( 3 deep )
/puzzlum-win32.exe/command/portal/tempget ( 3 deep )
/puzzlum-win32.exe/command/portal/tempget ( 3 deep )
/puzzlum-win32.exe/command/portal/tempget ( 3 deep )
/puzzlum-win32.exe/command/portal/tempget ( 3 deep )
/puzzlum-win32.exe/command/portal/tempget ( 3 deep )
/puzzlum-win32.exe/command/portal/tempget ( 3 deep )
/puzzlum-win32.exe/command/portal/tempget ( 3 deep )
/puzzlum-win32.exe/command/portal/tempget ( 3 deep )
/puzzlum-win32.exe/command/command2 ( 2 deep )
/puzzlum-win32.exe/command3 ( 1 deep )
/puzzlum-win32.exe/main ( 1 deep )
/puzzlum-win32.exe/main/getaction ( 2 deep )
/puzzlum-win32.exe/main/getaction ( 2 deep )
/puzzlum-win32.exe/main/getaction ( 2 deep )
/puzzlum-win32.exe/main/getaction ( 2 deep )
/puzzlum-win32.exe/main/getaction ( 2 deep )
/puzzlum-win32.exe/main/getaction ( 2 deep )
/puzzlum-win32.exe/main/getaction ( 2 deep )
/puzzlum-win32.exe/main/getaction ( 2 deep )
/puzzlum-win32.exe/main/getaction ( 2 deep )
/puzzlum-win32.exe/main/getaction ( 2 deep )
/puzzlum-win32.exe/main/getaction ( 2 deep )
/puzzlum-win32.exe/main/getaction ( 2 deep )
/puzzlum-win32.exe/main/getaction ( 2 deep )
/puzzlum-win32.exe/main/getaction ( 2 deep )
/puzzlum-win32.exe/main/getaction ( 2 deep )
/puzzlum-win32.exe/main/getaction ( 2 deep )
/puzzlum-win32.exe/main/getaction ( 2 deep )
/puzzlum-win32.exe/main/getaction ( 2 deep )
/puzzlum-win32.exe/main/crtnspdr ( 2 deep )
/puzzlum-win32.exe/main/crtnspdr/statgain ( 3 deep )
/puzzlum-win32.exe/main/crtnspdr/statmax ( 3 deep )
/puzzlum-win32.exe/main/crtnspdr/nextaction ( 3 deep )
/puzzlum-win32.exe/main/crtnspdr/nextaction/am ( 4 deep )
/puzzlum-win32.exe/main/crtnspdr/nextaction/newaction ( 4 deep )
/puzzlum-win32.exe/main/crtnspdr/nextaction/newaction/getaction ( 5 deep )
/puzzlum-win32.exe/main/crtnspdr/nextaction/newaction/randomaction ( 5 deep )
/puzzlum-win32.exe/main/crtnspdr/nextaction/putaction ( 4 deep )
/puzzlum-win32.exe/main/crtnspdr/actnbite ( 3 deep )
/puzzlum-win32.exe/main/crtnspdr/actnbite/blankcheck ( 4 deep )
/puzzlum-win32.exe/main/crtnspdr/actnbite/blankcheck/inbounds ( 5 deep )
/puzzlum-win32.exe/main/crtnspdr/actnbite/blankcheck/are ( 5 deep )
/puzzlum-win32.exe/main/crtnspdr/actnbite/blankcheck ( 4 deep )
/puzzlum-win32.exe/main/crtnspdr/actnbite/blankcheck/inbounds ( 5 deep )
/puzzlum-win32.exe/main/crtnspdr/actnbite/blankcheck/are ( 5 deep )
/puzzlum-win32.exe/main/crtnspdr/autolevelup ( 3 deep )
/puzzlum-win32.exe/main/crtnspdr/autolevelup/am ( 4 deep )
/puzzlum-win32.exe/main/crtnspdr/autolevelup/levelup ( 4 deep )
/puzzlum-win32.exe/main/getaction ( 2 deep )
/puzzlum-win32.exe/main/getaction ( 2 deep )
/puzzlum-win32.exe/main/getaction ( 2 deep )
/puzzlum-win32.exe/main/getaction ( 2 deep )
/puzzlum-win32.exe/main/crtnemgd ( 2 deep )
/puzzlum-win32.exe/main/crtnemgd/statgain ( 3 deep )
/puzzlum-win32.exe/main/crtnemgd/statmax ( 3 deep )
/puzzlum-win32.exe/main/crtnemgd/nextaction ( 3 deep )
/puzzlum-win32.exe/main/crtnemgd/nextaction/am ( 4 deep )
/puzzlum-win32.exe/main/crtnemgd/nextaction/newaction ( 4 deep )
/puzzlum-win32.exe/main/crtnemgd/nextaction/newaction/getaction ( 5 deep )
/puzzlum-win32.exe/main/crtnemgd/nextaction/newaction/randomaction ( 5 deep )
/puzzlum-win32.exe/main/crtnemgd/nextaction/putaction ( 4 deep )
/puzzlum-win32.exe/main/crtnemgd/autolevelup ( 3 deep )
/puzzlum-win32.exe/main/crtnemgd/autolevelup/am ( 4 deep )
/puzzlum-win32.exe/main/crtnemgd/autolevelup/levelup ( 4 deep )
/puzzlum-win32.exe/main/getaction ( 2 deep )
/puzzlum-win32.exe/main/getaction ( 2 deep )
/puzzlum-win32.exe/main/getaction ( 2 deep )
/puzzlum-win32.exe/main/getaction ( 2 deep )
/puzzlum-win32.exe/main/getaction ( 2 deep )
/puzzlum-win32.exe/main/getaction ( 2 deep )
/puzzlum-win32.exe/main/getaction ( 2 deep )
/puzzlum-win32.exe/main/getaction ( 2 deep )
/puzzlum-win32.exe/main/getaction ( 2 deep )
/puzzlum-win32.exe/main/getaction ( 2 deep )
/puzzlum-win32.exe/main/getaction ( 2 deep )
/puzzlum-win32.exe/main/getaction ( 2 deep )
/puzzlum-win32.exe/main/getaction ( 2 deep )
/puzzlum-win32.exe/main/getaction ( 2 deep )
/puzzlum-win32.exe/main/getaction ( 2 deep )
/puzzlum-win32.exe/main/getaction ( 2 deep )
/puzzlum-win32.exe/main/getaction ( 2 deep )
/puzzlum-win32.exe/main/getaction ( 2 deep )
/puzzlum-win32.exe/main/getaction ( 2 deep )
/puzzlum-win32.exe/main/getaction ( 2 deep )
/puzzlum-win32.exe/main/getaction ( 2 deep )
/puzzlum-win32.exe/main/getaction ( 2 deep )
/puzzlum-win32.exe/main/getaction ( 2 deep )
/puzzlum-win32.exe/main/getaction ( 2 deep )
/puzzlum-win32.exe/main/crtnshkt ( 2 deep )
/puzzlum-win32.exe/main/crtnshkt/statgain ( 3 deep )
/puzzlum-win32.exe/main/crtnshkt/statmax ( 3 deep )
/puzzlum-win32.exe/main/crtnshkt/nextaction ( 3 deep )
/puzzlum-win32.exe/main/crtnshkt/nextaction/am ( 4 deep )
/puzzlum-win32.exe/main/crtnshkt/nextaction/newaction ( 4 deep )
/puzzlum-win32.exe/main/crtnshkt/nextaction/newaction/getaction ( 5 deep )
/puzzlum-win32.exe/main/crtnshkt/nextaction/newaction/randomaction ( 5 deep )
/puzzlum-win32.exe/main/crtnshkt/nextaction/putaction ( 4 deep )
/puzzlum-win32.exe/main/crtnshkt/autolevelup ( 3 deep )
/puzzlum-win32.exe/main/crtnshkt/autolevelup/am ( 4 deep )
/puzzlum-win32.exe/main/crtnshkt/autolevelup/levelup ( 4 deep )
/puzzlum-win32.exe/main/getaction ( 2 deep )
/puzzlum-win32.exe/main/getaction ( 2 deep )
/puzzlum-win32.exe/main/getaction ( 2 deep )
/puzzlum-win32.exe/main/getaction ( 2 deep )
/puzzlum-win32.exe/main/getaction ( 2 deep )
/puzzlum-win32.exe/main/crtnspdr ( 2 deep )
/puzzlum-win32.exe/main/crtnspdr/statgain ( 3 deep )
/puzzlum-win32.exe/main/crtnspdr/statmax ( 3 deep )
/puzzlum-win32.exe/main/crtnspdr/nextaction ( 3 deep )
/puzzlum-win32.exe/main/crtnspdr/nextaction/am ( 4 deep )
/puzzlum-win32.exe/main/crtnspdr/nextaction/newaction ( 4 deep )
/puzzlum-win32.exe/main/crtnspdr/nextaction/newaction/getaction ( 5 deep )
/puzzlum-win32.exe/main/crtnspdr/nextaction/newaction/randomaction ( 5 deep )
/puzzlum-win32.exe/main/crtnspdr/nextaction/putaction ( 4 deep )
/puzzlum-win32.exe/main/crtnspdr/actnmove ( 3 deep )
/puzzlum-win32.exe/main/crtnspdr/actnmove/blankcheck ( 4 deep )
/puzzlum-win32.exe/main/crtnspdr/actnmove/blankcheck/inbounds ( 5 deep )
/puzzlum-win32.exe/main/crtnspdr/actnmove/blankcheck/are ( 5 deep )
/puzzlum-win32.exe/main/crtnspdr/actnmove/move ( 4 deep )
/puzzlum-win32.exe/main/crtnspdr/actnmove/move/are ( 5 deep )
/puzzlum-win32.exe/main/crtnspdr/autolevelup ( 3 deep )
/puzzlum-win32.exe/main/crtnspdr/autolevelup/am ( 4 deep )
/puzzlum-win32.exe/main/crtnspdr/autolevelup/levelup ( 4 deep )
/puzzlum-win32.exe/main/getaction ( 2 deep )
/puzzlum-win32.exe/main/getaction ( 2 deep )
/puzzlum-win32.exe/main/getaction ( 2 deep )
/puzzlum-win32.exe/main/getaction ( 2 deep )
/puzzlum-win32.exe/main/getaction ( 2 deep )
/puzzlum-win32.exe/main/getaction ( 2 deep )
/puzzlum-win32.exe/main/getaction ( 2 deep )
/puzzlum-win32.exe/main/getaction ( 2 deep )
/puzzlum-win32.exe/main/getaction ( 2 deep )
/puzzlum-win32.exe/main/getaction ( 2 deep )
/puzzlum-win32.exe/main/getaction ( 2 deep )
/puzzlum-win32.exe/main/crtnbldr ( 2 deep )
/puzzlum-win32.exe/main/crtnbldr/statgain ( 3 deep )
/puzzlum-win32.exe/main/crtnbldr/statmax ( 3 deep )
/puzzlum-win32.exe/main/crtnbldr/nextaction ( 3 deep )
/puzzlum-win32.exe/main/crtnbldr/nextaction/am ( 4 deep )
/puzzlum-win32.exe/main/crtnbldr/nextaction/newaction ( 4 deep )
/puzzlum-win32.exe/main/crtnbldr/nextaction/newaction/getaction ( 5 deep )
/puzzlum-win32.exe/main/crtnbldr/nextaction/newaction/randomaction ( 5 deep )
/puzzlum-win32.exe/main/crtnbldr/nextaction/putaction ( 4 deep )
/puzzlum-win32.exe/main/crtnbldr/autolevelup ( 3 deep )
/puzzlum-win32.exe/main/crtnbldr/autolevelup/am ( 4 deep )
/puzzlum-win32.exe/main/crtnbldr/autolevelup/levelup ( 4 deep )
/puzzlum-win32.exe/main/getaction ( 2 deep )
/puzzlum-win32.exe/main/getaction ( 2 deep )
/puzzlum-win32.exe/main/getaction ( 2 deep )
/puzzlum-win32.exe/main/getaction ( 2 deep )
/puzzlum-win32.exe/main/getaction ( 2 deep )
/puzzlum-win32.exe/main/getaction ( 2 deep )
/puzzlum-win32.exe/main/getaction ( 2 deep )
/puzzlum-win32.exe/main/crtnbldr ( 2 deep )
/puzzlum-win32.exe/main/crtnbldr/statgain ( 3 deep )
/puzzlum-win32.exe/main/crtnbldr/statmax ( 3 deep )
/puzzlum-win32.exe/main/crtnbldr/nextaction ( 3 deep )
/puzzlum-win32.exe/main/crtnbldr/nextaction/am ( 4 deep )
/puzzlum-win32.exe/main/crtnbldr/nextaction/newaction ( 4 deep )
/puzzlum-win32.exe/main/crtnbldr/nextaction/newaction/getaction ( 5 deep )
/puzzlum-win32.exe/main/crtnbldr/nextaction/newaction/randomaction ( 5 deep )
/puzzlum-win32.exe/main/crtnbldr/nextaction/putaction ( 4 deep )
/puzzlum-win32.exe/main/crtnbldr/autolevelup ( 3 deep )
/puzzlum-win32.exe/main/crtnbldr/autolevelup/am ( 4 deep )
/puzzlum-win32.exe/main/crtnbldr/autolevelup/levelup ( 4 deep )
/puzzlum-win32.exe/main/getaction ( 2 deep )
/puzzlum-win32.exe/main/getaction ( 2 deep )
/puzzlum-win32.exe/main/getaction ( 2 deep )
/puzzlum-win32.exe/main/crtnweb ( 2 deep )
/puzzlum-win32.exe/main/crtnweb/statgain ( 3 deep )
/puzzlum-win32.exe/main/crtnweb/statmax ( 3 deep )
/puzzlum-win32.exe/main/crtnweb/getaction ( 3 deep )
/puzzlum-win32.exe/main/crtnweb/nextaction ( 3 deep )
/puzzlum-win32.exe/main/crtnweb/nextaction/am ( 4 deep )
/puzzlum-win32.exe/main/crtnweb/nextaction/newaction ( 4 deep )
/puzzlum-win32.exe/main/crtnweb/nextaction/newaction/getaction ( 5 deep )
/puzzlum-win32.exe/main/crtnweb/nextaction/newaction/randomaction ( 5 deep )
/puzzlum-win32.exe/main/crtnweb/nextaction/putaction ( 4 deep )
/puzzlum-win32.exe/main/crtnweb/actnspdr ( 3 deep )
/puzzlum-win32.exe/main/crtnweb/actnspdr/blankcheck ( 4 deep )
/puzzlum-win32.exe/main/crtnweb/actnspdr/blankcheck/inbounds ( 5 deep )
/puzzlum-win32.exe/main/crtnweb/actnspdr/blankcheck/are ( 5 deep )
/puzzlum-win32.exe/main/crtnweb/autolevelup ( 3 deep )
/puzzlum-win32.exe/main/crtnweb/autolevelup/am ( 4 deep )
/puzzlum-win32.exe/main/crtnweb/autolevelup/levelup ( 4 deep )
/puzzlum-win32.exe/main/getaction ( 2 deep )
/puzzlum-win32.exe/main/getaction ( 2 deep )
/puzzlum-win32.exe/main/crtnshkt ( 2 deep )
/puzzlum-win32.exe/main/crtnshkt/statgain ( 3 deep )
/puzzlum-win32.exe/main/crtnshkt/statmax ( 3 deep )
/puzzlum-win32.exe/main/crtnshkt/nextaction ( 3 deep )
/puzzlum-win32.exe/main/crtnshkt/nextaction/am ( 4 deep )
/puzzlum-win32.exe/main/crtnshkt/nextaction/newaction ( 4 deep )
/puzzlum-win32.exe/main/crtnshkt/nextaction/newaction/getaction ( 5 deep )
/puzzlum-win32.exe/main/crtnshkt/nextaction/newaction/randomaction ( 5 deep )
/puzzlum-win32.exe/main/crtnshkt/nextaction/putaction ( 4 deep )
/puzzlum-win32.exe/main/crtnshkt/actnmove ( 3 deep )
/puzzlum-win32.exe/main/crtnshkt/actnmove/blankcheck ( 4 deep )
/puzzlum-win32.exe/main/crtnshkt/actnmove/blankcheck/inbounds ( 5 deep )
/puzzlum-win32.exe/main/crtnshkt/actnmove/blankcheck/are ( 5 deep )
/puzzlum-win32.exe/main/crtnshkt/actnmove/move ( 4 deep )
/puzzlum-win32.exe/main/crtnshkt/actnmove/move/are ( 5 deep )
/puzzlum-win32.exe/main/crtnshkt/actnmove/move/here ( 5 deep )
/puzzlum-win32.exe/main/crtnshkt/actnmove/move/there ( 5 deep )
/puzzlum-win32.exe/main/crtnshkt/actnmove/move/here ( 5 deep )
/puzzlum-win32.exe/main/crtnshkt/actnmove/move/there ( 5 deep )
/puzzlum-win32.exe/main/crtnshkt/autolevelup ( 3 deep )
/puzzlum-win32.exe/main/crtnshkt/autolevelup/am ( 4 deep )
/puzzlum-win32.exe/main/crtnshkt/autolevelup/levelup ( 4 deep )
/puzzlum-win32.exe/main/getaction ( 2 deep )
/puzzlum-win32.exe/main/getaction ( 2 deep )
/puzzlum-win32.exe/main/getaction ( 2 deep )
/puzzlum-win32.exe/main/getaction ( 2 deep )
/puzzlum-win32.exe/main/getaction ( 2 deep )
/puzzlum-win32.exe/main/getaction ( 2 deep )
/puzzlum-win32.exe/main/getaction ( 2 deep )
/puzzlum-win32.exe/main/getaction ( 2 deep )
/puzzlum-win32.exe/main/crtnspdr ( 2 deep )
/puzzlum-win32.exe/main/crtnspdr/statgain ( 3 deep )
/puzzlum-win32.exe/main/crtnspdr/statmax ( 3 deep )
/puzzlum-win32.exe/main/crtnspdr/nextaction ( 3 deep )
/puzzlum-win32.exe/main/crtnspdr/nextaction/am ( 4 deep )
/puzzlum-win32.exe/main/crtnspdr/nextaction/newaction ( 4 deep )
/puzzlum-win32.exe/main/crtnspdr/nextaction/newaction/getaction ( 5 deep )
/puzzlum-win32.exe/main/crtnspdr/nextaction/newaction/randomaction ( 5 deep )
/puzzlum-win32.exe/main/crtnspdr/nextaction/putaction ( 4 deep )
/puzzlum-win32.exe/main/crtnspdr/actnmove ( 3 deep )
/puzzlum-win32.exe/main/crtnspdr/actnmove/blankcheck ( 4 deep )
/puzzlum-win32.exe/main/crtnspdr/actnmove/blankcheck/inbounds ( 5 deep )
/puzzlum-win32.exe/main/crtnspdr/actnmove/blankcheck/are ( 5 deep )
/puzzlum-win32.exe/main/crtnspdr/actnmove/move ( 4 deep )
/puzzlum-win32.exe/main/crtnspdr/actnmove/move/are ( 5 deep )
/puzzlum-win32.exe/main/crtnspdr/actnmove/move/here ( 5 deep )
/puzzlum-win32.exe/main/crtnspdr/actnmove/move/there ( 5 deep )
/puzzlum-win32.exe/main/crtnspdr/actnmove/move/here ( 5 deep )
/puzzlum-win32.exe/main/crtnspdr/actnmove/move/there ( 5 deep )
/puzzlum-win32.exe/main/crtnspdr/actnmove/move/swapdata ( 5 deep )
/puzzlum-win32.exe/main/crtnspdr/autolevelup ( 3 deep )
/puzzlum-win32.exe/main/crtnspdr/autolevelup/am ( 4 deep )
/puzzlum-win32.exe/main/crtnspdr/autolevelup/levelup ( 4 deep )
/puzzlum-win32.exe/main/getaction ( 2 deep )
/puzzlum-win32.exe/main/getaction ( 2 deep )
/puzzlum-win32.exe/main/getaction ( 2 deep )
/puzzlum-win32.exe/main/crtnbldr ( 2 deep )
/puzzlum-win32.exe/main/crtnbldr/statgain ( 3 deep )
/puzzlum-win32.exe/main/crtnbldr/statmax ( 3 deep )
/puzzlum-win32.exe/main/crtnbldr/nextaction ( 3 deep )
/puzzlum-win32.exe/main/crtnbldr/nextaction/am ( 4 deep )
/puzzlum-win32.exe/main/crtnbldr/nextaction/newaction ( 4 deep )
/puzzlum-win32.exe/main/crtnbldr/nextaction/newaction/getaction ( 5 deep )
/puzzlum-win32.exe/main/crtnbldr/nextaction/newaction/randomaction ( 5 deep )
/puzzlum-win32.exe/main/crtnbldr/nextaction/putaction ( 4 deep )
/puzzlum-win32.exe/main/crtnbldr/autolevelup ( 3 deep )
/puzzlum-win32.exe/main/crtnbldr/autolevelup/am ( 4 deep )
/puzzlum-win32.exe/main/crtnbldr/autolevelup/levelup ( 4 deep )
/puzzlum-win32.exe/main/getaction ( 2 deep )
/puzzlum-win32.exe/main/getaction ( 2 deep )
/puzzlum-win32.exe/main/getaction ( 2 deep )
/puzzlum-win32.exe/main/getaction ( 2 deep )
/puzzlum-win32.exe/main/getaction ( 2 deep )
/puzzlum-win32.exe/main/getaction ( 2 deep )
/puzzlum-win32.exe/main/getaction ( 2 deep )
/puzzlum-win32.exe/main/getaction ( 2 deep )
/puzzlum-win32.exe/main/getaction ( 2 deep )
/puzzlum-win32.exe/main/getaction ( 2 deep )
/puzzlum-win32.exe/main/getaction ( 2 deep )
/puzzlum-win32.exe/main/getaction ( 2 deep )
/puzzlum-win32.exe/main/getaction ( 2 deep )
/puzzlum-win32.exe/main/getaction ( 2 deep )
/puzzlum-win32.exe/main/getaction ( 2 deep )
/puzzlum-win32.exe/main/getaction ( 2 deep )
/puzzlum-win32.exe/main/getaction ( 2 deep )
/puzzlum-win32.exe/main/getaction ( 2 deep )
/puzzlum-win32.exe/main/getaction ( 2 deep )
/puzzlum-win32.exe/main/getaction ( 2 deep )
/puzzlum-win32.exe/main/getaction ( 2 deep )
/puzzlum-win32.exe/main/getaction ( 2 deep )
/puzzlum-win32.exe/main/getaction ( 2 deep )
/puzzlum-win32.exe/main/getaction ( 2 deep )
/puzzlum-win32.exe/main/getaction ( 2 deep )
/puzzlum-win32.exe/main/getaction ( 2 deep )
/puzzlum-win32.exe/main/getaction ( 2 deep )
/puzzlum-win32.exe/main/getaction ( 2 deep )
/puzzlum-win32.exe/main/getaction ( 2 deep )
/puzzlum-win32.exe/main/getaction ( 2 deep )
/puzzlum-win32.exe/main/getaction ( 2 deep )
/puzzlum-win32.exe/main/crtnspdr ( 2 deep )
/puzzlum-win32.exe/main/crtnspdr/statgain ( 3 deep )
/puzzlum-win32.exe/main/crtnspdr/statmax ( 3 deep )
/puzzlum-win32.exe/main/crtnspdr/nextaction ( 3 deep )
/puzzlum-win32.exe/main/crtnspdr/nextaction/am ( 4 deep )
/puzzlum-win32.exe/main/crtnspdr/nextaction/newaction ( 4 deep )
/puzzlum-win32.exe/main/crtnspdr/nextaction/newaction/getaction ( 5 deep )
/puzzlum-win32.exe/main/crtnspdr/nextaction/newaction/randomaction ( 5 deep )
/puzzlum-win32.exe/main/crtnspdr/nextaction/putaction ( 4 deep )
/puzzlum-win32.exe/main/crtnspdr/actnmove ( 3 deep )
/puzzlum-win32.exe/main/crtnspdr/actnmove/blankcheck ( 4 deep )
/puzzlum-win32.exe/main/crtnspdr/actnmove/blankcheck/inbounds ( 5 deep )
/puzzlum-win32.exe/main/crtnspdr/actnmove/blankcheck/are ( 5 deep )
/puzzlum-win32.exe/main/crtnspdr/actnmove/move ( 4 deep )
/puzzlum-win32.exe/main/crtnspdr/actnmove/move/are ( 5 deep )
/puzzlum-win32.exe/main/crtnspdr/actnmove/move/here ( 5 deep )
/puzzlum-win32.exe/main/crtnspdr/actnmove/move/there ( 5 deep )
/puzzlum-win32.exe/main/crtnspdr/actnmove/move/here ( 5 deep )
/puzzlum-win32.exe/main/crtnspdr/actnmove/move/there ( 5 deep )
/puzzlum-win32.exe/main/crtnspdr/actnmove/move/swapdata ( 5 deep )
/puzzlum-win32.exe/main/crtnspdr/autolevelup ( 3 deep )
/puzzlum-win32.exe/main/crtnspdr/autolevelup/am ( 4 deep )
/puzzlum-win32.exe/main/crtnspdr/autolevelup/levelup ( 4 deep )
/puzzlum-win32.exe/main/getaction ( 2 deep )
/puzzlum-win32.exe/main/getaction ( 2 deep )
/puzzlum-win32.exe/main/getaction ( 2 deep )
/puzzlum-win32.exe/main/getaction ( 2 deep )
/puzzlum-win32.exe/main/getaction ( 2 deep )
/puzzlum-win32.exe/main/crtnbldr ( 2 deep )
/puzzlum-win32.exe/main/crtnbldr/statgain ( 3 deep )
/puzzlum-win32.exe/main/crtnbldr/statmax ( 3 deep )
/puzzlum-win32.exe/main/crtnbldr/nextaction ( 3 deep )
/puzzlum-win32.exe/main/crtnbldr/nextaction/am ( 4 deep )
/puzzlum-win32.exe/main/crtnbldr/nextaction/newaction ( 4 deep )
/puzzlum-win32.exe/main/crtnbldr/nextaction/newaction/getaction ( 5 deep )
/puzzlum-win32.exe/main/crtnbldr/nextaction/newaction/randomaction ( 5 deep )
/puzzlum-win32.exe/main/crtnbldr/nextaction/putaction ( 4 deep )
/puzzlum-win32.exe/main/crtnbldr/autolevelup ( 3 deep )
/puzzlum-win32.exe/main/crtnbldr/autolevelup/am ( 4 deep )
/puzzlum-win32.exe/main/crtnbldr/autolevelup/levelup ( 4 deep )
/puzzlum-win32.exe/main/getaction ( 2 deep )
/puzzlum-win32.exe/main/getaction ( 2 deep )
/puzzlum-win32.exe/main/getaction ( 2 deep )
/puzzlum-win32.exe/main/getaction ( 2 deep )
/puzzlum-win32.exe/main/getaction ( 2 deep )
/puzzlum-win32.exe/main/crtndtby ( 2 deep )
/puzzlum-win32.exe/main/crtndtby/statgain ( 3 deep )
/puzzlum-win32.exe/main/crtndtby/statmax ( 3 deep )
/puzzlum-win32.exe/main/crtndtby/nextaction ( 3 deep )
/puzzlum-win32.exe/main/crtndtby/nextaction/am ( 4 deep )
/puzzlum-win32.exe/main/crtndtby/nextaction/newaction ( 4 deep )
/puzzlum-win32.exe/main/crtndtby/nextaction/newaction/getaction ( 5 deep )
/puzzlum-win32.exe/main/crtndtby/nextaction/newaction/randomaction ( 5 deep )
/puzzlum-win32.exe/main/crtndtby/nextaction/putaction ( 4 deep )
/puzzlum-win32.exe/main/crtndtby/actndust ( 3 deep )
/puzzlum-win32.exe/main/crtndtby/actndust/blankcheck ( 4 deep )
/puzzlum-win32.exe/main/crtndtby/actndust/blankcheck/inbounds ( 5 deep )
/puzzlum-win32.exe/main/crtndtby/actndust/blankcheck/are ( 5 deep )
/puzzlum-win32.exe/main/crtndtby/actndust/blankcheck ( 4 deep )
/puzzlum-win32.exe/main/crtndtby/actndust/blankcheck/inbounds ( 5 deep )
/puzzlum-win32.exe/main/crtndtby/actndust/blankcheck/are ( 5 deep )
/puzzlum-win32.exe/main/crtndtby/autolevelup ( 3 deep )
/puzzlum-win32.exe/main/crtndtby/autolevelup/am ( 4 deep )
/puzzlum-win32.exe/main/crtndtby/autolevelup/levelup ( 4 deep )
/puzzlum-win32.exe/main/getaction ( 2 deep )
/puzzlum-win32.exe/main/getaction ( 2 deep )
/puzzlum-win32.exe/main/getaction ( 2 deep )
/puzzlum-win32.exe/main/getaction ( 2 deep )
/puzzlum-win32.exe/main/getaction ( 2 deep )
/puzzlum-win32.exe/main/crtnpndx ( 2 deep )
/puzzlum-win32.exe/main/crtnpndx/statgain ( 3 deep )
/puzzlum-win32.exe/main/crtnpndx/statmax ( 3 deep )
/puzzlum-win32.exe/main/crtnpndx/nextaction ( 3 deep )
/puzzlum-win32.exe/main/crtnpndx/nextaction/am ( 4 deep )
/puzzlum-win32.exe/main/crtnpndx/nextaction/getaction ( 4 deep )
/puzzlum-win32.exe/main/crtnpndx/autolevelup ( 3 deep )
/puzzlum-win32.exe/main/crtnpndx/autolevelup/am ( 4 deep )
/puzzlum-win32.exe/main/getaction ( 2 deep )
/puzzlum-win32.exe/main/getaction ( 2 deep )
/puzzlum-win32.exe/main/getaction ( 2 deep )
/puzzlum-win32.exe/main/getaction ( 2 deep )
/puzzlum-win32.exe/main/getaction ( 2 deep )
/puzzlum-win32.exe/main/getaction ( 2 deep )
/puzzlum-win32.exe/main/crtnshkt ( 2 deep )
/puzzlum-win32.exe/main/crtnshkt/statgain ( 3 deep )
/puzzlum-win32.exe/main/crtnshkt/statmax ( 3 deep )
/puzzlum-win32.exe/main/crtnshkt/nextaction ( 3 deep )
/puzzlum-win32.exe/main/crtnshkt/nextaction/am ( 4 deep )
/puzzlum-win32.exe/main/crtnshkt/nextaction/newaction ( 4 deep )
/puzzlum-win32.exe/main/crtnshkt/nextaction/newaction/getaction ( 5 deep )
/puzzlum-win32.exe/main/crtnshkt/nextaction/newaction/randomaction ( 5 deep )
/puzzlum-win32.exe/main/crtnshkt/nextaction/putaction ( 4 deep )
/puzzlum-win32.exe/main/crtnshkt/actndggr ( 3 deep )
/puzzlum-win32.exe/main/crtnshkt/actndggr/blankcheck ( 4 deep )
/puzzlum-win32.exe/main/crtnshkt/actndggr/blankcheck/inbounds ( 5 deep )
/puzzlum-win32.exe/main/crtnshkt/actndggr/blankcheck/are ( 5 deep )
/puzzlum-win32.exe/main/crtnshkt/autolevelup ( 3 deep )
/puzzlum-win32.exe/main/crtnshkt/autolevelup/am ( 4 deep )
/puzzlum-win32.exe/main/crtnshkt/autolevelup/levelup ( 4 deep )
/puzzlum-win32.exe/main/getaction ( 2 deep )
/puzzlum-win32.exe/main/getaction ( 2 deep )
/puzzlum-win32.exe/main/getaction ( 2 deep )
/puzzlum-win32.exe/main/getaction ( 2 deep )
/puzzlum-win32.exe/main/getaction ( 2 deep )
/puzzlum-win32.exe/main/crtndtby ( 2 deep )
/puzzlum-win32.exe/main/crtndtby/statgain ( 3 deep )
/puzzlum-win32.exe/main/crtndtby/statmax ( 3 deep )
/puzzlum-win32.exe/main/crtndtby/nextaction ( 3 deep )
/puzzlum-win32.exe/main/crtndtby/nextaction/am ( 4 deep )
/puzzlum-win32.exe/main/crtndtby/nextaction/newaction ( 4 deep )
/puzzlum-win32.exe/main/crtndtby/nextaction/newaction/getaction ( 5 deep )
/puzzlum-win32.exe/main/crtndtby/nextaction/newaction/randomaction ( 5 deep )
/puzzlum-win32.exe/main/crtndtby/nextaction/putaction ( 4 deep )
/puzzlum-win32.exe/main/crtndtby/actndtby ( 3 deep )
/puzzlum-win32.exe/main/crtndtby/actndtby/blankcheck ( 4 deep )
/puzzlum-win32.exe/main/crtndtby/actndtby/blankcheck/inbounds ( 5 deep )
/puzzlum-win32.exe/main/crtndtby/actndtby/blankcheck/are ( 5 deep )
/puzzlum-win32.exe/main/crtndtby/actndtby/castdtby ( 4 deep )
/puzzlum-win32.exe/main/crtndtby/autolevelup ( 3 deep )
/puzzlum-win32.exe/main/crtndtby/autolevelup/am ( 4 deep )
/puzzlum-win32.exe/main/crtndtby/autolevelup/levelup ( 4 deep )
/puzzlum-win32.exe/main/getaction ( 2 deep )
/puzzlum-win32.exe/main/getaction ( 2 deep )
/puzzlum-win32.exe/main/getaction ( 2 deep )
/puzzlum-win32.exe/main/getaction ( 2 deep )
/puzzlum-win32.exe/main/getaction ( 2 deep )
/puzzlum-win32.exe/main/getaction ( 2 deep )
/puzzlum-win32.exe/main/crtnimp ( 2 deep )
/puzzlum-win32.exe/main/crtnimp/statgain ( 3 deep )
/puzzlum-win32.exe/main/crtnimp/statmax ( 3 deep )
/puzzlum-win32.exe/main/crtnimp/nextaction ( 3 deep )
/puzzlum-win32.exe/main/crtnimp/nextaction/am ( 4 deep )
/puzzlum-win32.exe/main/crtnimp/nextaction/getaction ( 4 deep )
/puzzlum-win32.exe/main/crtnimp/autolevelup ( 3 deep )
/puzzlum-win32.exe/main/crtnimp/autolevelup/am ( 4 deep )
/puzzlum-win32.exe/main/getaction ( 2 deep )
/puzzlum-win32.exe/main/getaction ( 2 deep )
/puzzlum-win32.exe/main/crtndtby ( 2 deep )
/puzzlum-win32.exe/main/crtndtby/statgain ( 3 deep )
/puzzlum-win32.exe/main/crtndtby/statmax ( 3 deep )
/puzzlum-win32.exe/main/crtndtby/nextaction ( 3 deep )
/puzzlum-win32.exe/main/crtndtby/nextaction/am ( 4 deep )
/puzzlum-win32.exe/main/crtndtby/nextaction/newaction ( 4 deep )
/puzzlum-win32.exe/main/crtndtby/nextaction/newaction/getaction ( 5 deep )
/puzzlum-win32.exe/main/crtndtby/nextaction/newaction/randomaction ( 5 deep )
/puzzlum-win32.exe/main/crtndtby/nextaction/putaction ( 4 deep )
/puzzlum-win32.exe/main/crtndtby/actndust ( 3 deep )
/puzzlum-win32.exe/main/crtndtby/actndust/blankcheck ( 4 deep )
/puzzlum-win32.exe/main/crtndtby/actndust/blankcheck/inbounds ( 5 deep )
/puzzlum-win32.exe/main/crtndtby/actndust/blankcheck/are ( 5 deep )
/puzzlum-win32.exe/main/crtndtby/actndust/castdust ( 4 deep )
/puzzlum-win32.exe/main/crtndtby/autolevelup ( 3 deep )
/puzzlum-win32.exe/main/crtndtby/autolevelup/am ( 4 deep )
/puzzlum-win32.exe/main/crtndtby/autolevelup/levelup ( 4 deep )
/puzzlum-win32.exe/main/getaction ( 2 deep )
/puzzlum-win32.exe/main/getaction ( 2 deep )
/puzzlum-win32.exe/main/getaction ( 2 deep )
/puzzlum-win32.exe/main/getaction ( 2 deep )
/puzzlum-win32.exe/main/getaction ( 2 deep )
/puzzlum-win32.exe/main/getaction ( 2 deep )
/puzzlum-win32.exe/main/getaction ( 2 deep )
/puzzlum-win32.exe/main/crtndtby ( 2 deep )
/puzzlum-win32.exe/main/crtndtby/statgain ( 3 deep )
/puzzlum-win32.exe/main/crtndtby/statmax ( 3 deep )
/puzzlum-win32.exe/main/crtndtby/nextaction ( 3 deep )
/puzzlum-win32.exe/main/crtndtby/nextaction/am ( 4 deep )
/puzzlum-win32.exe/main/crtndtby/nextaction/newaction ( 4 deep )
/puzzlum-win32.exe/main/crtndtby/nextaction/newaction/getaction ( 5 deep )
/puzzlum-win32.exe/main/crtndtby/nextaction/newaction/randomaction ( 5 deep )
/puzzlum-win32.exe/main/crtndtby/nextaction/putaction ( 4 deep )
/puzzlum-win32.exe/main/crtndtby/actnmove ( 3 deep )
/puzzlum-win32.exe/main/crtndtby/actnmove/blankcheck ( 4 deep )
/puzzlum-win32.exe/main/crtndtby/actnmove/blankcheck/inbounds ( 5 deep )
/puzzlum-win32.exe/main/crtndtby/actnmove/blankcheck/are ( 5 deep )
/puzzlum-win32.exe/main/crtndtby/actnmove/move ( 4 deep )
/puzzlum-win32.exe/main/crtndtby/actnmove/move/are ( 5 deep )
/puzzlum-win32.exe/main/crtndtby/actnmove/move/here ( 5 deep )
/puzzlum-win32.exe/main/crtndtby/actnmove/move/there ( 5 deep )
/puzzlum-win32.exe/main/crtndtby/actnmove/move/here ( 5 deep )
/puzzlum-win32.exe/main/crtndtby/actnmove/move/there ( 5 deep )
/puzzlum-win32.exe/main/crtndtby/actnmove/move/swapdata ( 5 deep )
/puzzlum-win32.exe/main/crtndtby/autolevelup ( 3 deep )
/puzzlum-win32.exe/main/crtndtby/autolevelup/am ( 4 deep )
/puzzlum-win32.exe/main/crtndtby/autolevelup/levelup ( 4 deep )
/puzzlum-win32.exe/main/getaction ( 2 deep )
/puzzlum-win32.exe/main/getaction ( 2 deep )
/puzzlum-win32.exe/main/getaction ( 2 deep )
/puzzlum-win32.exe/main/getaction ( 2 deep )
/puzzlum-win32.exe/main/getaction ( 2 deep )
/puzzlum-win32.exe/main/getaction ( 2 deep )
/puzzlum-win32.exe/main/getaction ( 2 deep )
/puzzlum-win32.exe/main/getaction ( 2 deep )
/puzzlum-win32.exe/main/getaction ( 2 deep )
/puzzlum-win32.exe/main/getaction ( 2 deep )
/puzzlum-win32.exe/main/getaction ( 2 deep )
/puzzlum-win32.exe/main/getaction ( 2 deep )
/puzzlum-win32.exe/main/getaction ( 2 deep )
/puzzlum-win32.exe/main/getaction ( 2 deep )
/puzzlum-win32.exe/main/getaction ( 2 deep )
/puzzlum-win32.exe/main/getaction ( 2 deep )
/puzzlum-win32.exe/main/getaction ( 2 deep )
/puzzlum-win32.exe/main/getaction ( 2 deep )
/puzzlum-win32.exe/main/getaction ( 2 deep )
/puzzlum-win32.exe/main/getaction ( 2 deep )
/puzzlum-win32.exe/main/getaction ( 2 deep )
/puzzlum-win32.exe/main/getaction ( 2 deep )
/puzzlum-win32.exe/main/getaction ( 2 deep )
/puzzlum-win32.exe/main/getaction ( 2 deep )
/puzzlum-win32.exe/main/getaction ( 2 deep )
/puzzlum-win32.exe/main/getaction ( 2 deep )
/puzzlum-win32.exe/main/getaction ( 2 deep )
/puzzlum-win32.exe/main/getaction ( 2 deep )
/puzzlum-win32.exe/main/getaction ( 2 deep )
/puzzlum-win32.exe/main/getaction ( 2 deep )
/puzzlum-win32.exe/main/getaction ( 2 deep )
/puzzlum-win32.exe/main/getaction ( 2 deep )
/puzzlum-win32.exe/main/getaction ( 2 deep )
/puzzlum-win32.exe/main/getaction ( 2 deep )
/puzzlum-win32.exe/main/getaction ( 2 deep )
/puzzlum-win32.exe/main/getaction ( 2 deep )
/puzzlum-win32.exe/main/getaction ( 2 deep )
/puzzlum-win32.exe/main/crtngrml ( 2 deep )
/puzzlum-win32.exe/main/crtngrml/statgain ( 3 deep )
/puzzlum-win32.exe/main/crtngrml/statmax ( 3 deep )
/puzzlum-win32.exe/main/crtngrml/nextaction ( 3 deep )
/puzzlum-win32.exe/main/crtngrml/nextaction/am ( 4 deep )
/puzzlum-win32.exe/main/crtngrml/nextaction/newaction ( 4 deep )
/puzzlum-win32.exe/main/crtngrml/nextaction/newaction/getaction ( 5 deep )
/puzzlum-win32.exe/main/crtngrml/nextaction/newaction/randomaction ( 5 deep )
/puzzlum-win32.exe/main/crtngrml/nextaction/putaction ( 4 deep )
/puzzlum-win32.exe/main/crtngrml/autolevelup ( 3 deep )
/puzzlum-win32.exe/main/crtngrml/autolevelup/am ( 4 deep )
/puzzlum-win32.exe/main/crtngrml/autolevelup/levelup ( 4 deep )
/puzzlum-win32.exe/main/getaction ( 2 deep )
/puzzlum-win32.exe/main/getaction ( 2 deep )
/puzzlum-win32.exe/main/getaction ( 2 deep )
/puzzlum-win32.exe/main/getaction ( 2 deep )
/puzzlum-win32.exe/main/getaction ( 2 deep )
/puzzlum-win32.exe/main/getaction ( 2 deep )
/puzzlum-win32.exe/main/getaction ( 2 deep )
/puzzlum-win32.exe/main/getaction ( 2 deep )
/puzzlum-win32.exe/main/getaction ( 2 deep )
/puzzlum-win32.exe/main/getaction ( 2 deep )
/puzzlum-win32.exe/main/getaction ( 2 deep )
/puzzlum-win32.exe/main/getaction ( 2 deep )
/puzzlum-win32.exe/main/getaction ( 2 deep )
/puzzlum-win32.exe/main/getaction ( 2 deep )
/puzzlum-win32.exe/main/getaction ( 2 deep )
/puzzlum-win32.exe/main/crtndtby ( 2 deep )
/puzzlum-win32.exe/main/crtndtby/statgain ( 3 deep )
/puzzlum-win32.exe/main/crtndtby/statmax ( 3 deep )
/puzzlum-win32.exe/main/crtndtby/nextaction ( 3 deep )
/puzzlum-win32.exe/main/crtndtby/nextaction/am ( 4 deep )
/puzzlum-win32.exe/main/crtndtby/nextaction/newaction ( 4 deep )
/puzzlum-win32.exe/main/crtndtby/nextaction/newaction/getaction ( 5 deep )
/puzzlum-win32.exe/main/crtndtby/nextaction/newaction/randomaction ( 5 deep )
/puzzlum-win32.exe/main/crtndtby/nextaction/putaction ( 4 deep )
/puzzlum-win32.exe/main/crtndtby/autolevelup ( 3 deep )
/puzzlum-win32.exe/main/crtndtby/autolevelup/am ( 4 deep )
/puzzlum-win32.exe/main/crtndtby/autolevelup/levelup ( 4 deep )
/puzzlum-win32.exe/main/getaction ( 2 deep )
/puzzlum-win32.exe/main/getaction ( 2 deep )
/puzzlum-win32.exe/main/getaction ( 2 deep )
/puzzlum-win32.exe/main/getaction ( 2 deep )
/puzzlum-win32.exe/main/getaction ( 2 deep )
/puzzlum-win32.exe/main/crtngrml ( 2 deep )
/puzzlum-win32.exe/main/crtngrml/statgain ( 3 deep )
/puzzlum-win32.exe/main/crtngrml/statmax ( 3 deep )
/puzzlum-win32.exe/main/crtngrml/nextaction ( 3 deep )
/puzzlum-win32.exe/main/crtngrml/nextaction/am ( 4 deep )
/puzzlum-win32.exe/main/crtngrml/nextaction/newaction ( 4 deep )
/puzzlum-win32.exe/main/crtngrml/nextaction/newaction/getaction ( 5 deep )
/puzzlum-win32.exe/main/crtngrml/nextaction/newaction/randomaction ( 5 deep )
/puzzlum-win32.exe/main/crtngrml/nextaction/putaction ( 4 deep )
/puzzlum-win32.exe/main/crtngrml/actnbite ( 3 deep )
/puzzlum-win32.exe/main/crtngrml/actnbite/blankcheck ( 4 deep )
/puzzlum-win32.exe/main/crtngrml/actnbite/blankcheck/inbounds ( 5 deep )
/puzzlum-win32.exe/main/crtngrml/actnbite/blankcheck/are ( 5 deep )
/puzzlum-win32.exe/main/crtngrml/autolevelup ( 3 deep )
/puzzlum-win32.exe/main/crtngrml/autolevelup/am ( 4 deep )
/puzzlum-win32.exe/main/crtngrml/autolevelup/levelup ( 4 deep )
/puzzlum-win32.exe/main/getaction ( 2 deep )
/puzzlum-win32.exe/main/getaction ( 2 deep )
/puzzlum-win32.exe/main/getaction ( 2 deep )
/puzzlum-win32.exe/main/getaction ( 2 deep )
/puzzlum-win32.exe/main/crtnemgd ( 2 deep )
/puzzlum-win32.exe/main/crtnemgd/statgain ( 3 deep )
/puzzlum-win32.exe/main/crtnemgd/statmax ( 3 deep )
/puzzlum-win32.exe/main/crtnemgd/nextaction ( 3 deep )
/puzzlum-win32.exe/main/crtnemgd/nextaction/am ( 4 deep )
/puzzlum-win32.exe/main/crtnemgd/nextaction/newaction ( 4 deep )
/puzzlum-win32.exe/main/crtnemgd/nextaction/newaction/getaction ( 5 deep )
/puzzlum-win32.exe/main/crtnemgd/nextaction/newaction/randomaction ( 5 deep )
/puzzlum-win32.exe/main/crtnemgd/nextaction/putaction ( 4 deep )
/puzzlum-win32.exe/main/crtnemgd/actnpnch ( 3 deep )
/puzzlum-win32.exe/main/crtnemgd/actnpnch/blankcheck ( 4 deep )
/puzzlum-win32.exe/main/crtnemgd/actnpnch/blankcheck/inbounds ( 5 deep )
/puzzlum-win32.exe/main/crtnemgd/actnpnch/blankcheck/are ( 5 deep )
/puzzlum-win32.exe/main/crtnemgd/autolevelup ( 3 deep )
/puzzlum-win32.exe/main/crtnemgd/autolevelup/am ( 4 deep )
/puzzlum-win32.exe/main/crtnemgd/autolevelup/levelup ( 4 deep )
/puzzlum-win32.exe/main/getaction ( 2 deep )
/puzzlum-win32.exe/main/getaction ( 2 deep )
/puzzlum-win32.exe/main/getaction ( 2 deep )
/puzzlum-win32.exe/main/getaction ( 2 deep )
/puzzlum-win32.exe/main/getaction ( 2 deep )
/puzzlum-win32.exe/main/getaction ( 2 deep )
/puzzlum-win32.exe/main/getaction ( 2 deep )
/puzzlum-win32.exe/main/getaction ( 2 deep )
/puzzlum-win32.exe/main/crtngrml ( 2 deep )
/puzzlum-win32.exe/main/crtngrml/statgain ( 3 deep )
/puzzlum-win32.exe/main/crtngrml/statmax ( 3 deep )
/puzzlum-win32.exe/main/crtngrml/nextaction ( 3 deep )
/puzzlum-win32.exe/main/crtngrml/nextaction/am ( 4 deep )
/puzzlum-win32.exe/main/crtngrml/nextaction/newaction ( 4 deep )
/puzzlum-win32.exe/main/crtngrml/nextaction/newaction/getaction ( 5 deep )
/puzzlum-win32.exe/main/crtngrml/nextaction/newaction/randomaction ( 5 deep )
/puzzlum-win32.exe/main/crtngrml/nextaction/putaction ( 4 deep )
/puzzlum-win32.exe/main/crtngrml/actnpnch ( 3 deep )
/puzzlum-win32.exe/main/crtngrml/actnpnch/blankcheck ( 4 deep )
/puzzlum-win32.exe/main/crtngrml/actnpnch/blankcheck/inbounds ( 5 deep )
/puzzlum-win32.exe/main/crtngrml/actnpnch/blankcheck/are ( 5 deep )
/puzzlum-win32.exe/main/crtngrml/autolevelup ( 3 deep )
/puzzlum-win32.exe/main/crtngrml/autolevelup/am ( 4 deep )
/puzzlum-win32.exe/main/crtngrml/autolevelup/levelup ( 4 deep )
/puzzlum-win32.exe/main/getaction ( 2 deep )
/puzzlum-win32.exe/main/getaction ( 2 deep )
/puzzlum-win32.exe/main/getaction ( 2 deep )
/puzzlum-win32.exe/main/crtngrml ( 2 deep )
/puzzlum-win32.exe/main/crtngrml/statgain ( 3 deep )
/puzzlum-win32.exe/main/crtngrml/statmax ( 3 deep )
/puzzlum-win32.exe/main/crtngrml/nextaction ( 3 deep )
/puzzlum-win32.exe/main/crtngrml/nextaction/am ( 4 deep )
/puzzlum-win32.exe/main/crtngrml/nextaction/newaction ( 4 deep )
/puzzlum-win32.exe/main/crtngrml/nextaction/newaction/getaction ( 5 deep )
/puzzlum-win32.exe/main/crtngrml/nextaction/newaction/randomaction ( 5 deep )
/puzzlum-win32.exe/main/crtngrml/nextaction/putaction ( 4 deep )
/puzzlum-win32.exe/main/crtngrml/actnbite ( 3 deep )
/puzzlum-win32.exe/main/crtngrml/actnbite/blankcheck ( 4 deep )
/puzzlum-win32.exe/main/crtngrml/actnbite/blankcheck/inbounds ( 5 deep )
/puzzlum-win32.exe/main/crtngrml/actnbite/blankcheck/are ( 5 deep )
/puzzlum-win32.exe/main/crtngrml/autolevelup ( 3 deep )
/puzzlum-win32.exe/main/crtngrml/autolevelup/am ( 4 deep )
/puzzlum-win32.exe/main/crtngrml/autolevelup/levelup ( 4 deep )
/puzzlum-win32.exe/main/getaction ( 2 deep )
/puzzlum-win32.exe/main/getaction ( 2 deep )
/puzzlum-win32.exe/main/getaction ( 2 deep )
/puzzlum-win32.exe/main/getaction ( 2 deep )
/puzzlum-win32.exe/main/getaction ( 2 deep )
/puzzlum-win32.exe/main/getaction ( 2 deep )
/puzzlum-win32.exe/main/getaction ( 2 deep )
/puzzlum-win32.exe/main/getaction ( 2 deep )
/puzzlum-win32.exe/main/getaction ( 2 deep )
/puzzlum-win32.exe/main/getaction ( 2 deep )
/puzzlum-win32.exe/main/getaction ( 2 deep )
/puzzlum-win32.exe/main/getaction ( 2 deep )
/puzzlum-win32.exe/main/getaction ( 2 deep )
/puzzlum-win32.exe/main/getaction ( 2 deep )
/puzzlum-win32.exe/main/getaction ( 2 deep )
/puzzlum-win32.exe/main/getaction ( 2 deep )
/puzzlum-win32.exe/main/getaction ( 2 deep )
/puzzlum-win32.exe/main/getaction ( 2 deep )
/puzzlum-win32.exe/main/getaction ( 2 deep )
/puzzlum-win32.exe/main/getaction ( 2 deep )
/puzzlum-win32.exe/main/getaction ( 2 deep )
/puzzlum-win32.exe/main/getaction ( 2 deep )
/puzzlum-win32.exe/main/getaction ( 2 deep )
/puzzlum-win32.exe/main/getaction ( 2 deep )
/puzzlum-win32.exe/main/getaction ( 2 deep )
