FreeBASIC Compiler - Version 1.08.1 (2021-07-05), built for win64 (64bit)
Copyright (C) 2004-2021 The FreeBASIC development team.
standalone
target:       win64, x86-64, 64bit
backend:      gcc
compiling:    const.bas -o const.c
compiling C:  C:\FreeBASIC\bin\win64\gcc.exe -m64 -march=x86-64 -S -nostdlib -nostdinc -Wall -Wno-unused-label -Wno-unused-function -Wno-unused-variable -Wno-unused-but-set-variable -Wno-main -Werror-implicit-function-declaration -O0 -fno-strict-aliasing -frounding-math -fno-math-errno -fwrapv -fno-exceptions -fno-unwind-tables -fno-asynchronous-unwind-tables -Wno-format -masm=intel "const.c" -o "const.asm"
assembling:   C:\FreeBASIC\bin\win64\as.exe --64 --strip-local-absolute "const.asm" -o "const.o"
creating:     __fb_ct.inf.bas
compiling:    __fb_ct.inf.bas -o __fb_ct.c (FB compile-time info)
compiling C:  C:\FreeBASIC\bin\win64\gcc.exe -m64 -march=x86-64 -S -nostdlib -nostdinc -Wall -Wno-unused-label -Wno-unused-function -Wno-unused-variable -Wno-unused-but-set-variable -Wno-main -Werror-implicit-function-declaration -O0 -fno-strict-aliasing -frounding-math -fno-math-errno -fwrapv -fno-exceptions -fno-unwind-tables -fno-asynchronous-unwind-tables -Wno-format -masm=intel "__fb_ct.c" -o "__fb_ct.asm"
assembling:   C:\FreeBASIC\bin\win64\as.exe --64 --strip-local-absolute "__fb_ct.asm" -o "__fb_ct.inf"
archiving:    C:\FreeBASIC\bin\win64\ar.exe -rsc "libconst.a" "__fb_ct.inf" "const.o" 
FreeBASIC Compiler - Version 1.08.1 (2021-07-05), built for win64 (64bit)
Copyright (C) 2004-2021 The FreeBASIC development team.
standalone
target:       win64, x86-64, 64bit
backend:      gcc
compiling:    names.bas -o names.c
compiling C:  C:\FreeBASIC\bin\win64\gcc.exe -m64 -march=x86-64 -S -nostdlib -nostdinc -Wall -Wno-unused-label -Wno-unused-function -Wno-unused-variable -Wno-unused-but-set-variable -Wno-main -Werror-implicit-function-declaration -O0 -fno-strict-aliasing -frounding-math -fno-math-errno -fwrapv -fno-exceptions -fno-unwind-tables -fno-asynchronous-unwind-tables -Wno-format -masm=intel "names.c" -o "names.asm"
assembling:   C:\FreeBASIC\bin\win64\as.exe --64 --strip-local-absolute "names.asm" -o "names.o"
creating:     __fb_ct.inf.bas
compiling:    __fb_ct.inf.bas -o __fb_ct.c (FB compile-time info)
compiling C:  C:\FreeBASIC\bin\win64\gcc.exe -m64 -march=x86-64 -S -nostdlib -nostdinc -Wall -Wno-unused-label -Wno-unused-function -Wno-unused-variable -Wno-unused-but-set-variable -Wno-main -Werror-implicit-function-declaration -O0 -fno-strict-aliasing -frounding-math -fno-math-errno -fwrapv -fno-exceptions -fno-unwind-tables -fno-asynchronous-unwind-tables -Wno-format -masm=intel "__fb_ct.c" -o "__fb_ct.asm"
assembling:   C:\FreeBASIC\bin\win64\as.exe --64 --strip-local-absolute "__fb_ct.asm" -o "__fb_ct.inf"
archiving:    C:\FreeBASIC\bin\win64\ar.exe -rsc "libnames.a" "__fb_ct.inf" "names.o" 
FreeBASIC Compiler - Version 1.08.1 (2021-07-05), built for win64 (64bit)
Copyright (C) 2004-2021 The FreeBASIC development team.
standalone
target:       win64, x86-64, 64bit
backend:      gcc
compiling:    clv.bas -o clv.c
compiling C:  C:\FreeBASIC\bin\win64\gcc.exe -m64 -march=x86-64 -S -nostdlib -nostdinc -Wall -Wno-unused-label -Wno-unused-function -Wno-unused-variable -Wno-unused-but-set-variable -Wno-main -Werror-implicit-function-declaration -O0 -fno-strict-aliasing -frounding-math -fno-math-errno -fwrapv -fno-exceptions -fno-unwind-tables -fno-asynchronous-unwind-tables -Wno-format -masm=intel "clv.c" -o "clv.asm"
assembling:   C:\FreeBASIC\bin\win64\as.exe --64 --strip-local-absolute "clv.asm" -o "clv.o"
creating:     __fb_ct.inf.bas
compiling:    __fb_ct.inf.bas -o __fb_ct.c (FB compile-time info)
compiling C:  C:\FreeBASIC\bin\win64\gcc.exe -m64 -march=x86-64 -S -nostdlib -nostdinc -Wall -Wno-unused-label -Wno-unused-function -Wno-unused-variable -Wno-unused-but-set-variable -Wno-main -Werror-implicit-function-declaration -O0 -fno-strict-aliasing -frounding-math -fno-math-errno -fwrapv -fno-exceptions -fno-unwind-tables -fno-asynchronous-unwind-tables -Wno-format -masm=intel "__fb_ct.c" -o "__fb_ct.asm"
assembling:   C:\FreeBASIC\bin\win64\as.exe --64 --strip-local-absolute "__fb_ct.asm" -o "__fb_ct.inf"
archiving:    C:\FreeBASIC\bin\win64\ar.exe -rsc "libclv.a" "__fb_ct.inf" "clv.o" 
libclv.a
libconst.a
libnames.a
        3 file(s) copied.
FreeBASIC Compiler - Version 1.08.1 (2021-07-05), built for win64 (64bit)
Copyright (C) 2004-2021 The FreeBASIC development team.
standalone
target:       win64, x86-64, 64bit
backend:      gcc
compiling:    puzzlum-fbc068.bas -o puzzlum-fbc068.c (main module)
puzzlum-fbc068.bas(357) error 42: Variable not declared, png_load in 'gtmp=png_load(thispath_str + logopath_str + "roe.splash.png")'
puzzlum-fbc068.bas(361) error 42: Variable not declared, png_destroy in 'png_destroy gtmp'
puzzlum-fbc068.bas(3791) error 9: Expected expression, found 'png_load' in 'TransparencyGraphic=png_load(thispath_str + dpath_str + ss2_str + ".png")'
puzzlum-fbc068.bas(3794) error 9: Expected expression, found 'png_load' in 'ColorGraphic=png_load(thispath_str + dpath_str + ss3_str + ".png")'
puzzlum-fbc068.bas(3797) error 3: Expected End-of-Line, found 'png_destroy' in 'png_destroy ColorGraphic'
puzzlum-fbc068.bas(3798) error 3: Expected End-of-Line, found 'png_destroy' in 'png_destroy TransparencyGraphic'
