
<<<<<<< Updated upstream
C:\ag\Roe 068>del "compile-win32.log" 

C:\ag\Roe 068>echo === Roe 068 Win32 x86 Compiler ===  1>>"compile-win32.log" 

C:\ag\Roe 068>echo:  1>>"compile-win32.log" 

C:\ag\Roe 068>echo === Const Library ===  1>>"compile-win32.log" 

C:\ag\Roe 068>"C:\FreeBASIC\fbc32.exe" "const.bas" -lib -v -RR  1>>"compile-win32.log" 

C:\ag\Roe 068>echo:  1>>"compile-win32.log" 

C:\ag\Roe 068>echo === Names Library ===  1>>"compile-win32.log" 

C:\ag\Roe 068>"C:\FreeBASIC\fbc32.exe" "names.bas" -lib -v -RR  1>>"compile-win32.log" 

C:\ag\Roe 068>echo:  1>>"compile-win32.log" 

C:\ag\Roe 068>echo === CLV Library ===  1>>"compile-win32.log" 

C:\ag\Roe 068>"C:\FreeBASIC\fbc32.exe" "clv.bas" -lib -v -RR  1>>"compile-win32.log" 

C:\ag\Roe 068>echo:  1>>"compile-win32.log" 

C:\ag\Roe 068>echo === FBImage Library ===  1>>"compile-win32.log" 

C:\ag\Roe 068>"C:\FreeBASIC\fbc32.exe" "fbimage.bas" -lib -v -RR  1>>"compile-win32.log" 

C:\ag\Roe 068>echo:  1>>"compile-win32.log" 

C:\ag\Roe 068>echo === Roe 068 Copy As 32bit ===  1>>"compile-win32.log" 

C:\ag\Roe 068>copy "puzzlum-fbc068.bas" "Roe068-fbc32.bas"  1>>"compile-win32.log" 

C:\ag\Roe 068>echo:  1>>"compile-win32.log" 

C:\ag\Roe 068>echo === Roe 068 32bit Windows Binary ===  1>>"compile-win32.log" 

C:\ag\Roe 068>"C:\FreeBASIC\fbc32.exe" "Roe068-fbc32.bas" -v -RR -s gui ".\win32\rc\puzzlum.rc"  1>>"compile-win32.log" 

C:\ag\Roe 068>echo:  1>>"compile-win32.log" 

C:\ag\Roe 068>echo === Execute Roe 068 32bit Binary ===  1>>"compile-win32.log" 

C:\ag\Roe 068>"puzzlum-fbc068.exe"

=======
C:\ag\Roe 068>set fbc="C:\FreeBASIC\fbc32.exe" 

C:\ag\Roe 068>set log="compile-win32.log" 

C:\ag\Roe 068>set caption="FreeBASIC x86 Linker Utility" 

C:\ag\Roe 068>set static="Win32 Static Library" 

C:\ag\Roe 068>set binary="32bit Windows Binary" 

C:\ag\Roe 068>del "compile-win32.log" 

C:\ag\Roe 068>echo ===[ Puzzlum-Win32 ]==[ "FreeBASIC x86 Linker Utility" ]===  1>>"compile-win32.log" 

C:\ag\Roe 068>echo:  1>>"compile-win32.log" 

C:\ag\Roe 068>echo ===[ Constants ]==[ "Win32 Static Library" ]===  1>>"compile-win32.log" 

C:\ag\Roe 068>"C:\FreeBASIC\fbc32.exe" "const.bas" -lib -v -RR  1>>"compile-win32.log" 2>&1 

C:\ag\Roe 068>echo:  1>>"compile-win32.log" 

C:\ag\Roe 068>echo ===[ Names Table ]==[ "Win32 Static Library" ]===  1>>"compile-win32.log" 

C:\ag\Roe 068>"C:\FreeBASIC\fbc32.exe" "names.bas" -lib -v -RR  1>>"compile-win32.log" 2>&1 

C:\ag\Roe 068>echo:  1>>"compile-win32.log" 

C:\ag\Roe 068>echo ===[ Composite Layer Video ]==[ "Win32 Static Library" ]===  1>>"compile-win32.log" 

C:\ag\Roe 068>"C:\FreeBASIC\fbc32.exe" "clv.bas" -lib -v -RR  1>>"compile-win32.log" 2>&1 

C:\ag\Roe 068>echo:  1>>"compile-win32.log" 

C:\ag\Roe 068>echo ===[ FBImage ]==[ "Win32 Static Library" ]===  1>>"compile-win32.log" 

C:\ag\Roe 068>"C:\FreeBASIC\fbc32.exe" "fbimage.bas" -lib -v -RR  1>>"compile-win32.log" 2>&1 

C:\ag\Roe 068>echo:  1>>"compile-win32.log" 

C:\ag\Roe 068>echo ===[ Puzzlum / Vars ]==[ "Win32 Static Library" ]===  1>>"compile-win32.log" 

C:\ag\Roe 068>"C:\FreeBASIC\fbc32.exe" "puzzlum-vars.bas" -lib -v -RR  1>>"compile-win32.log" 2>&1 

C:\ag\Roe 068>echo:  1>>"compile-win32.log" 

C:\ag\Roe 068>echo ===[ Puzzlum / Subs ]==[ "Win32 Static Library" ]===  1>>"compile-win32.log" 

C:\ag\Roe 068>"C:\FreeBASIC\fbc32.exe" "puzzlum-subs.bas" -lib -v -RR  1>>"compile-win32.log" 2>&1 

C:\ag\Roe 068>echo:  1>>"compile-win32.log" 

C:\ag\Roe 068>echo ===[ Puzzlum / Task Manager ]==[ "Win32 Static Library" ]===  1>>"compile-win32.log" 

C:\ag\Roe 068>"C:\FreeBASIC\fbc32.exe" "puzzlum-task.bas" -lib -v -RR  1>>"compile-win32.log" 2>&1 

C:\ag\Roe 068>echo:  1>>"compile-win32.log" 

C:\ag\Roe 068>echo ===[ Puzzlum / Main ]==[ "32bit Windows Binary" ]===  1>>"compile-win32.log" 

C:\ag\Roe 068>"C:\FreeBASIC\fbc32.exe" "puzzlum-win32.bas" -v -RR -s gui ".\win32\rc\puzzlum.rc"  1>>"compile-win32.log" 2>&1 

C:\ag\Roe 068>echo:  1>>"compile-win32.log" 

C:\ag\Roe 068>echo ===[ Now attempting to load the "puzzlum-win32" executable.. ]===  1>>"compile-win32.log" 

C:\ag\Roe 068>"puzzlum-win32.exe"

>>>>>>> Stashed changes
C:\ag\Roe 068>exit
