===[ .\win32\central.log ]===
/puzzlum-win32.exe/roe ( 1 deep )
/puzzlum-win32.exe/roe/loader ( 2 deep )
/puzzlum-win32.exe/roe/loader/load_display ( 3 deep )
/puzzlum-win32.exe/roe/loader/load_bundle ( 3 deep )
/puzzlum-win32.exe/roe/loader/load_input ( 3 deep )
/puzzlum-win32.exe/roe/loader/vga_test ( 3 deep )
/puzzlum-win32.exe/roe/loader/load_rose ( 3 deep )
/puzzlum-win32.exe/roe/loader/load_levels ( 3 deep )
/puzzlum-win32.exe/roe/loader/load_art ( 3 deep )
/puzzlum-win32.exe/roe/loader/load_data ( 3 deep )
/puzzlum-win32.exe/roe/loader/splash ( 3 deep )
/puzzlum-win32.exe/roe/clv:font_load ( 2 deep )
/puzzlum-win32.exe/roe/clv:font_load ( 2 deep )
/puzzlum-win32.exe/roe/clv:buffer_ini ( 2 deep )
/puzzlum-win32.exe/roe/clv:buffer_ini/clv:buffer_cls ( 3 deep )
/puzzlum-win32.exe/roe/clv:buffer_ini/clv:buffer_cls ( 3 deep )
/puzzlum-win32.exe/roe/clv:buffer_ini/clv:buffer_cls ( 3 deep )
/puzzlum-win32.exe/roe/clv:buffer_ini/clv:buffer_cls ( 3 deep )
/puzzlum-win32.exe/roe/clv:buffer_ini/clv:buffer_cls ( 3 deep )
/puzzlum-win32.exe/roe/clv:buffer_ini/clv:buffer_cls ( 3 deep )
/puzzlum-win32.exe/roe/clv:buffer_ini/clv:buffer_cls ( 3 deep )
/puzzlum-win32.exe/roe/clv:buffer_ini/clv:buffer_cls ( 3 deep )
/puzzlum-win32.exe/roe/clv:buffer_ini/clv:buffer_cls ( 3 deep )
/puzzlum-win32.exe/roe/clv:buffer_ini/clv:buffer_cls ( 3 deep )
/puzzlum-win32.exe/roe/clv:buffer_ini/clv:buffer_cls ( 3 deep )
/puzzlum-win32.exe/roe/clv:buffer_ini/clv:buffer_cls ( 3 deep )
/puzzlum-win32.exe/roe/clv:buffer_ini/clv:buffer_cls ( 3 deep )
/puzzlum-win32.exe/roe/clv:buffer_ini/clv:buffer_cls ( 3 deep )
/puzzlum-win32.exe/roe/clv:buffer_ini/clv:buffer_cls ( 3 deep )
/puzzlum-win32.exe/roe/clv:buffer_ini/clv:buffer_cls ( 3 deep )
/puzzlum-win32.exe/roe/clv:buffer_cls ( 2 deep )
/puzzlum-win32.exe/roe/splash ( 2 deep )
/puzzlum-win32.exe/roe/clv:buffer_cls ( 2 deep )
/puzzlum-win32.exe/roe/splash ( 2 deep )
/puzzlum-win32.exe/roe/startup ( 2 deep )
/puzzlum-win32.exe/roe/startup/map:loader ".\gamedata\maps\Dire Dungeon 1.dat" ( 3 deep )
/puzzlum-win32.exe/roe/startup/map:loader ".\gamedata\maps\Dire Dungeon 1.dat"/prflblnk ( 4 deep )
/puzzlum-win32.exe/roe/startup/map:loader ".\gamedata\maps\Dire Dungeon 1.dat"/prflblnk ( 4 deep )
/puzzlum-win32.exe/roe/startup/map:loader ".\gamedata\maps\Dire Dungeon 1.dat"/prflset ( 4 deep )
/puzzlum-win32.exe/roe/startup/map:loader ".\gamedata\maps\Dire Dungeon 1.dat"/prflblnk ( 4 deep )
/puzzlum-win32.exe/roe/startup/map:loader ".\gamedata\maps\Dire Dungeon 1.dat"/prflblnk ( 4 deep )
/puzzlum-win32.exe/roe/startup/map:loader ".\gamedata\maps\Dire Dungeon 1.dat"/prflset ( 4 deep )
/puzzlum-win32.exe/roe/startup/map:loader ".\gamedata\maps\Dire Dungeon 1.dat"/prflblnk ( 4 deep )
/puzzlum-win32.exe/roe/startup/map:loader ".\gamedata\maps\Dire Dungeon 1.dat"/prflblnk ( 4 deep )
/puzzlum-win32.exe/roe/startup/map:loader ".\gamedata\maps\Dire Dungeon 1.dat"/prflset ( 4 deep )
/puzzlum-win32.exe/roe/startup/map:loader ".\gamedata\maps\Dire Dungeon 1.dat"/prflblnk ( 4 deep )
/puzzlum-win32.exe/roe/startup/map:loader ".\gamedata\maps\Dire Dungeon 1.dat"/prflblnk ( 4 deep )
/puzzlum-win32.exe/roe/startup/map:loader ".\gamedata\maps\Dire Dungeon 1.dat"/prflset ( 4 deep )
/puzzlum-win32.exe/roe/startup/map:loader ".\gamedata\maps\Dire Dungeon 1.dat"/prflblnk ( 4 deep )
/puzzlum-win32.exe/roe/startup/map:loader ".\gamedata\maps\Dire Dungeon 1.dat"/prflblnk ( 4 deep )
/puzzlum-win32.exe/roe/startup/map:loader ".\gamedata\maps\Dire Dungeon 1.dat"/prflset ( 4 deep )
/puzzlum-win32.exe/roe/startup/map:loader ".\gamedata\maps\Dire Dungeon 1.dat"/prflblnk ( 4 deep )
/puzzlum-win32.exe/roe/startup/map:loader ".\gamedata\maps\Dire Dungeon 1.dat"/prflblnk ( 4 deep )
/puzzlum-win32.exe/roe/startup/map:loader ".\gamedata\maps\Dire Dungeon 1.dat"/prflset ( 4 deep )
/puzzlum-win32.exe/roe/startup/map:loader ".\gamedata\maps\Dire Dungeon 1.dat"/prflblnk ( 4 deep )
/puzzlum-win32.exe/roe/startup/map:loader ".\gamedata\maps\Dire Dungeon 1.dat"/prflblnk ( 4 deep )
/puzzlum-win32.exe/roe/startup/map:loader ".\gamedata\maps\Dire Dungeon 1.dat"/prflset ( 4 deep )
/puzzlum-win32.exe/roe/startup/map:loader ".\gamedata\maps\Dire Dungeon 1.dat"/prflblnk ( 4 deep )
/puzzlum-win32.exe/roe/startup/map:loader ".\gamedata\maps\Dire Dungeon 1.dat"/prflblnk ( 4 deep )
/puzzlum-win32.exe/roe/startup/map:loader ".\gamedata\maps\Dire Dungeon 1.dat"/prflset ( 4 deep )
/puzzlum-win32.exe/roe/startup/map:loader ".\gamedata\maps\Dire Dungeon 1.dat"/prflblnk ( 4 deep )
/puzzlum-win32.exe/roe/startup/map:loader ".\gamedata\maps\Dire Dungeon 1.dat"/prflblnk ( 4 deep )
/puzzlum-win32.exe/roe/startup/map:loader ".\gamedata\maps\Dire Dungeon 1.dat"/prflset ( 4 deep )
/puzzlum-win32.exe/roe/startup/map:loader ".\gamedata\maps\Dire Dungeon 1.dat"/prflblnk ( 4 deep )
/puzzlum-win32.exe/roe/startup/map:loader ".\gamedata\maps\Dire Dungeon 1.dat"/prflblnk ( 4 deep )
/puzzlum-win32.exe/roe/startup/map:loader ".\gamedata\maps\Dire Dungeon 1.dat"/prflset ( 4 deep )
/puzzlum-win32.exe/roe/startup/map:loader ".\gamedata\maps\Dire Dungeon 1.dat"/prflblnk ( 4 deep )
/puzzlum-win32.exe/roe/startup/map:loader ".\gamedata\maps\Dire Dungeon 1.dat"/prflblnk ( 4 deep )
/puzzlum-win32.exe/roe/startup/map:loader ".\gamedata\maps\Dire Dungeon 1.dat"/prflset ( 4 deep )
/puzzlum-win32.exe/roe/startup/map:loader ".\gamedata\maps\Dire Dungeon 1.dat"/prflblnk ( 4 deep )
/puzzlum-win32.exe/roe/startup/map:loader ".\gamedata\maps\Dire Dungeon 1.dat"/prflblnk ( 4 deep )
/puzzlum-win32.exe/roe/startup/map:loader ".\gamedata\maps\Dire Dungeon 1.dat"/prflset ( 4 deep )
/puzzlum-win32.exe/roe/startup/map:loader ".\gamedata\maps\Dire Dungeon 1.dat"/prflblnk ( 4 deep )
/puzzlum-win32.exe/roe/startup/map:loader ".\gamedata\maps\Dire Dungeon 1.dat"/prflblnk ( 4 deep )
/puzzlum-win32.exe/roe/startup/map:loader ".\gamedata\maps\Dire Dungeon 1.dat"/prflset ( 4 deep )
/puzzlum-win32.exe/roe/startup/map:loader ".\gamedata\maps\Dire Dungeon 1.dat"/prflblnk ( 4 deep )
/puzzlum-win32.exe/roe/startup/map:loader ".\gamedata\maps\Dire Dungeon 1.dat"/prflblnk ( 4 deep )
/puzzlum-win32.exe/roe/startup/map:loader ".\gamedata\maps\Dire Dungeon 1.dat"/prflset ( 4 deep )
/puzzlum-win32.exe/roe/startup/map:loader ".\gamedata\maps\Dire Dungeon 1.dat"/prflblnk ( 4 deep )
/puzzlum-win32.exe/roe/startup/map:loader ".\gamedata\maps\Dire Dungeon 1.dat"/prflblnk ( 4 deep )
/puzzlum-win32.exe/roe/startup/map:loader ".\gamedata\maps\Dire Dungeon 1.dat"/prflset ( 4 deep )
/puzzlum-win32.exe/roe/startup/map:loader ".\gamedata\maps\Dire Dungeon 1.dat"/prflblnk ( 4 deep )
/puzzlum-win32.exe/roe/startup/map:loader ".\gamedata\maps\Dire Dungeon 1.dat"/prflblnk ( 4 deep )
/puzzlum-win32.exe/roe/startup/map:loader ".\gamedata\maps\Dire Dungeon 1.dat"/prflset ( 4 deep )
/puzzlum-win32.exe/roe/startup/map:loader ".\gamedata\maps\Dire Dungeon 1.dat"/prflblnk ( 4 deep )
/puzzlum-win32.exe/roe/startup/map:loader ".\gamedata\maps\Dire Dungeon 1.dat"/prflblnk ( 4 deep )
/puzzlum-win32.exe/roe/startup/map:loader ".\gamedata\maps\Dire Dungeon 1.dat"/prflset ( 4 deep )
/puzzlum-win32.exe/roe/startup/map:loader ".\gamedata\maps\Dire Dungeon 1.dat"/prflblnk ( 4 deep )
/puzzlum-win32.exe/roe/startup/map:loader ".\gamedata\maps\Dire Dungeon 1.dat"/prflblnk ( 4 deep )
/puzzlum-win32.exe/roe/startup/map:loader ".\gamedata\maps\Dire Dungeon 1.dat"/prflset ( 4 deep )
/puzzlum-win32.exe/roe/startup/map:loader ".\gamedata\maps\Dire Dungeon 1.dat"/prflblnk ( 4 deep )
/puzzlum-win32.exe/roe/startup/map:loader ".\gamedata\maps\Dire Dungeon 1.dat"/prflblnk ( 4 deep )
/puzzlum-win32.exe/roe/startup/map:loader ".\gamedata\maps\Dire Dungeon 1.dat"/prflset ( 4 deep )
/puzzlum-win32.exe/roe/startup/map:loader ".\gamedata\maps\Dire Dungeon 1.dat"/prflblnk ( 4 deep )
/puzzlum-win32.exe/roe/startup/map:loader ".\gamedata\maps\Dire Dungeon 1.dat"/prflblnk ( 4 deep )
/puzzlum-win32.exe/roe/startup/map:loader ".\gamedata\maps\Dire Dungeon 1.dat"/prflset ( 4 deep )
/puzzlum-win32.exe/roe/startup/map:loader ".\gamedata\maps\Dire Dungeon 1.dat"/prflblnk ( 4 deep )
/puzzlum-win32.exe/roe/startup/map:loader ".\gamedata\maps\Dire Dungeon 1.dat"/prflblnk ( 4 deep )
/puzzlum-win32.exe/roe/startup/map:loader ".\gamedata\maps\Dire Dungeon 1.dat"/prflset ( 4 deep )
/puzzlum-win32.exe/roe/startup/map:loader ".\gamedata\maps\Dire Dungeon 1.dat"/prflblnk ( 4 deep )
/puzzlum-win32.exe/roe/startup/map:loader ".\gamedata\maps\Dire Dungeon 1.dat"/prflblnk ( 4 deep )
/puzzlum-win32.exe/roe/startup/map:loader ".\gamedata\maps\Dire Dungeon 1.dat"/prflset ( 4 deep )
/puzzlum-win32.exe/roe/startup/map:loader ".\gamedata\maps\Dire Dungeon 1.dat"/prflblnk ( 4 deep )
/puzzlum-win32.exe/roe/startup/map:loader ".\gamedata\maps\Dire Dungeon 1.dat"/prflblnk ( 4 deep )
/puzzlum-win32.exe/roe/startup/map:loader ".\gamedata\maps\Dire Dungeon 1.dat"/prflset ( 4 deep )
/puzzlum-win32.exe/roe/startup/map:loader ".\gamedata\maps\Dire Dungeon 1.dat"/prflblnk ( 4 deep )
/puzzlum-win32.exe/roe/startup/map:loader ".\gamedata\maps\Dire Dungeon 1.dat"/prflblnk ( 4 deep )
/puzzlum-win32.exe/roe/startup/map:loader ".\gamedata\maps\Dire Dungeon 1.dat"/prflset ( 4 deep )
/puzzlum-win32.exe/roe/startup/map:loader ".\gamedata\maps\Dire Dungeon 1.dat"/prflblnk ( 4 deep )
/puzzlum-win32.exe/roe/startup/map:loader ".\gamedata\maps\Dire Dungeon 1.dat"/prflblnk ( 4 deep )
/puzzlum-win32.exe/roe/startup/map:loader ".\gamedata\maps\Dire Dungeon 1.dat"/prflset ( 4 deep )
/puzzlum-win32.exe/roe/startup/map:loader ".\gamedata\maps\Dire Dungeon 1.dat"/prflblnk ( 4 deep )
/puzzlum-win32.exe/roe/startup/map:loader ".\gamedata\maps\Dire Dungeon 1.dat"/prflblnk ( 4 deep )
/puzzlum-win32.exe/roe/startup/map:loader ".\gamedata\maps\Dire Dungeon 1.dat"/prflset ( 4 deep )
/puzzlum-win32.exe/roe/startup/map:loader ".\gamedata\maps\Dire Dungeon 1.dat"/prflblnk ( 4 deep )
/puzzlum-win32.exe/roe/startup/map:loader ".\gamedata\maps\Dire Dungeon 1.dat"/prflblnk ( 4 deep )
/puzzlum-win32.exe/roe/startup/map:loader ".\gamedata\maps\Dire Dungeon 1.dat"/prflset ( 4 deep )
/puzzlum-win32.exe/roe/startup/map:loader ".\gamedata\maps\Dire Dungeon 1.dat"/prflblnk ( 4 deep )
/puzzlum-win32.exe/roe/startup/map:loader ".\gamedata\maps\Dire Dungeon 1.dat"/prflblnk ( 4 deep )
/puzzlum-win32.exe/roe/startup/map:loader ".\gamedata\maps\Dire Dungeon 1.dat"/prflset ( 4 deep )
/puzzlum-win32.exe/roe/startup/map:loader ".\gamedata\maps\Dire Dungeon 1.dat"/prflblnk ( 4 deep )
/puzzlum-win32.exe/roe/startup/map:loader ".\gamedata\maps\Dire Dungeon 1.dat"/prflblnk ( 4 deep )
/puzzlum-win32.exe/roe/startup/map:loader ".\gamedata\maps\Dire Dungeon 1.dat"/prflset ( 4 deep )
/puzzlum-win32.exe/roe/startup/map:loader ".\gamedata\maps\Dire Dungeon 1.dat"/prflblnk ( 4 deep )
/puzzlum-win32.exe/roe/startup/map:loader ".\gamedata\maps\Dire Dungeon 1.dat"/prflblnk ( 4 deep )
/puzzlum-win32.exe/roe/startup/map:loader ".\gamedata\maps\Dire Dungeon 1.dat"/prflset ( 4 deep )
/puzzlum-win32.exe/roe/startup/map:loader ".\gamedata\maps\Dire Dungeon 1.dat"/prflblnk ( 4 deep )
/puzzlum-win32.exe/roe/startup/map:loader ".\gamedata\maps\Dire Dungeon 1.dat"/prflblnk ( 4 deep )
/puzzlum-win32.exe/roe/startup/map:loader ".\gamedata\maps\Dire Dungeon 1.dat"/prflset ( 4 deep )
/puzzlum-win32.exe/roe/startup/map:loader ".\gamedata\maps\Dire Dungeon 1.dat"/prflblnk ( 4 deep )
/puzzlum-win32.exe/roe/startup/map:loader ".\gamedata\maps\Dire Dungeon 1.dat"/prflblnk ( 4 deep )
/puzzlum-win32.exe/roe/startup/map:loader ".\gamedata\maps\Dire Dungeon 1.dat"/prflset ( 4 deep )
/puzzlum-win32.exe/roe/startup/map:loader ".\gamedata\maps\Dire Dungeon 1.dat"/prflblnk ( 4 deep )
/puzzlum-win32.exe/roe/startup/map:loader ".\gamedata\maps\Dire Dungeon 1.dat"/prflblnk ( 4 deep )
/puzzlum-win32.exe/roe/startup/map:loader ".\gamedata\maps\Dire Dungeon 1.dat"/prflset ( 4 deep )
/puzzlum-win32.exe/roe/startup/map:loader ".\gamedata\maps\Dire Dungeon 1.dat"/prflblnk ( 4 deep )
/puzzlum-win32.exe/roe/startup/map:loader ".\gamedata\maps\Dire Dungeon 1.dat"/prflblnk ( 4 deep )
/puzzlum-win32.exe/roe/startup/map:loader ".\gamedata\maps\Dire Dungeon 1.dat"/prflset ( 4 deep )
/puzzlum-win32.exe/roe/startup/map:loader ".\gamedata\maps\Dire Dungeon 1.dat"/prflblnk ( 4 deep )
/puzzlum-win32.exe/roe/startup/map:loader ".\gamedata\maps\Dire Dungeon 1.dat"/prflblnk ( 4 deep )
/puzzlum-win32.exe/roe/startup/map:loader ".\gamedata\maps\Dire Dungeon 1.dat"/prflset ( 4 deep )
/puzzlum-win32.exe/roe/startup/map:loader ".\gamedata\maps\Dire Dungeon 1.dat"/prflblnk ( 4 deep )
/puzzlum-win32.exe/roe/startup/map:loader ".\gamedata\maps\Dire Dungeon 1.dat"/prflblnk ( 4 deep )
/puzzlum-win32.exe/roe/startup/map:loader ".\gamedata\maps\Dire Dungeon 1.dat"/prflset ( 4 deep )
/puzzlum-win32.exe/roe/startup/map:loader ".\gamedata\maps\Dire Dungeon 1.dat"/prflblnk ( 4 deep )
/puzzlum-win32.exe/roe/startup/map:loader ".\gamedata\maps\Dire Dungeon 1.dat"/prflblnk ( 4 deep )
/puzzlum-win32.exe/roe/startup/map:loader ".\gamedata\maps\Dire Dungeon 1.dat"/prflset ( 4 deep )
/puzzlum-win32.exe/roe/startup/map:loader ".\gamedata\maps\Dire Dungeon 1.dat"/prflblnk ( 4 deep )
/puzzlum-win32.exe/roe/startup/map:loader ".\gamedata\maps\Dire Dungeon 1.dat"/prflblnk ( 4 deep )
/puzzlum-win32.exe/roe/startup/map:loader ".\gamedata\maps\Dire Dungeon 1.dat"/prflset ( 4 deep )
/puzzlum-win32.exe/roe/startup/map:loader ".\gamedata\maps\Dire Dungeon 1.dat"/prflblnk ( 4 deep )
/puzzlum-win32.exe/roe/startup/map:loader ".\gamedata\maps\Dire Dungeon 1.dat"/prflblnk ( 4 deep )
/puzzlum-win32.exe/roe/startup/map:loader ".\gamedata\maps\Dire Dungeon 1.dat"/prflset ( 4 deep )
/puzzlum-win32.exe/roe/startup/map:loader ".\gamedata\maps\Dire Dungeon 1.dat"/prflblnk ( 4 deep )
/puzzlum-win32.exe/roe/startup/map:loader ".\gamedata\maps\Dire Dungeon 1.dat"/prflblnk ( 4 deep )
/puzzlum-win32.exe/roe/startup/map:loader ".\gamedata\maps\Dire Dungeon 1.dat"/prflset ( 4 deep )
/puzzlum-win32.exe/roe/startup/map:loader ".\gamedata\maps\Dire Dungeon 1.dat"/prflblnk ( 4 deep )
/puzzlum-win32.exe/roe/startup/map:loader ".\gamedata\maps\Dire Dungeon 1.dat"/prflblnk ( 4 deep )
/puzzlum-win32.exe/roe/startup/map:loader ".\gamedata\maps\Dire Dungeon 1.dat"/prflset ( 4 deep )
/puzzlum-win32.exe/roe/startup/map:loader ".\gamedata\maps\Dire Dungeon 1.dat"/prflblnk ( 4 deep )
/puzzlum-win32.exe/roe/startup/map:loader ".\gamedata\maps\Dire Dungeon 1.dat"/prflblnk ( 4 deep )
/puzzlum-win32.exe/roe/startup/map:loader ".\gamedata\maps\Dire Dungeon 1.dat"/prflset ( 4 deep )
/puzzlum-win32.exe/roe/startup/map:loader ".\gamedata\maps\Dire Dungeon 1.dat"/prflblnk ( 4 deep )
/puzzlum-win32.exe/roe/startup/map:loader ".\gamedata\maps\Dire Dungeon 1.dat"/prflblnk ( 4 deep )
/puzzlum-win32.exe/roe/startup/map:loader ".\gamedata\maps\Dire Dungeon 1.dat"/prflset ( 4 deep )
/puzzlum-win32.exe/roe/startup/map:loader ".\gamedata\maps\Dire Dungeon 1.dat"/prflblnk ( 4 deep )
/puzzlum-win32.exe/roe/startup/map:loader ".\gamedata\maps\Dire Dungeon 1.dat"/prflblnk ( 4 deep )
/puzzlum-win32.exe/roe/startup/map:loader ".\gamedata\maps\Dire Dungeon 1.dat"/prflset ( 4 deep )
/puzzlum-win32.exe/roe/startup/map:loader ".\gamedata\maps\Dire Dungeon 1.dat"/prflblnk ( 4 deep )
/puzzlum-win32.exe/roe/startup/map:loader ".\gamedata\maps\Dire Dungeon 1.dat"/prflblnk ( 4 deep )
/puzzlum-win32.exe/roe/startup/map:loader ".\gamedata\maps\Dire Dungeon 1.dat"/prflset ( 4 deep )
/puzzlum-win32.exe/roe/startup/map:loader ".\gamedata\maps\Dire Dungeon 1.dat"/prflblnk ( 4 deep )
/puzzlum-win32.exe/roe/startup/map:loader ".\gamedata\maps\Dire Dungeon 1.dat"/prflblnk ( 4 deep )
/puzzlum-win32.exe/roe/startup/map:loader ".\gamedata\maps\Dire Dungeon 1.dat"/prflset ( 4 deep )
/puzzlum-win32.exe/roe/startup/map:loader ".\gamedata\maps\Dire Dungeon 1.dat"/prflblnk ( 4 deep )
/puzzlum-win32.exe/roe/startup/map:loader ".\gamedata\maps\Dire Dungeon 1.dat"/prflblnk ( 4 deep )
/puzzlum-win32.exe/roe/startup/map:loader ".\gamedata\maps\Dire Dungeon 1.dat"/prflset ( 4 deep )
/puzzlum-win32.exe/roe/startup/map:loader ".\gamedata\maps\Dire Dungeon 1.dat"/prflblnk ( 4 deep )
/puzzlum-win32.exe/roe/startup/map:loader ".\gamedata\maps\Dire Dungeon 1.dat"/prflblnk ( 4 deep )
/puzzlum-win32.exe/roe/startup/map:loader ".\gamedata\maps\Dire Dungeon 1.dat"/prflset ( 4 deep )
/puzzlum-win32.exe/roe/startup/map:loader ".\gamedata\maps\Dire Dungeon 1.dat"/prflblnk ( 4 deep )
/puzzlum-win32.exe/roe/startup/map:loader ".\gamedata\maps\Dire Dungeon 1.dat"/prflblnk ( 4 deep )
/puzzlum-win32.exe/roe/startup/map:loader ".\gamedata\maps\Dire Dungeon 1.dat"/prflset ( 4 deep )
/puzzlum-win32.exe/roe/startup/map:loader ".\gamedata\maps\Dire Dungeon 1.dat"/prflblnk ( 4 deep )
/puzzlum-win32.exe/roe/startup/map:loader ".\gamedata\maps\Dire Dungeon 1.dat"/prflblnk ( 4 deep )
/puzzlum-win32.exe/roe/startup/map:loader ".\gamedata\maps\Dire Dungeon 1.dat"/prflset ( 4 deep )
/puzzlum-win32.exe/roe/startup/map:loader ".\gamedata\maps\Dire Dungeon 1.dat"/prflblnk ( 4 deep )
/puzzlum-win32.exe/roe/startup/map:loader ".\gamedata\maps\Dire Dungeon 1.dat"/prflblnk ( 4 deep )
/puzzlum-win32.exe/roe/startup/map:loader ".\gamedata\maps\Dire Dungeon 1.dat"/prflset ( 4 deep )
/puzzlum-win32.exe/roe/startup/map:loader ".\gamedata\maps\Dire Dungeon 1.dat"/prflblnk ( 4 deep )
/puzzlum-win32.exe/roe/startup/map:loader ".\gamedata\maps\Dire Dungeon 1.dat"/prflblnk ( 4 deep )
/puzzlum-win32.exe/roe/startup/map:loader ".\gamedata\maps\Dire Dungeon 1.dat"/prflset ( 4 deep )
/puzzlum-win32.exe/roe/startup/map:loader ".\gamedata\maps\Dire Dungeon 1.dat"/prflblnk ( 4 deep )
/puzzlum-win32.exe/roe/startup/map:loader ".\gamedata\maps\Dire Dungeon 1.dat"/prflblnk ( 4 deep )
/puzzlum-win32.exe/roe/startup/map:loader ".\gamedata\maps\Dire Dungeon 1.dat"/prflset ( 4 deep )
/puzzlum-win32.exe/roe/startup/map:loader ".\gamedata\maps\Dire Dungeon 1.dat"/prflblnk ( 4 deep )
/puzzlum-win32.exe/roe/startup/map:loader ".\gamedata\maps\Dire Dungeon 1.dat"/prflblnk ( 4 deep )
/puzzlum-win32.exe/roe/startup/map:loader ".\gamedata\maps\Dire Dungeon 1.dat"/prflset ( 4 deep )
/puzzlum-win32.exe/roe/startup/map:loader ".\gamedata\maps\Dire Dungeon 1.dat"/prflblnk ( 4 deep )
/puzzlum-win32.exe/roe/startup/map:loader ".\gamedata\maps\Dire Dungeon 1.dat"/prflblnk ( 4 deep )
/puzzlum-win32.exe/roe/startup/map:loader ".\gamedata\maps\Dire Dungeon 1.dat"/prflset ( 4 deep )
/puzzlum-win32.exe/roe/startup/map:loader ".\gamedata\maps\Dire Dungeon 1.dat"/prflblnk ( 4 deep )
/puzzlum-win32.exe/roe/startup/map:loader ".\gamedata\maps\Dire Dungeon 1.dat"/prflblnk ( 4 deep )
/puzzlum-win32.exe/roe/startup/map:loader ".\gamedata\maps\Dire Dungeon 1.dat"/prflset ( 4 deep )
/puzzlum-win32.exe/roe/startup/map:loader ".\gamedata\maps\Dire Dungeon 1.dat"/prflblnk ( 4 deep )
/puzzlum-win32.exe/roe/startup/map:loader ".\gamedata\maps\Dire Dungeon 1.dat"/prflblnk ( 4 deep )
/puzzlum-win32.exe/roe/startup/map:loader ".\gamedata\maps\Dire Dungeon 1.dat"/prflset ( 4 deep )
/puzzlum-win32.exe/roe/startup/map:loader ".\gamedata\maps\Dire Dungeon 1.dat"/prflblnk ( 4 deep )
/puzzlum-win32.exe/roe/startup/map:loader ".\gamedata\maps\Dire Dungeon 1.dat"/prflblnk ( 4 deep )
/puzzlum-win32.exe/roe/startup/map:loader ".\gamedata\maps\Dire Dungeon 1.dat"/prflset ( 4 deep )
/puzzlum-win32.exe/roe/startup/map:loader ".\gamedata\maps\Dire Dungeon 1.dat"/prflblnk ( 4 deep )
/puzzlum-win32.exe/roe/startup/map:loader ".\gamedata\maps\Dire Dungeon 1.dat"/prflblnk ( 4 deep )
/puzzlum-win32.exe/roe/startup/map:loader ".\gamedata\maps\Dire Dungeon 1.dat"/prflset ( 4 deep )
/puzzlum-win32.exe/roe/startup/map:loader ".\gamedata\maps\Dire Dungeon 1.dat"/prflblnk ( 4 deep )
/puzzlum-win32.exe/roe/startup/map:loader ".\gamedata\maps\Dire Dungeon 1.dat"/prflblnk ( 4 deep )
/puzzlum-win32.exe/roe/startup/map:loader ".\gamedata\maps\Dire Dungeon 1.dat"/prflset ( 4 deep )
/puzzlum-win32.exe/roe/startup/map:loader ".\gamedata\maps\Dire Dungeon 1.dat"/prflblnk ( 4 deep )
/puzzlum-win32.exe/roe/startup/map:loader ".\gamedata\maps\Dire Dungeon 1.dat"/prflblnk ( 4 deep )
/puzzlum-win32.exe/roe/startup/map:loader ".\gamedata\maps\Dire Dungeon 1.dat"/prflset ( 4 deep )
/puzzlum-win32.exe/roe/startup/map:loader ".\gamedata\maps\Dire Dungeon 1.dat"/prflblnk ( 4 deep )
/puzzlum-win32.exe/roe/startup/map:loader ".\gamedata\maps\Dire Dungeon 1.dat"/prflblnk ( 4 deep )
/puzzlum-win32.exe/roe/startup/map:loader ".\gamedata\maps\Dire Dungeon 1.dat"/prflset ( 4 deep )
/puzzlum-win32.exe/roe/startup/map:loader ".\gamedata\maps\Dire Dungeon 1.dat"/prflblnk ( 4 deep )
/puzzlum-win32.exe/roe/startup/map:loader ".\gamedata\maps\Dire Dungeon 1.dat"/prflblnk ( 4 deep )
/puzzlum-win32.exe/roe/startup/map:loader ".\gamedata\maps\Dire Dungeon 1.dat"/prflset ( 4 deep )
/puzzlum-win32.exe/roe/startup/map:loader ".\gamedata\maps\Dire Dungeon 1.dat"/prflblnk ( 4 deep )
/puzzlum-win32.exe/roe/startup/map:loader ".\gamedata\maps\Dire Dungeon 1.dat"/prflblnk ( 4 deep )
/puzzlum-win32.exe/roe/startup/map:loader ".\gamedata\maps\Dire Dungeon 1.dat"/prflset ( 4 deep )
/puzzlum-win32.exe/roe/startup/map:loader ".\gamedata\maps\Dire Dungeon 1.dat"/prflblnk ( 4 deep )
/puzzlum-win32.exe/roe/startup/map:loader ".\gamedata\maps\Dire Dungeon 1.dat"/prflblnk ( 4 deep )
/puzzlum-win32.exe/roe/startup/map:loader ".\gamedata\maps\Dire Dungeon 1.dat"/prflset ( 4 deep )
/puzzlum-win32.exe/roe/startup/map:loader ".\gamedata\maps\Dire Dungeon 1.dat"/prflblnk ( 4 deep )
/puzzlum-win32.exe/roe/startup/map:loader ".\gamedata\maps\Dire Dungeon 1.dat"/prflblnk ( 4 deep )
/puzzlum-win32.exe/roe/startup/map:loader ".\gamedata\maps\Dire Dungeon 1.dat"/prflset ( 4 deep )
/puzzlum-win32.exe/roe/startup/map:loader ".\gamedata\maps\Dire Dungeon 1.dat"/prflblnk ( 4 deep )
/puzzlum-win32.exe/roe/startup/map:loader ".\gamedata\maps\Dire Dungeon 1.dat"/prflblnk ( 4 deep )
/puzzlum-win32.exe/roe/startup/map:loader ".\gamedata\maps\Dire Dungeon 1.dat"/prflset ( 4 deep )
/puzzlum-win32.exe/roe/startup/map:loader ".\gamedata\maps\Dire Dungeon 1.dat"/prflblnk ( 4 deep )
/puzzlum-win32.exe/roe/startup/map:loader ".\gamedata\maps\Dire Dungeon 1.dat"/prflblnk ( 4 deep )
/puzzlum-win32.exe/roe/startup/map:loader ".\gamedata\maps\Dire Dungeon 1.dat"/prflset ( 4 deep )
/puzzlum-win32.exe/roe/startup/map:loader ".\gamedata\maps\Dire Dungeon 1.dat"/prflblnk ( 4 deep )
/puzzlum-win32.exe/roe/startup/map:loader ".\gamedata\maps\Dire Dungeon 1.dat"/prflblnk ( 4 deep )
/puzzlum-win32.exe/roe/startup/map:loader ".\gamedata\maps\Dire Dungeon 1.dat"/prflset ( 4 deep )
/puzzlum-win32.exe/roe/startup/map:loader ".\gamedata\maps\Dire Dungeon 1.dat"/prflblnk ( 4 deep )
/puzzlum-win32.exe/roe/startup/map:loader ".\gamedata\maps\Dire Dungeon 1.dat"/prflblnk ( 4 deep )
/puzzlum-win32.exe/roe/startup/map:loader ".\gamedata\maps\Dire Dungeon 1.dat"/prflset ( 4 deep )
/puzzlum-win32.exe/roe/startup/map:loader ".\gamedata\maps\Dire Dungeon 1.dat"/prflblnk ( 4 deep )
/puzzlum-win32.exe/roe/startup/map:loader ".\gamedata\maps\Dire Dungeon 1.dat"/prflblnk ( 4 deep )
/puzzlum-win32.exe/roe/startup/map:loader ".\gamedata\maps\Dire Dungeon 1.dat"/prflset ( 4 deep )
/puzzlum-win32.exe/roe/startup/map:loader ".\gamedata\maps\Dire Dungeon 1.dat"/prflblnk ( 4 deep )
/puzzlum-win32.exe/roe/startup/map:loader ".\gamedata\maps\Dire Dungeon 1.dat"/prflblnk ( 4 deep )
/puzzlum-win32.exe/roe/startup/map:loader ".\gamedata\maps\Dire Dungeon 1.dat"/prflset ( 4 deep )
/puzzlum-win32.exe/roe/startup/map:loader ".\gamedata\maps\Dire Dungeon 1.dat"/prflblnk ( 4 deep )
/puzzlum-win32.exe/roe/startup/map:loader ".\gamedata\maps\Dire Dungeon 1.dat"/prflblnk ( 4 deep )
/puzzlum-win32.exe/roe/startup/map:loader ".\gamedata\maps\Dire Dungeon 1.dat"/prflset ( 4 deep )
/puzzlum-win32.exe/roe/startup/map:loader ".\gamedata\maps\Dire Dungeon 1.dat"/prflblnk ( 4 deep )
/puzzlum-win32.exe/roe/startup/map:loader ".\gamedata\maps\Dire Dungeon 1.dat"/prflblnk ( 4 deep )
/puzzlum-win32.exe/roe/startup/map:loader ".\gamedata\maps\Dire Dungeon 1.dat"/prflset ( 4 deep )
/puzzlum-win32.exe/roe/startup/map:loader ".\gamedata\maps\Dire Dungeon 1.dat"/prflblnk ( 4 deep )
/puzzlum-win32.exe/roe/startup/map:loader ".\gamedata\maps\Dire Dungeon 1.dat"/prflblnk ( 4 deep )
/puzzlum-win32.exe/roe/startup/map:loader ".\gamedata\maps\Dire Dungeon 1.dat"/prflset ( 4 deep )
/puzzlum-win32.exe/roe/startup/map:loader ".\gamedata\maps\Dire Dungeon 1.dat"/prflblnk ( 4 deep )
/puzzlum-win32.exe/roe/startup/map:loader ".\gamedata\maps\Dire Dungeon 1.dat"/prflblnk ( 4 deep )
/puzzlum-win32.exe/roe/startup/map:loader ".\gamedata\maps\Dire Dungeon 1.dat"/prflset ( 4 deep )
/puzzlum-win32.exe/roe/startup/map:loader ".\gamedata\maps\Dire Dungeon 1.dat"/prflblnk ( 4 deep )
/puzzlum-win32.exe/roe/startup/map:loader ".\gamedata\maps\Dire Dungeon 1.dat"/prflblnk ( 4 deep )
/puzzlum-win32.exe/roe/startup/map:loader ".\gamedata\maps\Dire Dungeon 1.dat"/prflset ( 4 deep )
/puzzlum-win32.exe/roe/startup/map:loader ".\gamedata\maps\Dire Dungeon 1.dat"/prflblnk ( 4 deep )
/puzzlum-win32.exe/roe/startup/map:loader ".\gamedata\maps\Dire Dungeon 1.dat"/prflblnk ( 4 deep )
/puzzlum-win32.exe/roe/startup/map:loader ".\gamedata\maps\Dire Dungeon 1.dat"/prflset ( 4 deep )
/puzzlum-win32.exe/roe/startup/map:loader ".\gamedata\maps\Dire Dungeon 1.dat"/prflblnk ( 4 deep )
/puzzlum-win32.exe/roe/startup/map:loader ".\gamedata\maps\Dire Dungeon 1.dat"/prflblnk ( 4 deep )
/puzzlum-win32.exe/roe/startup/map:loader ".\gamedata\maps\Dire Dungeon 1.dat"/prflset ( 4 deep )
/puzzlum-win32.exe/roe/startup/map:loader ".\gamedata\maps\Dire Dungeon 1.dat"/prflblnk ( 4 deep )
/puzzlum-win32.exe/roe/startup/map:loader ".\gamedata\maps\Dire Dungeon 1.dat"/prflblnk ( 4 deep )
/puzzlum-win32.exe/roe/startup/map:loader ".\gamedata\maps\Dire Dungeon 1.dat"/prflset ( 4 deep )
/puzzlum-win32.exe/roe/startup/map:loader ".\gamedata\maps\Dire Dungeon 1.dat"/prflblnk ( 4 deep )
/puzzlum-win32.exe/roe/startup/map:loader ".\gamedata\maps\Dire Dungeon 1.dat"/prflblnk ( 4 deep )
/puzzlum-win32.exe/roe/startup/map:loader ".\gamedata\maps\Dire Dungeon 1.dat"/prflset ( 4 deep )
/puzzlum-win32.exe/roe/startup/map:loader ".\gamedata\maps\Dire Dungeon 1.dat"/prflblnk ( 4 deep )
/puzzlum-win32.exe/roe/startup/map:loader ".\gamedata\maps\Dire Dungeon 1.dat"/prflblnk ( 4 deep )
/puzzlum-win32.exe/roe/startup/map:loader ".\gamedata\maps\Dire Dungeon 1.dat"/prflset ( 4 deep )
/puzzlum-win32.exe/roe/startup/map:loader ".\gamedata\maps\Dire Dungeon 1.dat"/prflblnk ( 4 deep )
/puzzlum-win32.exe/roe/startup/map:loader ".\gamedata\maps\Dire Dungeon 1.dat"/prflblnk ( 4 deep )
/puzzlum-win32.exe/roe/startup/map:loader ".\gamedata\maps\Dire Dungeon 1.dat"/prflset ( 4 deep )
/puzzlum-win32.exe/roe/startup/map:loader ".\gamedata\maps\Dire Dungeon 1.dat"/prflblnk ( 4 deep )
/puzzlum-win32.exe/roe/startup/map:loader ".\gamedata\maps\Dire Dungeon 1.dat"/prflblnk ( 4 deep )
/puzzlum-win32.exe/roe/startup/map:loader ".\gamedata\maps\Dire Dungeon 1.dat"/prflset ( 4 deep )
/puzzlum-win32.exe/roe/startup/map:loader ".\gamedata\maps\Dire Dungeon 1.dat"/prflblnk ( 4 deep )
/puzzlum-win32.exe/roe/startup/map:loader ".\gamedata\maps\Dire Dungeon 1.dat"/prflblnk ( 4 deep )
/puzzlum-win32.exe/roe/startup/map:loader ".\gamedata\maps\Dire Dungeon 1.dat"/prflset ( 4 deep )
/puzzlum-win32.exe/roe/startup/map:loader ".\gamedata\maps\Dire Dungeon 1.dat"/prflblnk ( 4 deep )
/puzzlum-win32.exe/roe/startup/map:loader ".\gamedata\maps\Dire Dungeon 1.dat"/prflblnk ( 4 deep )
/puzzlum-win32.exe/roe/startup/map:loader ".\gamedata\maps\Dire Dungeon 1.dat"/prflset ( 4 deep )
/puzzlum-win32.exe/roe/startup/map:loader ".\gamedata\maps\Dire Dungeon 1.dat"/prflblnk ( 4 deep )
/puzzlum-win32.exe/roe/startup/map:loader ".\gamedata\maps\Dire Dungeon 1.dat"/prflblnk ( 4 deep )
/puzzlum-win32.exe/roe/startup/map:loader ".\gamedata\maps\Dire Dungeon 1.dat"/prflset ( 4 deep )
/puzzlum-win32.exe/roe/startup/map:loader ".\gamedata\maps\Dire Dungeon 1.dat"/prflblnk ( 4 deep )
/puzzlum-win32.exe/roe/startup/map:loader ".\gamedata\maps\Dire Dungeon 1.dat"/prflblnk ( 4 deep )
/puzzlum-win32.exe/roe/startup/map:loader ".\gamedata\maps\Dire Dungeon 1.dat"/prflset ( 4 deep )
/puzzlum-win32.exe/roe/startup/map:loader ".\gamedata\maps\Dire Dungeon 1.dat"/prflblnk ( 4 deep )
/puzzlum-win32.exe/roe/startup/map:loader ".\gamedata\maps\Dire Dungeon 1.dat"/prflblnk ( 4 deep )
/puzzlum-win32.exe/roe/startup/map:loader ".\gamedata\maps\Dire Dungeon 1.dat"/prflset ( 4 deep )
/puzzlum-win32.exe/roe/startup/map:loader ".\gamedata\maps\Dire Dungeon 1.dat"/prflblnk ( 4 deep )
/puzzlum-win32.exe/roe/startup/map:loader ".\gamedata\maps\Dire Dungeon 1.dat"/prflblnk ( 4 deep )
/puzzlum-win32.exe/roe/startup/map:loader ".\gamedata\maps\Dire Dungeon 1.dat"/prflset ( 4 deep )
/puzzlum-win32.exe/roe/startup/map:loader ".\gamedata\maps\Dire Dungeon 1.dat"/prflblnk ( 4 deep )
/puzzlum-win32.exe/roe/startup/map:loader ".\gamedata\maps\Dire Dungeon 1.dat"/prflblnk ( 4 deep )
/puzzlum-win32.exe/roe/startup/map:loader ".\gamedata\maps\Dire Dungeon 1.dat"/prflset ( 4 deep )
/puzzlum-win32.exe/roe/startup/map:loader ".\gamedata\maps\Dire Dungeon 1.dat"/prflblnk ( 4 deep )
/puzzlum-win32.exe/roe/startup/map:loader ".\gamedata\maps\Dire Dungeon 1.dat"/prflblnk ( 4 deep )
/puzzlum-win32.exe/roe/startup/map:loader ".\gamedata\maps\Dire Dungeon 1.dat"/prflset ( 4 deep )
/puzzlum-win32.exe/roe/startup/map:loader ".\gamedata\maps\Dire Dungeon 1.dat"/prflblnk ( 4 deep )
/puzzlum-win32.exe/roe/startup/map:loader ".\gamedata\maps\Dire Dungeon 1.dat"/prflblnk ( 4 deep )
/puzzlum-win32.exe/roe/startup/map:loader ".\gamedata\maps\Dire Dungeon 1.dat"/prflset ( 4 deep )
/puzzlum-win32.exe/roe/startup/map:loader ".\gamedata\maps\Dire Dungeon 1.dat"/prflblnk ( 4 deep )
/puzzlum-win32.exe/roe/startup/map:loader ".\gamedata\maps\Dire Dungeon 1.dat"/prflblnk ( 4 deep )
/puzzlum-win32.exe/roe/startup/map:loader ".\gamedata\maps\Dire Dungeon 1.dat"/prflset ( 4 deep )
/puzzlum-win32.exe/roe/startup/map:loader ".\gamedata\maps\Dire Dungeon 1.dat"/prflblnk ( 4 deep )
/puzzlum-win32.exe/roe/startup/map:loader ".\gamedata\maps\Dire Dungeon 1.dat"/prflblnk ( 4 deep )
/puzzlum-win32.exe/roe/startup/map:loader ".\gamedata\maps\Dire Dungeon 1.dat"/prflset ( 4 deep )
/puzzlum-win32.exe/roe/startup/map:loader ".\gamedata\maps\Dire Dungeon 1.dat"/prflblnk ( 4 deep )
/puzzlum-win32.exe/roe/startup/map:loader ".\gamedata\maps\Dire Dungeon 1.dat"/prflblnk ( 4 deep )
/puzzlum-win32.exe/roe/startup/map:loader ".\gamedata\maps\Dire Dungeon 1.dat"/prflset ( 4 deep )
/puzzlum-win32.exe/roe/startup/map:loader ".\gamedata\maps\Dire Dungeon 1.dat"/prflblnk ( 4 deep )
/puzzlum-win32.exe/roe/startup/map:loader ".\gamedata\maps\Dire Dungeon 1.dat"/prflblnk ( 4 deep )
/puzzlum-win32.exe/roe/startup/map:loader ".\gamedata\maps\Dire Dungeon 1.dat"/prflset ( 4 deep )
/puzzlum-win32.exe/roe/startup/map:loader ".\gamedata\maps\Dire Dungeon 1.dat"/prflblnk ( 4 deep )
/puzzlum-win32.exe/roe/startup/map:loader ".\gamedata\maps\Dire Dungeon 1.dat"/prflblnk ( 4 deep )
/puzzlum-win32.exe/roe/startup/map:loader ".\gamedata\maps\Dire Dungeon 1.dat"/prflset ( 4 deep )
/puzzlum-win32.exe/roe/startup/map:loader ".\gamedata\maps\Dire Dungeon 1.dat"/prflblnk ( 4 deep )
/puzzlum-win32.exe/roe/startup/map:loader ".\gamedata\maps\Dire Dungeon 1.dat"/prflblnk ( 4 deep )
/puzzlum-win32.exe/roe/startup/map:loader ".\gamedata\maps\Dire Dungeon 1.dat"/prflset ( 4 deep )
/puzzlum-win32.exe/roe/startup/map:loader ".\gamedata\maps\Dire Dungeon 1.dat"/prflblnk ( 4 deep )
/puzzlum-win32.exe/roe/startup/map:loader ".\gamedata\maps\Dire Dungeon 1.dat"/prflblnk ( 4 deep )
/puzzlum-win32.exe/roe/startup/map:loader ".\gamedata\maps\Dire Dungeon 1.dat"/prflset ( 4 deep )
/puzzlum-win32.exe/roe/startup/map:loader ".\gamedata\maps\Dire Dungeon 1.dat"/prflblnk ( 4 deep )
/puzzlum-win32.exe/roe/startup/map:loader ".\gamedata\maps\Dire Dungeon 1.dat"/prflblnk ( 4 deep )
/puzzlum-win32.exe/roe/startup/map:loader ".\gamedata\maps\Dire Dungeon 1.dat"/prflset ( 4 deep )
/puzzlum-win32.exe/roe/startup/map:loader ".\gamedata\maps\Dire Dungeon 1.dat"/prflblnk ( 4 deep )
/puzzlum-win32.exe/roe/startup/map:loader ".\gamedata\maps\Dire Dungeon 1.dat"/prflblnk ( 4 deep )
/puzzlum-win32.exe/roe/startup/map:loader ".\gamedata\maps\Dire Dungeon 1.dat"/prflset ( 4 deep )
/puzzlum-win32.exe/roe/startup/map:loader ".\gamedata\maps\Dire Dungeon 1.dat"/prflblnk ( 4 deep )
/puzzlum-win32.exe/roe/startup/map:loader ".\gamedata\maps\Dire Dungeon 1.dat"/prflblnk ( 4 deep )
/puzzlum-win32.exe/roe/startup/map:loader ".\gamedata\maps\Dire Dungeon 1.dat"/prflset ( 4 deep )
/puzzlum-win32.exe/roe/startup/map:loader ".\gamedata\maps\Dire Dungeon 1.dat"/prflblnk ( 4 deep )
/puzzlum-win32.exe/roe/startup/map:loader ".\gamedata\maps\Dire Dungeon 1.dat"/prflblnk ( 4 deep )
/puzzlum-win32.exe/roe/startup/map:loader ".\gamedata\maps\Dire Dungeon 1.dat"/prflset ( 4 deep )
/puzzlum-win32.exe/roe/startup/map:loader ".\gamedata\maps\Dire Dungeon 1.dat"/prflblnk ( 4 deep )
/puzzlum-win32.exe/roe/startup/map:loader ".\gamedata\maps\Dire Dungeon 1.dat"/prflblnk ( 4 deep )
/puzzlum-win32.exe/roe/startup/map:loader ".\gamedata\maps\Dire Dungeon 1.dat"/prflset ( 4 deep )
/puzzlum-win32.exe/roe/startup/map:loader ".\gamedata\maps\Dire Dungeon 1.dat"/prflblnk ( 4 deep )
/puzzlum-win32.exe/roe/startup/map:loader ".\gamedata\maps\Dire Dungeon 1.dat"/prflblnk ( 4 deep )
/puzzlum-win32.exe/roe/startup/map:loader ".\gamedata\maps\Dire Dungeon 1.dat"/prflset ( 4 deep )
/puzzlum-win32.exe/roe/startup/map:loader ".\gamedata\maps\Dire Dungeon 1.dat"/prflblnk ( 4 deep )
/puzzlum-win32.exe/roe/startup/map:loader ".\gamedata\maps\Dire Dungeon 1.dat"/prflblnk ( 4 deep )
/puzzlum-win32.exe/roe/startup/map:loader ".\gamedata\maps\Dire Dungeon 1.dat"/prflset ( 4 deep )
/puzzlum-win32.exe/roe/startup/map:loader ".\gamedata\maps\Dire Dungeon 1.dat"/prflblnk ( 4 deep )
/puzzlum-win32.exe/roe/startup/map:loader ".\gamedata\maps\Dire Dungeon 1.dat"/prflblnk ( 4 deep )
/puzzlum-win32.exe/roe/startup/map:loader ".\gamedata\maps\Dire Dungeon 1.dat"/prflset ( 4 deep )
/puzzlum-win32.exe/roe/startup/map:loader ".\gamedata\maps\Dire Dungeon 1.dat"/prflblnk ( 4 deep )
/puzzlum-win32.exe/roe/startup/map:loader ".\gamedata\maps\Dire Dungeon 1.dat"/prflblnk ( 4 deep )
/puzzlum-win32.exe/roe/startup/map:loader ".\gamedata\maps\Dire Dungeon 1.dat"/prflset ( 4 deep )
/puzzlum-win32.exe/roe/startup/map:loader ".\gamedata\maps\Dire Dungeon 1.dat"/prflblnk ( 4 deep )
/puzzlum-win32.exe/roe/startup/map:loader ".\gamedata\maps\Dire Dungeon 1.dat"/prflblnk ( 4 deep )
/puzzlum-win32.exe/roe/startup/map:loader ".\gamedata\maps\Dire Dungeon 1.dat"/prflset ( 4 deep )
/puzzlum-win32.exe/roe/startup/map:loader ".\gamedata\maps\Dire Dungeon 1.dat"/prflblnk ( 4 deep )
/puzzlum-win32.exe/roe/startup/map:loader ".\gamedata\maps\Dire Dungeon 1.dat"/prflblnk ( 4 deep )
/puzzlum-win32.exe/roe/startup/map:loader ".\gamedata\maps\Dire Dungeon 1.dat"/prflset ( 4 deep )
/puzzlum-win32.exe/roe/startup/map:loader ".\gamedata\maps\Dire Dungeon 1.dat"/prflblnk ( 4 deep )
/puzzlum-win32.exe/roe/startup/map:loader ".\gamedata\maps\Dire Dungeon 1.dat"/prflblnk ( 4 deep )
/puzzlum-win32.exe/roe/startup/map:loader ".\gamedata\maps\Dire Dungeon 1.dat"/prflset ( 4 deep )
/puzzlum-win32.exe/roe/startup/map:loader ".\gamedata\maps\Dire Dungeon 1.dat"/prflblnk ( 4 deep )
/puzzlum-win32.exe/roe/startup/map:loader ".\gamedata\maps\Dire Dungeon 1.dat"/prflblnk ( 4 deep )
/puzzlum-win32.exe/roe/startup/map:loader ".\gamedata\maps\Dire Dungeon 1.dat"/prflset ( 4 deep )
/puzzlum-win32.exe/roe/startup/map:loader ".\gamedata\maps\Dire Dungeon 1.dat"/prflblnk ( 4 deep )
/puzzlum-win32.exe/roe/startup/map:loader ".\gamedata\maps\Dire Dungeon 1.dat"/prflblnk ( 4 deep )
/puzzlum-win32.exe/roe/startup/map:loader ".\gamedata\maps\Dire Dungeon 1.dat"/prflset ( 4 deep )
/puzzlum-win32.exe/roe/startup/map:loader ".\gamedata\maps\Dire Dungeon 1.dat"/prflblnk ( 4 deep )
/puzzlum-win32.exe/roe/startup/map:loader ".\gamedata\maps\Dire Dungeon 1.dat"/prflblnk ( 4 deep )
/puzzlum-win32.exe/roe/startup/map:loader ".\gamedata\maps\Dire Dungeon 1.dat"/prflset ( 4 deep )
/puzzlum-win32.exe/roe/startup/map:loader ".\gamedata\maps\Dire Dungeon 1.dat"/prflblnk ( 4 deep )
/puzzlum-win32.exe/roe/startup/map:loader ".\gamedata\maps\Dire Dungeon 1.dat"/prflblnk ( 4 deep )
/puzzlum-win32.exe/roe/startup/map:loader ".\gamedata\maps\Dire Dungeon 1.dat"/prflset ( 4 deep )
/puzzlum-win32.exe/roe/startup/map:loader ".\gamedata\maps\Dire Dungeon 1.dat"/prflblnk ( 4 deep )
/puzzlum-win32.exe/roe/startup/map:loader ".\gamedata\maps\Dire Dungeon 1.dat"/prflblnk ( 4 deep )
/puzzlum-win32.exe/roe/startup/map:loader ".\gamedata\maps\Dire Dungeon 1.dat"/prflset ( 4 deep )
/puzzlum-win32.exe/roe/startup/map:loader ".\gamedata\maps\Dire Dungeon 1.dat"/prflblnk ( 4 deep )
/puzzlum-win32.exe/roe/startup/map:loader ".\gamedata\maps\Dire Dungeon 1.dat"/prflblnk ( 4 deep )
/puzzlum-win32.exe/roe/startup/map:loader ".\gamedata\maps\Dire Dungeon 1.dat"/prflset ( 4 deep )
/puzzlum-win32.exe/roe/startup/map:loader ".\gamedata\maps\Dire Dungeon 1.dat"/prflblnk ( 4 deep )
/puzzlum-win32.exe/roe/startup/map:loader ".\gamedata\maps\Dire Dungeon 1.dat"/prflblnk ( 4 deep )
/puzzlum-win32.exe/roe/startup/map:loader ".\gamedata\maps\Dire Dungeon 1.dat"/prflset ( 4 deep )
/puzzlum-win32.exe/roe/startup/map:loader ".\gamedata\maps\Dire Dungeon 1.dat"/prflblnk ( 4 deep )
/puzzlum-win32.exe/roe/startup/map:loader ".\gamedata\maps\Dire Dungeon 1.dat"/prflblnk ( 4 deep )
/puzzlum-win32.exe/roe/startup/map:loader ".\gamedata\maps\Dire Dungeon 1.dat"/prflset ( 4 deep )
/puzzlum-win32.exe/roe/startup/map:loader ".\gamedata\maps\Dire Dungeon 1.dat"/prflblnk ( 4 deep )
/puzzlum-win32.exe/roe/startup/map:loader ".\gamedata\maps\Dire Dungeon 1.dat"/prflblnk ( 4 deep )
/puzzlum-win32.exe/roe/startup/map:loader ".\gamedata\maps\Dire Dungeon 1.dat"/prflset ( 4 deep )
/puzzlum-win32.exe/roe/startup/map:loader ".\gamedata\maps\Dire Dungeon 1.dat"/prflblnk ( 4 deep )
/puzzlum-win32.exe/roe/startup/map:loader ".\gamedata\maps\Dire Dungeon 1.dat"/prflblnk ( 4 deep )
/puzzlum-win32.exe/roe/startup/map:loader ".\gamedata\maps\Dire Dungeon 1.dat"/prflset ( 4 deep )
/puzzlum-win32.exe/roe/startup/map:loader ".\gamedata\maps\Dire Dungeon 1.dat"/prflblnk ( 4 deep )
/puzzlum-win32.exe/roe/startup/map:loader ".\gamedata\maps\Dire Dungeon 1.dat"/prflblnk ( 4 deep )
/puzzlum-win32.exe/roe/startup/map:loader ".\gamedata\maps\Dire Dungeon 1.dat"/prflset ( 4 deep )
/puzzlum-win32.exe/roe/startup/map:loader ".\gamedata\maps\Dire Dungeon 1.dat"/prflblnk ( 4 deep )
/puzzlum-win32.exe/roe/startup/map:loader ".\gamedata\maps\Dire Dungeon 1.dat"/prflblnk ( 4 deep )
/puzzlum-win32.exe/roe/startup/map:loader ".\gamedata\maps\Dire Dungeon 1.dat"/prflset ( 4 deep )
/puzzlum-win32.exe/roe/startup/map:loader ".\gamedata\maps\Dire Dungeon 1.dat"/prflblnk ( 4 deep )
/puzzlum-win32.exe/roe/startup/map:loader ".\gamedata\maps\Dire Dungeon 1.dat"/prflblnk ( 4 deep )
/puzzlum-win32.exe/roe/startup/map:loader ".\gamedata\maps\Dire Dungeon 1.dat"/prflset ( 4 deep )
/puzzlum-win32.exe/roe/startup/map:loader ".\gamedata\maps\Dire Dungeon 1.dat"/prflblnk ( 4 deep )
/puzzlum-win32.exe/roe/startup/map:loader ".\gamedata\maps\Dire Dungeon 1.dat"/prflblnk ( 4 deep )
/puzzlum-win32.exe/roe/startup/map:loader ".\gamedata\maps\Dire Dungeon 1.dat"/prflset ( 4 deep )
/puzzlum-win32.exe/roe/startup/map:loader ".\gamedata\maps\Dire Dungeon 1.dat"/prflblnk ( 4 deep )
/puzzlum-win32.exe/roe/startup/map:loader ".\gamedata\maps\Dire Dungeon 1.dat"/prflblnk ( 4 deep )
/puzzlum-win32.exe/roe/startup/map:loader ".\gamedata\maps\Dire Dungeon 1.dat"/prflset ( 4 deep )
/puzzlum-win32.exe/roe/startup/map:loader ".\gamedata\maps\Dire Dungeon 1.dat"/prflblnk ( 4 deep )
/puzzlum-win32.exe/roe/startup/map:loader ".\gamedata\maps\Dire Dungeon 1.dat"/prflblnk ( 4 deep )
/puzzlum-win32.exe/roe/startup/map:loader ".\gamedata\maps\Dire Dungeon 1.dat"/prflset ( 4 deep )
/puzzlum-win32.exe/roe/startup/map:loader ".\gamedata\maps\Dire Dungeon 1.dat"/prflblnk ( 4 deep )
/puzzlum-win32.exe/roe/startup/map:loader ".\gamedata\maps\Dire Dungeon 1.dat"/prflblnk ( 4 deep )
/puzzlum-win32.exe/roe/startup/map:loader ".\gamedata\maps\Dire Dungeon 1.dat"/prflset ( 4 deep )
/puzzlum-win32.exe/roe/startup/map:loader ".\gamedata\maps\Dire Dungeon 1.dat"/prflblnk ( 4 deep )
/puzzlum-win32.exe/roe/startup/map:loader ".\gamedata\maps\Dire Dungeon 1.dat"/prflblnk ( 4 deep )
/puzzlum-win32.exe/roe/startup/map:loader ".\gamedata\maps\Dire Dungeon 1.dat"/prflset ( 4 deep )
/puzzlum-win32.exe/roe/startup/map:loader ".\gamedata\maps\Dire Dungeon 1.dat"/prflblnk ( 4 deep )
/puzzlum-win32.exe/roe/startup/map:loader ".\gamedata\maps\Dire Dungeon 1.dat"/prflblnk ( 4 deep )
/puzzlum-win32.exe/roe/startup/map:loader ".\gamedata\maps\Dire Dungeon 1.dat"/prflset ( 4 deep )
/puzzlum-win32.exe/roe/startup/map:loader ".\gamedata\maps\Dire Dungeon 1.dat"/prflblnk ( 4 deep )
/puzzlum-win32.exe/roe/startup/map:loader ".\gamedata\maps\Dire Dungeon 1.dat"/prflblnk ( 4 deep )
/puzzlum-win32.exe/roe/startup/map:loader ".\gamedata\maps\Dire Dungeon 1.dat"/prflset ( 4 deep )
/puzzlum-win32.exe/roe/startup/map:loader ".\gamedata\maps\Dire Dungeon 1.dat"/prflblnk ( 4 deep )
/puzzlum-win32.exe/roe/startup/map:loader ".\gamedata\maps\Dire Dungeon 1.dat"/prflblnk ( 4 deep )
/puzzlum-win32.exe/roe/startup/map:loader ".\gamedata\maps\Dire Dungeon 1.dat"/prflset ( 4 deep )
/puzzlum-win32.exe/roe/startup/map:loader ".\gamedata\maps\Dire Dungeon 1.dat"/prflblnk ( 4 deep )
/puzzlum-win32.exe/roe/startup/map:loader ".\gamedata\maps\Dire Dungeon 1.dat"/prflblnk ( 4 deep )
/puzzlum-win32.exe/roe/startup/map:loader ".\gamedata\maps\Dire Dungeon 1.dat"/prflset ( 4 deep )
/puzzlum-win32.exe/roe/startup/map:loader ".\gamedata\maps\Dire Dungeon 1.dat"/prflblnk ( 4 deep )
/puzzlum-win32.exe/roe/startup/map:loader ".\gamedata\maps\Dire Dungeon 1.dat"/prflblnk ( 4 deep )
/puzzlum-win32.exe/roe/startup/map:loader ".\gamedata\maps\Dire Dungeon 1.dat"/prflset ( 4 deep )
/puzzlum-win32.exe/roe/startup/map:loader ".\gamedata\maps\Dire Dungeon 1.dat"/prflblnk ( 4 deep )
/puzzlum-win32.exe/roe/startup/map:loader ".\gamedata\maps\Dire Dungeon 1.dat"/prflblnk ( 4 deep )
/puzzlum-win32.exe/roe/startup/map:loader ".\gamedata\maps\Dire Dungeon 1.dat"/prflset ( 4 deep )
/puzzlum-win32.exe/roe/startup/map:loader ".\gamedata\maps\Dire Dungeon 1.dat"/prflblnk ( 4 deep )
/puzzlum-win32.exe/roe/startup/map:loader ".\gamedata\maps\Dire Dungeon 1.dat"/prflblnk ( 4 deep )
/puzzlum-win32.exe/roe/startup/map:loader ".\gamedata\maps\Dire Dungeon 1.dat"/prflset ( 4 deep )
/puzzlum-win32.exe/roe/startup/map:loader ".\gamedata\maps\Dire Dungeon 1.dat"/prflblnk ( 4 deep )
/puzzlum-win32.exe/roe/startup/map:loader ".\gamedata\maps\Dire Dungeon 1.dat"/prflblnk ( 4 deep )
/puzzlum-win32.exe/roe/startup/map:loader ".\gamedata\maps\Dire Dungeon 1.dat"/prflset ( 4 deep )
/puzzlum-win32.exe/roe/startup/map:loader ".\gamedata\maps\Dire Dungeon 1.dat"/prflblnk ( 4 deep )
/puzzlum-win32.exe/roe/startup/map:loader ".\gamedata\maps\Dire Dungeon 1.dat"/prflblnk ( 4 deep )
/puzzlum-win32.exe/roe/startup/map:loader ".\gamedata\maps\Dire Dungeon 1.dat"/prflset ( 4 deep )
/puzzlum-win32.exe/roe/startup/map:loader ".\gamedata\maps\Dire Dungeon 1.dat"/prflblnk ( 4 deep )
/puzzlum-win32.exe/roe/startup/map:loader ".\gamedata\maps\Dire Dungeon 1.dat"/prflblnk ( 4 deep )
/puzzlum-win32.exe/roe/startup/map:loader ".\gamedata\maps\Dire Dungeon 1.dat"/prflset ( 4 deep )
/puzzlum-win32.exe/roe/startup/map:loader ".\gamedata\maps\Dire Dungeon 1.dat"/prflblnk ( 4 deep )
/puzzlum-win32.exe/roe/startup/map:loader ".\gamedata\maps\Dire Dungeon 1.dat"/prflblnk ( 4 deep )
/puzzlum-win32.exe/roe/startup/map:loader ".\gamedata\maps\Dire Dungeon 1.dat"/prflset ( 4 deep )
/puzzlum-win32.exe/roe/startup/map:loader ".\gamedata\maps\Dire Dungeon 1.dat"/prflblnk ( 4 deep )
/puzzlum-win32.exe/roe/startup/map:loader ".\gamedata\maps\Dire Dungeon 1.dat"/prflblnk ( 4 deep )
/puzzlum-win32.exe/roe/startup/map:loader ".\gamedata\maps\Dire Dungeon 1.dat"/prflset ( 4 deep )
/puzzlum-win32.exe/roe/startup/map:loader ".\gamedata\maps\Dire Dungeon 1.dat"/prflblnk ( 4 deep )
/puzzlum-win32.exe/roe/startup/map:loader ".\gamedata\maps\Dire Dungeon 1.dat"/prflblnk ( 4 deep )
/puzzlum-win32.exe/roe/startup/map:loader ".\gamedata\maps\Dire Dungeon 1.dat"/prflset ( 4 deep )
/puzzlum-win32.exe/roe/startup/map:loader ".\gamedata\maps\Dire Dungeon 1.dat"/prflblnk ( 4 deep )
/puzzlum-win32.exe/roe/startup/map:loader ".\gamedata\maps\Dire Dungeon 1.dat"/prflblnk ( 4 deep )
/puzzlum-win32.exe/roe/startup/map:loader ".\gamedata\maps\Dire Dungeon 1.dat"/prflset ( 4 deep )
/puzzlum-win32.exe/roe/startup/map:loader ".\gamedata\maps\Dire Dungeon 1.dat"/prflblnk ( 4 deep )
/puzzlum-win32.exe/roe/startup/map:loader ".\gamedata\maps\Dire Dungeon 1.dat"/prflblnk ( 4 deep )
/puzzlum-win32.exe/roe/startup/map:loader ".\gamedata\maps\Dire Dungeon 1.dat"/prflset ( 4 deep )
/puzzlum-win32.exe/roe/startup/map:loader ".\gamedata\maps\Dire Dungeon 1.dat"/prflblnk ( 4 deep )
/puzzlum-win32.exe/roe/startup/map:loader ".\gamedata\maps\Dire Dungeon 1.dat"/prflblnk ( 4 deep )
/puzzlum-win32.exe/roe/startup/map:loader ".\gamedata\maps\Dire Dungeon 1.dat"/prflset ( 4 deep )
/puzzlum-win32.exe/roe/startup/map:loader ".\gamedata\maps\Dire Dungeon 1.dat"/prflblnk ( 4 deep )
/puzzlum-win32.exe/roe/startup/map:loader ".\gamedata\maps\Dire Dungeon 1.dat"/prflblnk ( 4 deep )
/puzzlum-win32.exe/roe/startup/map:loader ".\gamedata\maps\Dire Dungeon 1.dat"/prflset ( 4 deep )
/puzzlum-win32.exe/roe/startup/map:loader ".\gamedata\maps\Dire Dungeon 1.dat"/prflblnk ( 4 deep )
/puzzlum-win32.exe/roe/startup/map:loader ".\gamedata\maps\Dire Dungeon 1.dat"/prflblnk ( 4 deep )
/puzzlum-win32.exe/roe/startup/map:loader ".\gamedata\maps\Dire Dungeon 1.dat"/prflset ( 4 deep )
/puzzlum-win32.exe/roe/startup/map:loader ".\gamedata\maps\Dire Dungeon 1.dat"/prflblnk ( 4 deep )
/puzzlum-win32.exe/roe/startup/map:loader ".\gamedata\maps\Dire Dungeon 1.dat"/prflblnk ( 4 deep )
/puzzlum-win32.exe/roe/startup/map:loader ".\gamedata\maps\Dire Dungeon 1.dat"/prflset ( 4 deep )
/puzzlum-win32.exe/roe/startup/map:loader ".\gamedata\maps\Dire Dungeon 1.dat"/prflblnk ( 4 deep )
/puzzlum-win32.exe/roe/startup/map:loader ".\gamedata\maps\Dire Dungeon 1.dat"/prflblnk ( 4 deep )
/puzzlum-win32.exe/roe/startup/map:loader ".\gamedata\maps\Dire Dungeon 1.dat"/prflset ( 4 deep )
/puzzlum-win32.exe/roe/startup/map:loader ".\gamedata\maps\Dire Dungeon 1.dat"/prflblnk ( 4 deep )
/puzzlum-win32.exe/roe/startup/map:loader ".\gamedata\maps\Dire Dungeon 1.dat"/prflblnk ( 4 deep )
/puzzlum-win32.exe/roe/startup/map:loader ".\gamedata\maps\Dire Dungeon 1.dat"/prflset ( 4 deep )
/puzzlum-win32.exe/roe/startup/map:loader ".\gamedata\maps\Dire Dungeon 1.dat"/prflblnk ( 4 deep )
/puzzlum-win32.exe/roe/startup/map:loader ".\gamedata\maps\Dire Dungeon 1.dat"/prflblnk ( 4 deep )
/puzzlum-win32.exe/roe/startup/map:loader ".\gamedata\maps\Dire Dungeon 1.dat"/prflset ( 4 deep )
/puzzlum-win32.exe/roe/startup/map:loader ".\gamedata\maps\Dire Dungeon 1.dat"/prflblnk ( 4 deep )
/puzzlum-win32.exe/roe/startup/map:loader ".\gamedata\maps\Dire Dungeon 1.dat"/prflblnk ( 4 deep )
/puzzlum-win32.exe/roe/startup/map:loader ".\gamedata\maps\Dire Dungeon 1.dat"/prflset ( 4 deep )
/puzzlum-win32.exe/roe/startup/map:loader ".\gamedata\maps\Dire Dungeon 1.dat"/prflblnk ( 4 deep )
/puzzlum-win32.exe/roe/startup/map:loader ".\gamedata\maps\Dire Dungeon 1.dat"/prflblnk ( 4 deep )
/puzzlum-win32.exe/roe/startup/map:loader ".\gamedata\maps\Dire Dungeon 1.dat"/prflset ( 4 deep )
/puzzlum-win32.exe/roe/startup/map:loader ".\gamedata\maps\Dire Dungeon 1.dat"/prflblnk ( 4 deep )
/puzzlum-win32.exe/roe/startup/map:loader ".\gamedata\maps\Dire Dungeon 1.dat"/prflblnk ( 4 deep )
/puzzlum-win32.exe/roe/startup/map:loader ".\gamedata\maps\Dire Dungeon 1.dat"/prflset ( 4 deep )
/puzzlum-win32.exe/roe/startup/map:loader ".\gamedata\maps\Dire Dungeon 1.dat"/prflblnk ( 4 deep )
/puzzlum-win32.exe/roe/startup/map:loader ".\gamedata\maps\Dire Dungeon 1.dat"/prflblnk ( 4 deep )
/puzzlum-win32.exe/roe/startup/map:loader ".\gamedata\maps\Dire Dungeon 1.dat"/prflset ( 4 deep )
/puzzlum-win32.exe/roe/startup/map:loader ".\gamedata\maps\Dire Dungeon 1.dat"/prflblnk ( 4 deep )
/puzzlum-win32.exe/roe/startup/map:loader ".\gamedata\maps\Dire Dungeon 1.dat"/prflblnk ( 4 deep )
/puzzlum-win32.exe/roe/startup/map:loader ".\gamedata\maps\Dire Dungeon 1.dat"/prflset ( 4 deep )
/puzzlum-win32.exe/roe/startup/map:loader ".\gamedata\maps\Dire Dungeon 1.dat"/prflblnk ( 4 deep )
/puzzlum-win32.exe/roe/startup/map:loader ".\gamedata\maps\Dire Dungeon 1.dat"/prflblnk ( 4 deep )
/puzzlum-win32.exe/roe/startup/map:loader ".\gamedata\maps\Dire Dungeon 1.dat"/prflset ( 4 deep )
/puzzlum-win32.exe/roe/startup/map:loader ".\gamedata\maps\Dire Dungeon 1.dat"/prflblnk ( 4 deep )
/puzzlum-win32.exe/roe/startup/map:loader ".\gamedata\maps\Dire Dungeon 1.dat"/prflblnk ( 4 deep )
/puzzlum-win32.exe/roe/startup/map:loader ".\gamedata\maps\Dire Dungeon 1.dat"/prflset ( 4 deep )
/puzzlum-win32.exe/roe/startup/map:loader ".\gamedata\maps\Dire Dungeon 1.dat"/prflblnk ( 4 deep )
/puzzlum-win32.exe/roe/startup/map:loader ".\gamedata\maps\Dire Dungeon 1.dat"/prflblnk ( 4 deep )
/puzzlum-win32.exe/roe/startup/map:loader ".\gamedata\maps\Dire Dungeon 1.dat"/prflset ( 4 deep )
/puzzlum-win32.exe/roe/startup/map:loader ".\gamedata\maps\Dire Dungeon 1.dat"/prflblnk ( 4 deep )
/puzzlum-win32.exe/roe/startup/map:loader ".\gamedata\maps\Dire Dungeon 1.dat"/prflblnk ( 4 deep )
/puzzlum-win32.exe/roe/startup/map:loader ".\gamedata\maps\Dire Dungeon 1.dat"/prflset ( 4 deep )
/puzzlum-win32.exe/roe/startup/map:loader ".\gamedata\maps\Dire Dungeon 1.dat"/prflblnk ( 4 deep )
/puzzlum-win32.exe/roe/startup/map:loader ".\gamedata\maps\Dire Dungeon 1.dat"/prflblnk ( 4 deep )
/puzzlum-win32.exe/roe/startup/map:loader ".\gamedata\maps\Dire Dungeon 1.dat"/prflset ( 4 deep )
/puzzlum-win32.exe/roe/startup/map:loader ".\gamedata\maps\Dire Dungeon 1.dat"/prflblnk ( 4 deep )
/puzzlum-win32.exe/roe/startup/map:loader ".\gamedata\maps\Dire Dungeon 1.dat"/prflblnk ( 4 deep )
/puzzlum-win32.exe/roe/startup/map:loader ".\gamedata\maps\Dire Dungeon 1.dat"/prflset ( 4 deep )
/puzzlum-win32.exe/roe/startup/map:loader ".\gamedata\maps\Dire Dungeon 1.dat"/prflblnk ( 4 deep )
/puzzlum-win32.exe/roe/startup/map:loader ".\gamedata\maps\Dire Dungeon 1.dat"/prflblnk ( 4 deep )
/puzzlum-win32.exe/roe/startup/map:loader ".\gamedata\maps\Dire Dungeon 1.dat"/prflset ( 4 deep )
/puzzlum-win32.exe/roe/startup/map:loader ".\gamedata\maps\Dire Dungeon 1.dat"/prflblnk ( 4 deep )
/puzzlum-win32.exe/roe/startup/map:loader ".\gamedata\maps\Dire Dungeon 1.dat"/prflblnk ( 4 deep )
/puzzlum-win32.exe/roe/startup/map:loader ".\gamedata\maps\Dire Dungeon 1.dat"/prflset ( 4 deep )
/puzzlum-win32.exe/roe/startup/map:loader ".\gamedata\maps\Dire Dungeon 1.dat"/prflblnk ( 4 deep )
/puzzlum-win32.exe/roe/startup/map:loader ".\gamedata\maps\Dire Dungeon 1.dat"/prflblnk ( 4 deep )
/puzzlum-win32.exe/roe/startup/map:loader ".\gamedata\maps\Dire Dungeon 1.dat"/prflset ( 4 deep )
/puzzlum-win32.exe/roe/startup/map:loader ".\gamedata\maps\Dire Dungeon 1.dat"/prflblnk ( 4 deep )
/puzzlum-win32.exe/roe/startup/map:loader ".\gamedata\maps\Dire Dungeon 1.dat"/prflblnk ( 4 deep )
/puzzlum-win32.exe/roe/startup/map:loader ".\gamedata\maps\Dire Dungeon 1.dat"/prflset ( 4 deep )
/puzzlum-win32.exe/roe/startup/map:loader ".\gamedata\maps\Dire Dungeon 1.dat"/prflblnk ( 4 deep )
/puzzlum-win32.exe/roe/startup/map:loader ".\gamedata\maps\Dire Dungeon 1.dat"/prflblnk ( 4 deep )
/puzzlum-win32.exe/roe/startup/map:loader ".\gamedata\maps\Dire Dungeon 1.dat"/prflset ( 4 deep )
/puzzlum-win32.exe/roe/startup/map:loader ".\gamedata\maps\Dire Dungeon 1.dat"/prflblnk ( 4 deep )
/puzzlum-win32.exe/roe/startup/map:loader ".\gamedata\maps\Dire Dungeon 1.dat"/prflblnk ( 4 deep )
/puzzlum-win32.exe/roe/startup/map:loader ".\gamedata\maps\Dire Dungeon 1.dat"/prflset ( 4 deep )
/puzzlum-win32.exe/roe/startup/map:loader ".\gamedata\maps\Dire Dungeon 1.dat"/prflblnk ( 4 deep )
/puzzlum-win32.exe/roe/startup/map:loader ".\gamedata\maps\Dire Dungeon 1.dat"/prflblnk ( 4 deep )
/puzzlum-win32.exe/roe/startup/map:loader ".\gamedata\maps\Dire Dungeon 1.dat"/prflset ( 4 deep )
/puzzlum-win32.exe/roe/startup/map:loader ".\gamedata\maps\Dire Dungeon 1.dat"/prflblnk ( 4 deep )
/puzzlum-win32.exe/roe/startup/map:loader ".\gamedata\maps\Dire Dungeon 1.dat"/prflblnk ( 4 deep )
/puzzlum-win32.exe/roe/startup/map:loader ".\gamedata\maps\Dire Dungeon 1.dat"/prflset ( 4 deep )
/puzzlum-win32.exe/roe/startup/map:loader ".\gamedata\maps\Dire Dungeon 1.dat"/prflblnk ( 4 deep )
/puzzlum-win32.exe/roe/startup/map:loader ".\gamedata\maps\Dire Dungeon 1.dat"/prflblnk ( 4 deep )
/puzzlum-win32.exe/roe/startup/map:loader ".\gamedata\maps\Dire Dungeon 1.dat"/prflset ( 4 deep )
/puzzlum-win32.exe/roe/startup/map:loader ".\gamedata\maps\Dire Dungeon 1.dat"/prflblnk ( 4 deep )
/puzzlum-win32.exe/roe/startup/map:loader ".\gamedata\maps\Dire Dungeon 1.dat"/prflblnk ( 4 deep )
/puzzlum-win32.exe/roe/startup/map:loader ".\gamedata\maps\Dire Dungeon 1.dat"/prflset ( 4 deep )
/puzzlum-win32.exe/roe/startup/map:loader ".\gamedata\maps\Dire Dungeon 1.dat"/prflblnk ( 4 deep )
/puzzlum-win32.exe/roe/startup/map:loader ".\gamedata\maps\Dire Dungeon 1.dat"/prflblnk ( 4 deep )
/puzzlum-win32.exe/roe/startup/map:loader ".\gamedata\maps\Dire Dungeon 1.dat"/prflset ( 4 deep )
/puzzlum-win32.exe/roe/startup/map:loader ".\gamedata\maps\Dire Dungeon 1.dat"/prflblnk ( 4 deep )
/puzzlum-win32.exe/roe/startup/map:loader ".\gamedata\maps\Dire Dungeon 1.dat"/prflblnk ( 4 deep )
/puzzlum-win32.exe/roe/startup/map:loader ".\gamedata\maps\Dire Dungeon 1.dat"/prflset ( 4 deep )
/puzzlum-win32.exe/roe/startup/map:loader ".\gamedata\maps\Dire Dungeon 1.dat"/prflblnk ( 4 deep )
/puzzlum-win32.exe/roe/startup/map:loader ".\gamedata\maps\Dire Dungeon 1.dat"/prflblnk ( 4 deep )
/puzzlum-win32.exe/roe/startup/map:loader ".\gamedata\maps\Dire Dungeon 1.dat"/prflset ( 4 deep )
/puzzlum-win32.exe/roe/startup/map:loader ".\gamedata\maps\Dire Dungeon 1.dat"/prflblnk ( 4 deep )
/puzzlum-win32.exe/roe/startup/map:loader ".\gamedata\maps\Dire Dungeon 1.dat"/prflblnk ( 4 deep )
/puzzlum-win32.exe/roe/startup/map:loader ".\gamedata\maps\Dire Dungeon 1.dat"/prflset ( 4 deep )
/puzzlum-win32.exe/roe/startup/map:loader ".\gamedata\maps\Dire Dungeon 1.dat"/prflblnk ( 4 deep )
/puzzlum-win32.exe/roe/startup/map:loader ".\gamedata\maps\Dire Dungeon 1.dat"/prflblnk ( 4 deep )
/puzzlum-win32.exe/roe/startup/map:loader ".\gamedata\maps\Dire Dungeon 1.dat"/prflset ( 4 deep )
/puzzlum-win32.exe/roe/startup/map:loader ".\gamedata\maps\Dire Dungeon 1.dat"/prflblnk ( 4 deep )
/puzzlum-win32.exe/roe/startup/map:loader ".\gamedata\maps\Dire Dungeon 1.dat"/prflblnk ( 4 deep )
/puzzlum-win32.exe/roe/startup/map:loader ".\gamedata\maps\Dire Dungeon 1.dat"/prflset ( 4 deep )
/puzzlum-win32.exe/roe/startup/map:loader ".\gamedata\maps\Dire Dungeon 1.dat"/prflblnk ( 4 deep )
/puzzlum-win32.exe/roe/startup/map:loader ".\gamedata\maps\Dire Dungeon 1.dat"/prflblnk ( 4 deep )
/puzzlum-win32.exe/roe/startup/map:loader ".\gamedata\maps\Dire Dungeon 1.dat"/prflset ( 4 deep )
/puzzlum-win32.exe/roe/startup/map:loader ".\gamedata\maps\Dire Dungeon 1.dat"/prflblnk ( 4 deep )
/puzzlum-win32.exe/roe/startup/map:loader ".\gamedata\maps\Dire Dungeon 1.dat"/prflblnk ( 4 deep )
/puzzlum-win32.exe/roe/startup/map:loader ".\gamedata\maps\Dire Dungeon 1.dat"/prflset ( 4 deep )
/puzzlum-win32.exe/roe/startup/map:loader ".\gamedata\maps\Dire Dungeon 1.dat"/prflblnk ( 4 deep )
/puzzlum-win32.exe/roe/startup/map:loader ".\gamedata\maps\Dire Dungeon 1.dat"/prflblnk ( 4 deep )
/puzzlum-win32.exe/roe/startup/map:loader ".\gamedata\maps\Dire Dungeon 1.dat"/prflset ( 4 deep )
/puzzlum-win32.exe/roe/startup/map:loader ".\gamedata\maps\Dire Dungeon 1.dat"/prflblnk ( 4 deep )
/puzzlum-win32.exe/roe/startup/map:loader ".\gamedata\maps\Dire Dungeon 1.dat"/prflblnk ( 4 deep )
/puzzlum-win32.exe/roe/startup/map:loader ".\gamedata\maps\Dire Dungeon 1.dat"/prflset ( 4 deep )
/puzzlum-win32.exe/roe/startup/map:loader ".\gamedata\maps\Dire Dungeon 1.dat"/prflblnk ( 4 deep )
/puzzlum-win32.exe/roe/startup/map:loader ".\gamedata\maps\Dire Dungeon 1.dat"/prflblnk ( 4 deep )
/puzzlum-win32.exe/roe/startup/map:loader ".\gamedata\maps\Dire Dungeon 1.dat"/prflset ( 4 deep )
/puzzlum-win32.exe/roe/startup/map:loader ".\gamedata\maps\Dire Dungeon 1.dat"/prflblnk ( 4 deep )
/puzzlum-win32.exe/roe/startup/map:loader ".\gamedata\maps\Dire Dungeon 1.dat"/prflblnk ( 4 deep )
/puzzlum-win32.exe/roe/startup/map:loader ".\gamedata\maps\Dire Dungeon 1.dat"/prflset ( 4 deep )
/puzzlum-win32.exe/roe/startup/map:loader ".\gamedata\maps\Dire Dungeon 1.dat"/prflblnk ( 4 deep )
/puzzlum-win32.exe/roe/startup/map:loader ".\gamedata\maps\Dire Dungeon 1.dat"/prflblnk ( 4 deep )
/puzzlum-win32.exe/roe/startup/map:loader ".\gamedata\maps\Dire Dungeon 1.dat"/prflset ( 4 deep )
/puzzlum-win32.exe/roe/startup/map:loader ".\gamedata\maps\Dire Dungeon 1.dat"/prflblnk ( 4 deep )
/puzzlum-win32.exe/roe/startup/map:loader ".\gamedata\maps\Dire Dungeon 1.dat"/prflblnk ( 4 deep )
/puzzlum-win32.exe/roe/startup/map:loader ".\gamedata\maps\Dire Dungeon 1.dat"/prflset ( 4 deep )
/puzzlum-win32.exe/roe/startup/map:loader ".\gamedata\maps\Dire Dungeon 1.dat"/prflblnk ( 4 deep )
/puzzlum-win32.exe/roe/startup/map:loader ".\gamedata\maps\Dire Dungeon 1.dat"/prflblnk ( 4 deep )
/puzzlum-win32.exe/roe/startup/map:loader ".\gamedata\maps\Dire Dungeon 1.dat"/prflset ( 4 deep )
/puzzlum-win32.exe/roe/startup/map:loader ".\gamedata\maps\Dire Dungeon 1.dat"/prflblnk ( 4 deep )
/puzzlum-win32.exe/roe/startup/map:loader ".\gamedata\maps\Dire Dungeon 1.dat"/prflblnk ( 4 deep )
/puzzlum-win32.exe/roe/startup/map:loader ".\gamedata\maps\Dire Dungeon 1.dat"/prflset ( 4 deep )
/puzzlum-win32.exe/roe/startup/map:loader ".\gamedata\maps\Dire Dungeon 1.dat"/prflblnk ( 4 deep )
/puzzlum-win32.exe/roe/startup/map:loader ".\gamedata\maps\Dire Dungeon 1.dat"/prflblnk ( 4 deep )
/puzzlum-win32.exe/roe/startup/map:loader ".\gamedata\maps\Dire Dungeon 1.dat"/prflset ( 4 deep )
/puzzlum-win32.exe/roe/startup/map:loader ".\gamedata\maps\Dire Dungeon 1.dat"/prflblnk ( 4 deep )
/puzzlum-win32.exe/roe/startup/map:loader ".\gamedata\maps\Dire Dungeon 1.dat"/prflblnk ( 4 deep )
/puzzlum-win32.exe/roe/startup/map:loader ".\gamedata\maps\Dire Dungeon 1.dat"/prflset ( 4 deep )
/puzzlum-win32.exe/roe/startup/map:loader ".\gamedata\maps\Dire Dungeon 1.dat"/prflblnk ( 4 deep )
/puzzlum-win32.exe/roe/startup/map:loader ".\gamedata\maps\Dire Dungeon 1.dat"/prflblnk ( 4 deep )
/puzzlum-win32.exe/roe/startup/map:loader ".\gamedata\maps\Dire Dungeon 1.dat"/prflset ( 4 deep )
/puzzlum-win32.exe/roe/startup/map:loader ".\gamedata\maps\Dire Dungeon 1.dat"/prflblnk ( 4 deep )
/puzzlum-win32.exe/roe/startup/map:loader ".\gamedata\maps\Dire Dungeon 1.dat"/prflblnk ( 4 deep )
/puzzlum-win32.exe/roe/startup/map:loader ".\gamedata\maps\Dire Dungeon 1.dat"/prflset ( 4 deep )
/puzzlum-win32.exe/roe/startup/map:loader ".\gamedata\maps\Dire Dungeon 1.dat"/prflblnk ( 4 deep )
/puzzlum-win32.exe/roe/startup/map:loader ".\gamedata\maps\Dire Dungeon 1.dat"/prflblnk ( 4 deep )
/puzzlum-win32.exe/roe/startup/map:loader ".\gamedata\maps\Dire Dungeon 1.dat"/prflset ( 4 deep )
/puzzlum-win32.exe/roe/startup/map:loader ".\gamedata\maps\Dire Dungeon 1.dat"/prflblnk ( 4 deep )
/puzzlum-win32.exe/roe/startup/map:loader ".\gamedata\maps\Dire Dungeon 1.dat"/prflblnk ( 4 deep )
/puzzlum-win32.exe/roe/startup/map:loader ".\gamedata\maps\Dire Dungeon 1.dat"/prflset ( 4 deep )
/puzzlum-win32.exe/roe/startup/map:loader ".\gamedata\maps\Dire Dungeon 1.dat"/prflblnk ( 4 deep )
/puzzlum-win32.exe/roe/startup/map:loader ".\gamedata\maps\Dire Dungeon 1.dat"/prflblnk ( 4 deep )
/puzzlum-win32.exe/roe/startup/map:loader ".\gamedata\maps\Dire Dungeon 1.dat"/prflset ( 4 deep )
/puzzlum-win32.exe/roe/startup/map:loader ".\gamedata\maps\Dire Dungeon 1.dat"/prflblnk ( 4 deep )
/puzzlum-win32.exe/roe/startup/map:loader ".\gamedata\maps\Dire Dungeon 1.dat"/prflblnk ( 4 deep )
/puzzlum-win32.exe/roe/startup/map:loader ".\gamedata\maps\Dire Dungeon 1.dat"/prflset ( 4 deep )
/puzzlum-win32.exe/roe/startup/map:loader ".\gamedata\maps\Dire Dungeon 1.dat"/prflblnk ( 4 deep )
/puzzlum-win32.exe/roe/startup/map:loader ".\gamedata\maps\Dire Dungeon 1.dat"/prflblnk ( 4 deep )
/puzzlum-win32.exe/roe/startup/map:loader ".\gamedata\maps\Dire Dungeon 1.dat"/prflset ( 4 deep )
/puzzlum-win32.exe/roe/startup/map:loader ".\gamedata\maps\Dire Dungeon 1.dat"/prflblnk ( 4 deep )
/puzzlum-win32.exe/roe/startup/map:loader ".\gamedata\maps\Dire Dungeon 1.dat"/prflblnk ( 4 deep )
/puzzlum-win32.exe/roe/startup/map:loader ".\gamedata\maps\Dire Dungeon 1.dat"/prflset ( 4 deep )
/puzzlum-win32.exe/roe/startup/map:loader ".\gamedata\maps\Dire Dungeon 1.dat"/prflblnk ( 4 deep )
/puzzlum-win32.exe/roe/startup/map:loader ".\gamedata\maps\Dire Dungeon 1.dat"/prflblnk ( 4 deep )
/puzzlum-win32.exe/roe/startup/map:loader ".\gamedata\maps\Dire Dungeon 1.dat"/prflset ( 4 deep )
/puzzlum-win32.exe/roe/startup/map:loader ".\gamedata\maps\Dire Dungeon 1.dat"/prflblnk ( 4 deep )
/puzzlum-win32.exe/roe/startup/map:loader ".\gamedata\maps\Dire Dungeon 1.dat"/prflblnk ( 4 deep )
/puzzlum-win32.exe/roe/startup/map:loader ".\gamedata\maps\Dire Dungeon 1.dat"/prflset ( 4 deep )
/puzzlum-win32.exe/roe/startup/map:loader ".\gamedata\maps\Dire Dungeon 1.dat"/prflblnk ( 4 deep )
/puzzlum-win32.exe/roe/startup/map:loader ".\gamedata\maps\Dire Dungeon 1.dat"/prflblnk ( 4 deep )
/puzzlum-win32.exe/roe/startup/map:loader ".\gamedata\maps\Dire Dungeon 1.dat"/prflset ( 4 deep )
/puzzlum-win32.exe/roe/startup/map:loader ".\gamedata\maps\Dire Dungeon 1.dat"/prflblnk ( 4 deep )
/puzzlum-win32.exe/roe/startup/map:loader ".\gamedata\maps\Dire Dungeon 1.dat"/prflblnk ( 4 deep )
/puzzlum-win32.exe/roe/startup/map:loader ".\gamedata\maps\Dire Dungeon 1.dat"/prflset ( 4 deep )
/puzzlum-win32.exe/roe/startup/map:loader ".\gamedata\maps\Dire Dungeon 1.dat"/prflblnk ( 4 deep )
/puzzlum-win32.exe/roe/startup/map:loader ".\gamedata\maps\Dire Dungeon 1.dat"/prflblnk ( 4 deep )
/puzzlum-win32.exe/roe/startup/map:loader ".\gamedata\maps\Dire Dungeon 1.dat"/prflset ( 4 deep )
/puzzlum-win32.exe/roe/startup/map:loader ".\gamedata\maps\Dire Dungeon 1.dat"/prflblnk ( 4 deep )
/puzzlum-win32.exe/roe/startup/map:loader ".\gamedata\maps\Dire Dungeon 1.dat"/prflblnk ( 4 deep )
/puzzlum-win32.exe/roe/startup/map:loader ".\gamedata\maps\Dire Dungeon 1.dat"/prflset ( 4 deep )
/puzzlum-win32.exe/roe/startup/map:loader ".\gamedata\maps\Dire Dungeon 1.dat"/prflblnk ( 4 deep )
/puzzlum-win32.exe/roe/startup/map:loader ".\gamedata\maps\Dire Dungeon 1.dat"/prflblnk ( 4 deep )
/puzzlum-win32.exe/roe/startup/map:loader ".\gamedata\maps\Dire Dungeon 1.dat"/prflset ( 4 deep )
/puzzlum-win32.exe/roe/startup/map:loader ".\gamedata\maps\Dire Dungeon 1.dat"/prflblnk ( 4 deep )
/puzzlum-win32.exe/roe/startup/map:loader ".\gamedata\maps\Dire Dungeon 1.dat"/prflblnk ( 4 deep )
/puzzlum-win32.exe/roe/startup/map:loader ".\gamedata\maps\Dire Dungeon 1.dat"/prflset ( 4 deep )
/puzzlum-win32.exe/roe/startup/map:loader ".\gamedata\maps\Dire Dungeon 1.dat"/prflblnk ( 4 deep )
/puzzlum-win32.exe/roe/startup/map:loader ".\gamedata\maps\Dire Dungeon 1.dat"/prflblnk ( 4 deep )
/puzzlum-win32.exe/roe/startup/map:loader ".\gamedata\maps\Dire Dungeon 1.dat"/prflset ( 4 deep )
/puzzlum-win32.exe/roe/startup/map:loader ".\gamedata\maps\Dire Dungeon 1.dat"/prflblnk ( 4 deep )
/puzzlum-win32.exe/roe/startup/map:loader ".\gamedata\maps\Dire Dungeon 1.dat"/prflblnk ( 4 deep )
/puzzlum-win32.exe/roe/startup/map:loader ".\gamedata\maps\Dire Dungeon 1.dat"/prflset ( 4 deep )
/puzzlum-win32.exe/roe/startup/map:loader ".\gamedata\maps\Dire Dungeon 1.dat"/prflblnk ( 4 deep )
/puzzlum-win32.exe/roe/startup/map:loader ".\gamedata\maps\Dire Dungeon 1.dat"/prflblnk ( 4 deep )
/puzzlum-win32.exe/roe/startup/map:loader ".\gamedata\maps\Dire Dungeon 1.dat"/prflset ( 4 deep )
/puzzlum-win32.exe/roe/startup/map:loader ".\gamedata\maps\Dire Dungeon 1.dat"/prflblnk ( 4 deep )
/puzzlum-win32.exe/roe/startup/map:loader ".\gamedata\maps\Dire Dungeon 1.dat"/prflblnk ( 4 deep )
/puzzlum-win32.exe/roe/startup/map:loader ".\gamedata\maps\Dire Dungeon 1.dat"/prflset ( 4 deep )
/puzzlum-win32.exe/roe/startup/map:loader ".\gamedata\maps\Dire Dungeon 1.dat"/prflblnk ( 4 deep )
/puzzlum-win32.exe/roe/startup/map:loader ".\gamedata\maps\Dire Dungeon 1.dat"/prflblnk ( 4 deep )
/puzzlum-win32.exe/roe/startup/map:loader ".\gamedata\maps\Dire Dungeon 1.dat"/prflset ( 4 deep )
/puzzlum-win32.exe/roe/startup/map:loader ".\gamedata\maps\Dire Dungeon 1.dat"/prflblnk ( 4 deep )
/puzzlum-win32.exe/roe/startup/map:loader ".\gamedata\maps\Dire Dungeon 1.dat"/prflblnk ( 4 deep )
/puzzlum-win32.exe/roe/startup/map:loader ".\gamedata\maps\Dire Dungeon 1.dat"/prflset ( 4 deep )
/puzzlum-win32.exe/roe/startup/map:loader ".\gamedata\maps\Dire Dungeon 1.dat"/prflblnk ( 4 deep )
/puzzlum-win32.exe/roe/startup/map:loader ".\gamedata\maps\Dire Dungeon 1.dat"/prflblnk ( 4 deep )
/puzzlum-win32.exe/roe/startup/map:loader ".\gamedata\maps\Dire Dungeon 1.dat"/prflset ( 4 deep )
/puzzlum-win32.exe/roe/startup/map:loader ".\gamedata\maps\Dire Dungeon 1.dat"/prflblnk ( 4 deep )
/puzzlum-win32.exe/roe/startup/map:loader ".\gamedata\maps\Dire Dungeon 1.dat"/prflblnk ( 4 deep )
/puzzlum-win32.exe/roe/startup/map:loader ".\gamedata\maps\Dire Dungeon 1.dat"/prflset ( 4 deep )
/puzzlum-win32.exe/roe/startup/map:loader ".\gamedata\maps\Dire Dungeon 1.dat"/prflblnk ( 4 deep )
/puzzlum-win32.exe/roe/startup/map:loader ".\gamedata\maps\Dire Dungeon 1.dat"/prflblnk ( 4 deep )
/puzzlum-win32.exe/roe/startup/map:loader ".\gamedata\maps\Dire Dungeon 1.dat"/prflset ( 4 deep )
/puzzlum-win32.exe/roe/startup/map:loader ".\gamedata\maps\Dire Dungeon 1.dat"/prflblnk ( 4 deep )
/puzzlum-win32.exe/roe/startup/map:loader ".\gamedata\maps\Dire Dungeon 1.dat"/prflblnk ( 4 deep )
/puzzlum-win32.exe/roe/startup/map:loader ".\gamedata\maps\Dire Dungeon 1.dat"/prflset ( 4 deep )
/puzzlum-win32.exe/roe/startup/map:loader ".\gamedata\maps\Dire Dungeon 1.dat"/prflblnk ( 4 deep )
/puzzlum-win32.exe/roe/startup/map:loader ".\gamedata\maps\Dire Dungeon 1.dat"/prflblnk ( 4 deep )
/puzzlum-win32.exe/roe/startup/map:loader ".\gamedata\maps\Dire Dungeon 1.dat"/prflset ( 4 deep )
/puzzlum-win32.exe/roe/startup/map:loader ".\gamedata\maps\Dire Dungeon 1.dat"/prflblnk ( 4 deep )
/puzzlum-win32.exe/roe/startup/map:loader ".\gamedata\maps\Dire Dungeon 1.dat"/prflblnk ( 4 deep )
/puzzlum-win32.exe/roe/startup/map:loader ".\gamedata\maps\Dire Dungeon 1.dat"/prflset ( 4 deep )
/puzzlum-win32.exe/roe/startup/map:loader ".\gamedata\maps\Dire Dungeon 1.dat"/prflblnk ( 4 deep )
/puzzlum-win32.exe/roe/startup/map:loader ".\gamedata\maps\Dire Dungeon 1.dat"/prflblnk ( 4 deep )
/puzzlum-win32.exe/roe/startup/map:loader ".\gamedata\maps\Dire Dungeon 1.dat"/prflset ( 4 deep )
/puzzlum-win32.exe/roe/startup/map:loader ".\gamedata\maps\Dire Dungeon 1.dat"/prflblnk ( 4 deep )
/puzzlum-win32.exe/roe/startup/map:loader ".\gamedata\maps\Dire Dungeon 1.dat"/prflblnk ( 4 deep )
/puzzlum-win32.exe/roe/startup/map:loader ".\gamedata\maps\Dire Dungeon 1.dat"/prflset ( 4 deep )
/puzzlum-win32.exe/roe/startup/map:loader ".\gamedata\maps\Dire Dungeon 1.dat"/prflblnk ( 4 deep )
/puzzlum-win32.exe/roe/startup/map:loader ".\gamedata\maps\Dire Dungeon 1.dat"/prflblnk ( 4 deep )
/puzzlum-win32.exe/roe/startup/map:loader ".\gamedata\maps\Dire Dungeon 1.dat"/prflset ( 4 deep )
/puzzlum-win32.exe/roe/startup/map:loader ".\gamedata\maps\Dire Dungeon 1.dat"/prflblnk ( 4 deep )
/puzzlum-win32.exe/roe/startup/map:loader ".\gamedata\maps\Dire Dungeon 1.dat"/prflblnk ( 4 deep )
/puzzlum-win32.exe/roe/startup/map:loader ".\gamedata\maps\Dire Dungeon 1.dat"/prflset ( 4 deep )
/puzzlum-win32.exe/roe/startup/map:loader ".\gamedata\maps\Dire Dungeon 1.dat"/prflblnk ( 4 deep )
/puzzlum-win32.exe/roe/startup/map:loader ".\gamedata\maps\Dire Dungeon 1.dat"/prflblnk ( 4 deep )
/puzzlum-win32.exe/roe/startup/map:loader ".\gamedata\maps\Dire Dungeon 1.dat"/prflset ( 4 deep )
/puzzlum-win32.exe/roe/startup/map:loader ".\gamedata\maps\Dire Dungeon 1.dat"/prflblnk ( 4 deep )
/puzzlum-win32.exe/roe/startup/map:loader ".\gamedata\maps\Dire Dungeon 1.dat"/prflblnk ( 4 deep )
/puzzlum-win32.exe/roe/startup/map:loader ".\gamedata\maps\Dire Dungeon 1.dat"/prflset ( 4 deep )
/puzzlum-win32.exe/roe/startup/map:loader ".\gamedata\maps\Dire Dungeon 1.dat"/prflblnk ( 4 deep )
/puzzlum-win32.exe/roe/startup/map:loader ".\gamedata\maps\Dire Dungeon 1.dat"/prflblnk ( 4 deep )
/puzzlum-win32.exe/roe/startup/map:loader ".\gamedata\maps\Dire Dungeon 1.dat"/prflset ( 4 deep )
/puzzlum-win32.exe/roe/startup/map:loader ".\gamedata\maps\Dire Dungeon 1.dat"/prflblnk ( 4 deep )
/puzzlum-win32.exe/roe/startup/map:loader ".\gamedata\maps\Dire Dungeon 1.dat"/prflblnk ( 4 deep )
/puzzlum-win32.exe/roe/startup/map:loader ".\gamedata\maps\Dire Dungeon 1.dat"/prflset ( 4 deep )
/puzzlum-win32.exe/roe/startup/map:loader ".\gamedata\maps\Dire Dungeon 1.dat"/prflblnk ( 4 deep )
/puzzlum-win32.exe/roe/startup/map:loader ".\gamedata\maps\Dire Dungeon 1.dat"/prflblnk ( 4 deep )
/puzzlum-win32.exe/roe/startup/map:loader ".\gamedata\maps\Dire Dungeon 1.dat"/prflset ( 4 deep )
/puzzlum-win32.exe/roe/startup/map:loader ".\gamedata\maps\Dire Dungeon 1.dat"/prflblnk ( 4 deep )
/puzzlum-win32.exe/roe/startup/map:loader ".\gamedata\maps\Dire Dungeon 1.dat"/prflblnk ( 4 deep )
/puzzlum-win32.exe/roe/startup/map:loader ".\gamedata\maps\Dire Dungeon 1.dat"/prflset ( 4 deep )
/puzzlum-win32.exe/roe/startup/map:loader ".\gamedata\maps\Dire Dungeon 1.dat"/prflblnk ( 4 deep )
/puzzlum-win32.exe/roe/startup/map:loader ".\gamedata\maps\Dire Dungeon 1.dat"/prflblnk ( 4 deep )
/puzzlum-win32.exe/roe/startup/map:loader ".\gamedata\maps\Dire Dungeon 1.dat"/prflset ( 4 deep )
/puzzlum-win32.exe/roe/startup/map:loader ".\gamedata\maps\Dire Dungeon 1.dat"/prflblnk ( 4 deep )
/puzzlum-win32.exe/roe/startup/map:loader ".\gamedata\maps\Dire Dungeon 1.dat"/prflblnk ( 4 deep )
/puzzlum-win32.exe/roe/startup/map:loader ".\gamedata\maps\Dire Dungeon 1.dat"/prflset ( 4 deep )
/puzzlum-win32.exe/roe/startup/map:loader ".\gamedata\maps\Dire Dungeon 1.dat"/prflblnk ( 4 deep )
/puzzlum-win32.exe/roe/startup/map:loader ".\gamedata\maps\Dire Dungeon 1.dat"/prflblnk ( 4 deep )
/puzzlum-win32.exe/roe/startup/map:loader ".\gamedata\maps\Dire Dungeon 1.dat"/prflset ( 4 deep )
/puzzlum-win32.exe/roe/startup/map:loader ".\gamedata\maps\Dire Dungeon 1.dat"/prflblnk ( 4 deep )
/puzzlum-win32.exe/roe/startup/map:loader ".\gamedata\maps\Dire Dungeon 1.dat"/prflblnk ( 4 deep )
/puzzlum-win32.exe/roe/startup/map:loader ".\gamedata\maps\Dire Dungeon 1.dat"/prflset ( 4 deep )
/puzzlum-win32.exe/roe/startup/map:loader ".\gamedata\maps\Dire Dungeon 1.dat"/prflblnk ( 4 deep )
/puzzlum-win32.exe/roe/startup/map:loader ".\gamedata\maps\Dire Dungeon 1.dat"/prflblnk ( 4 deep )
/puzzlum-win32.exe/roe/startup/map:loader ".\gamedata\maps\Dire Dungeon 1.dat"/prflset ( 4 deep )
/puzzlum-win32.exe/roe/startup/map:loader ".\gamedata\maps\Dire Dungeon 1.dat"/prflblnk ( 4 deep )
/puzzlum-win32.exe/roe/startup/map:loader ".\gamedata\maps\Dire Dungeon 1.dat"/prflblnk ( 4 deep )
/puzzlum-win32.exe/roe/startup/map:loader ".\gamedata\maps\Dire Dungeon 1.dat"/prflset ( 4 deep )
/puzzlum-win32.exe/roe/startup/map:loader ".\gamedata\maps\Dire Dungeon 1.dat"/prflblnk ( 4 deep )
/puzzlum-win32.exe/roe/startup/map:loader ".\gamedata\maps\Dire Dungeon 1.dat"/prflblnk ( 4 deep )
/puzzlum-win32.exe/roe/startup/map:loader ".\gamedata\maps\Dire Dungeon 1.dat"/prflset ( 4 deep )
/puzzlum-win32.exe/roe/startup/map:loader ".\gamedata\maps\Dire Dungeon 1.dat"/prflblnk ( 4 deep )
/puzzlum-win32.exe/roe/startup/map:loader ".\gamedata\maps\Dire Dungeon 1.dat"/prflblnk ( 4 deep )
/puzzlum-win32.exe/roe/startup/map:loader ".\gamedata\maps\Dire Dungeon 1.dat"/prflset ( 4 deep )
/puzzlum-win32.exe/roe/startup/map:loader ".\gamedata\maps\Dire Dungeon 1.dat"/prflblnk ( 4 deep )
/puzzlum-win32.exe/roe/startup/map:loader ".\gamedata\maps\Dire Dungeon 1.dat"/prflblnk ( 4 deep )
/puzzlum-win32.exe/roe/startup/map:loader ".\gamedata\maps\Dire Dungeon 1.dat"/prflset ( 4 deep )
/puzzlum-win32.exe/roe/startup/map:loader ".\gamedata\maps\Dire Dungeon 1.dat"/prflblnk ( 4 deep )
/puzzlum-win32.exe/roe/startup/map:loader ".\gamedata\maps\Dire Dungeon 1.dat"/prflblnk ( 4 deep )
/puzzlum-win32.exe/roe/startup/map:loader ".\gamedata\maps\Dire Dungeon 1.dat"/prflset ( 4 deep )
/puzzlum-win32.exe/roe/startup/map:loader ".\gamedata\maps\Dire Dungeon 1.dat"/prflblnk ( 4 deep )
/puzzlum-win32.exe/roe/startup/map:loader ".\gamedata\maps\Dire Dungeon 1.dat"/prflblnk ( 4 deep )
/puzzlum-win32.exe/roe/startup/map:loader ".\gamedata\maps\Dire Dungeon 1.dat"/prflset ( 4 deep )
/puzzlum-win32.exe/roe/startup/map:loader ".\gamedata\maps\Dire Dungeon 1.dat"/prflblnk ( 4 deep )
/puzzlum-win32.exe/roe/startup/map:loader ".\gamedata\maps\Dire Dungeon 1.dat"/prflblnk ( 4 deep )
/puzzlum-win32.exe/roe/startup/map:loader ".\gamedata\maps\Dire Dungeon 1.dat"/prflset ( 4 deep )
/puzzlum-win32.exe/roe/startup/map:loader ".\gamedata\maps\Dire Dungeon 1.dat"/prflblnk ( 4 deep )
/puzzlum-win32.exe/roe/startup/map:loader ".\gamedata\maps\Dire Dungeon 1.dat"/prflblnk ( 4 deep )
/puzzlum-win32.exe/roe/startup/map:loader ".\gamedata\maps\Dire Dungeon 1.dat"/prflset ( 4 deep )
/puzzlum-win32.exe/roe/startup/map:loader ".\gamedata\maps\Dire Dungeon 1.dat"/prflblnk ( 4 deep )
/puzzlum-win32.exe/roe/startup/map:loader ".\gamedata\maps\Dire Dungeon 1.dat"/prflblnk ( 4 deep )
/puzzlum-win32.exe/roe/startup/map:loader ".\gamedata\maps\Dire Dungeon 1.dat"/prflset ( 4 deep )
/puzzlum-win32.exe/roe/startup/map:loader ".\gamedata\maps\Dire Dungeon 1.dat"/prflblnk ( 4 deep )
/puzzlum-win32.exe/roe/startup/map:loader ".\gamedata\maps\Dire Dungeon 1.dat"/prflblnk ( 4 deep )
/puzzlum-win32.exe/roe/startup/map:loader ".\gamedata\maps\Dire Dungeon 1.dat"/prflset ( 4 deep )
/puzzlum-win32.exe/roe/startup/map:loader ".\gamedata\maps\Dire Dungeon 1.dat"/prflblnk ( 4 deep )
/puzzlum-win32.exe/roe/startup/map:loader ".\gamedata\maps\Dire Dungeon 1.dat"/prflblnk ( 4 deep )
/puzzlum-win32.exe/roe/startup/map:loader ".\gamedata\maps\Dire Dungeon 1.dat"/prflset ( 4 deep )
/puzzlum-win32.exe/roe/startup/map:loader ".\gamedata\maps\Dire Dungeon 1.dat"/prflblnk ( 4 deep )
/puzzlum-win32.exe/roe/startup/map:loader ".\gamedata\maps\Dire Dungeon 1.dat"/prflblnk ( 4 deep )
/puzzlum-win32.exe/roe/startup/map:loader ".\gamedata\maps\Dire Dungeon 1.dat"/prflset ( 4 deep )
/puzzlum-win32.exe/roe/startup/map:loader ".\gamedata\maps\Dire Dungeon 1.dat"/prflblnk ( 4 deep )
/puzzlum-win32.exe/roe/startup/map:loader ".\gamedata\maps\Dire Dungeon 1.dat"/prflblnk ( 4 deep )
/puzzlum-win32.exe/roe/startup/map:loader ".\gamedata\maps\Dire Dungeon 1.dat"/prflset ( 4 deep )
/puzzlum-win32.exe/roe/startup/map:loader ".\gamedata\maps\Dire Dungeon 1.dat"/prflblnk ( 4 deep )
/puzzlum-win32.exe/roe/startup/map:loader ".\gamedata\maps\Dire Dungeon 1.dat"/prflblnk ( 4 deep )
/puzzlum-win32.exe/roe/startup/map:loader ".\gamedata\maps\Dire Dungeon 1.dat"/prflset ( 4 deep )
/puzzlum-win32.exe/roe/startup/map:loader ".\gamedata\maps\Dire Dungeon 1.dat"/prflblnk ( 4 deep )
/puzzlum-win32.exe/roe/startup/map:loader ".\gamedata\maps\Dire Dungeon 1.dat"/prflblnk ( 4 deep )
/puzzlum-win32.exe/roe/startup/map:loader ".\gamedata\maps\Dire Dungeon 1.dat"/prflset ( 4 deep )
/puzzlum-win32.exe/roe/startup/map:loader ".\gamedata\maps\Dire Dungeon 1.dat"/prflblnk ( 4 deep )
/puzzlum-win32.exe/roe/startup/map:loader ".\gamedata\maps\Dire Dungeon 1.dat"/prflblnk ( 4 deep )
/puzzlum-win32.exe/roe/startup/map:loader ".\gamedata\maps\Dire Dungeon 1.dat"/prflset ( 4 deep )
/puzzlum-win32.exe/roe/startup/map:loader ".\gamedata\maps\Dire Dungeon 1.dat"/prflblnk ( 4 deep )
/puzzlum-win32.exe/roe/startup/map:loader ".\gamedata\maps\Dire Dungeon 1.dat"/prflblnk ( 4 deep )
/puzzlum-win32.exe/roe/startup/map:loader ".\gamedata\maps\Dire Dungeon 1.dat"/prflset ( 4 deep )
/puzzlum-win32.exe/roe/startup/map:loader ".\gamedata\maps\Dire Dungeon 1.dat"/prflblnk ( 4 deep )
/puzzlum-win32.exe/roe/startup/map:loader ".\gamedata\maps\Dire Dungeon 1.dat"/prflblnk ( 4 deep )
/puzzlum-win32.exe/roe/startup/map:loader ".\gamedata\maps\Dire Dungeon 1.dat"/prflset ( 4 deep )
/puzzlum-win32.exe/roe/startup/map:loader ".\gamedata\maps\Dire Dungeon 1.dat"/prflblnk ( 4 deep )
/puzzlum-win32.exe/roe/startup/map:loader ".\gamedata\maps\Dire Dungeon 1.dat"/prflblnk ( 4 deep )
/puzzlum-win32.exe/roe/startup/map:loader ".\gamedata\maps\Dire Dungeon 1.dat"/prflset ( 4 deep )
/puzzlum-win32.exe/roe/startup/map:loader ".\gamedata\maps\Dire Dungeon 1.dat"/prflblnk ( 4 deep )
/puzzlum-win32.exe/roe/startup/map:loader ".\gamedata\maps\Dire Dungeon 1.dat"/prflblnk ( 4 deep )
/puzzlum-win32.exe/roe/startup/map:loader ".\gamedata\maps\Dire Dungeon 1.dat"/prflset ( 4 deep )
/puzzlum-win32.exe/roe/startup/map:loader ".\gamedata\maps\Dire Dungeon 1.dat"/prflblnk ( 4 deep )
/puzzlum-win32.exe/roe/startup/map:loader ".\gamedata\maps\Dire Dungeon 1.dat"/prflblnk ( 4 deep )
/puzzlum-win32.exe/roe/startup/map:loader ".\gamedata\maps\Dire Dungeon 1.dat"/prflset ( 4 deep )
/puzzlum-win32.exe/roe/startup/map:loader ".\gamedata\maps\Dire Dungeon 1.dat"/prflblnk ( 4 deep )
/puzzlum-win32.exe/roe/startup/map:loader ".\gamedata\maps\Dire Dungeon 1.dat"/prflblnk ( 4 deep )
/puzzlum-win32.exe/roe/startup/map:loader ".\gamedata\maps\Dire Dungeon 1.dat"/prflset ( 4 deep )
/puzzlum-win32.exe/roe/splash ( 2 deep )
/puzzlum-win32.exe/roe/command ( 2 deep )
/puzzlum-win32.exe/roe/command3 ( 2 deep )
/puzzlum-win32.exe/roe/main ( 2 deep )
/puzzlum-win32.exe/roe/splash ( 2 deep )
