 
===[ Puzzlum-Win32 ]==[ FreeBASIC x86 Linker Utility ]=== 
 
===[ Puzzlum / Common ]==[ Win32 Static Library ]=== 
 
===[ Puzzlum / Central Debug ]==[ Win32 Static Library ]=== 
 
===[ Puzzlum / VGA Table ]==[ Win32 Static Library ]=== 
 
===[ Names Table ]==[ Win32 Static Library ]=== 
 
===[ Composite Layer Video ]==[ Win32 Static Library ]=== 
 
===[ FBImage ]==[ Win32 Static Library ]=== 
 
===[ Puzzlum / Outro ]==[ Win32 Static Library ]=== 
puzzlum-outro.bas(548) warning 36(1): Mismatching parameter initializer, at parameter 1 (col) of progress_bar()
puzzlum-outro.bas(548) warning 36(1): Mismatching parameter initializer, at parameter 2 (row) of progress_bar()
 
===[ Puzzlum / Vars ]==[ Win32 Static Library ]=== 
 
===[ Puzzlum / Subs ]==[ Win32 Static Library ]=== 
puzzlum-subs.bas(807) warning 36(1): Mismatching parameter initializer, at parameter 1 (attk) of ln_attk_table()
puzzlum-subs.bas(3895) warning 36(1): Mismatching parameter initializer, at parameter 1 (filename) of savegame_save()
puzzlum-subs.bas(3904) warning 36(1): Mismatching parameter initializer, at parameter 1 (filename) of savegame_load()
puzzlum-subs.bas(3913) warning 36(1): Mismatching parameter initializer, at parameter 1 (KeyPress) of Compare_Key()
puzzlum-subs.bas(3913) warning 36(1): Mismatching parameter initializer, at parameter 2 (Comparison) of Compare_Key()
puzzlum-subs.bas(3943) warning 36(1): Mismatching parameter initializer, at parameter 1 (subject) of stripquotes()
puzzlum-subs.bas(3956) warning 36(1): Mismatching parameter initializer, at parameter 1 (subject) of KeySet()
puzzlum-subs.bas(4033) warning 36(1): Mismatching parameter initializer, at parameter 1 (target) of central_call()
puzzlum-subs.bas(4294) warning 36(1): Mismatching parameter initializer, at parameter 1 (target) of central()
puzzlum-subs.bas(4311) warning 36(1): Mismatching parameter initializer, at parameter 1 (target) of central()
puzzlum-subs.bas(4330) warning 36(1): Mismatching parameter initializer, at parameter 1 (target) of central()
puzzlum-subs.bas(4349) warning 36(1): Mismatching parameter initializer, at parameter 1 (target) of central()
puzzlum-subs.bas(4364) warning 36(1): Mismatching parameter initializer, at parameter 1 (target) of central()
puzzlum-subs.bas(4381) warning 36(1): Mismatching parameter initializer, at parameter 1 (target) of central()
puzzlum-subs.bas(4396) warning 36(1): Mismatching parameter initializer, at parameter 1 (target) of central()
puzzlum-subs.bas(4411) warning 36(1): Mismatching parameter initializer, at parameter 1 (target) of central()
puzzlum-subs.bas(4426) warning 36(1): Mismatching parameter initializer, at parameter 1 (target) of central()
puzzlum-subs.bas(4443) warning 36(1): Mismatching parameter initializer, at parameter 1 (target) of central()
puzzlum-subs.bas(4443) warning 36(1): Mismatching parameter initializer, at parameter 2 (attk) of central()
puzzlum-subs.bas(4551) warning 36(1): Mismatching parameter initializer, at parameter 1 (caption) of report_caption()
puzzlum-subs.bas(4585) warning 36(1): Mismatching parameter initializer, at parameter 1 (filename) of names_dumper()
puzzlum-subs.bas(4650) warning 36(1): Mismatching parameter initializer, at parameter 1 (target) of central_loader()
puzzlum-subs.bas(4782) warning 36(1): Mismatching parameter initializer, at parameter 1 (subject) of text_out()
puzzlum-subs.bas(4815) warning 36(1): Mismatching parameter initializer, at parameter 1 (tag) of cleantag()
 
===[ Puzzlum / Maps ]==[ Win32 Static Library ]=== 
 
===[ Puzzlum / Test ]==[ Win32 Static Library ]=== 
 
===[ Puzzlum / Main ]==[ 32bit Windows Binary ]=== 
 
===[ Now attempting to load the "puzzlum-win32" executable.. ]=== 
